CRITICAL - 2023-11-20 04:03:30 --> Invalid file: "welcome_message.php"
in SYSTEMPATH\Exceptions\FrameworkException.php on line 39.
 1 SYSTEMPATH\View\View.php(216): CodeIgniter\Exceptions\FrameworkException::forInvalidFile('welcome_message.php')
 2 SYSTEMPATH\Common.php(1190): CodeIgniter\View\View->render('welcome_message', [], true)
 3 APPPATH\Controllers\Home.php(9): view('welcome_message')
 4 SYSTEMPATH\CodeIgniter.php(942): App\Controllers\Home->index()
 5 SYSTEMPATH\CodeIgniter.php(502): CodeIgniter\CodeIgniter->runController(Object(App\Controllers\Home))
 6 SYSTEMPATH\CodeIgniter.php(361): CodeIgniter\CodeIgniter->handleRequest(null, Object(Config\Cache), false)
 7 FCPATH\index.php(79): CodeIgniter\CodeIgniter->run()
 8 SYSTEMPATH\Commands\Server\rewrite.php(47): require_once('C:\\Users\\IsaacLozoya\\Desktop\\Control Escolar VERSION GIT\\ControlEscolarWA-main\\public\\index.php')
INFO - 2023-11-20 04:03:36 --> Session: Class initialized using 'CodeIgniter\Session\Handlers\FileHandler' driver.
WARNING - 2023-11-20 04:03:36 --> [DEPRECATED] Creation of dynamic property App\Controllers\ControladorLogin::$session is deprecated in APPPATH\Controllers\ControladorLogin.php on line 15.
 1 SYSTEMPATH\CodeIgniter.php(914): App\Controllers\ControladorLogin->__construct()
 2 SYSTEMPATH\CodeIgniter.php(493): CodeIgniter\CodeIgniter->createController()
 3 SYSTEMPATH\CodeIgniter.php(361): CodeIgniter\CodeIgniter->handleRequest(null, Object(Config\Cache), false)
 4 FCPATH\index.php(79): CodeIgniter\CodeIgniter->run()
 5 SYSTEMPATH\Commands\Server\rewrite.php(47): require_once('C:\\Users\\IsaacLozoya\\Desktop\\Control Escolar VERSION GIT\\ControlEscolarWA-main\\public\\index.php')
INFO - 2023-11-20 04:03:37 --> Session: Class initialized using 'CodeIgniter\Session\Handlers\FileHandler' driver.
WARNING - 2023-11-20 04:03:37 --> [DEPRECATED] Creation of dynamic property App\Controllers\ControladorLogin::$session is deprecated in APPPATH\Controllers\ControladorLogin.php on line 15.
 1 SYSTEMPATH\CodeIgniter.php(914): App\Controllers\ControladorLogin->__construct()
 2 SYSTEMPATH\CodeIgniter.php(493): CodeIgniter\CodeIgniter->createController()
 3 SYSTEMPATH\CodeIgniter.php(361): CodeIgniter\CodeIgniter->handleRequest(null, Object(Config\Cache), false)
 4 FCPATH\index.php(79): CodeIgniter\CodeIgniter->run()
 5 SYSTEMPATH\Commands\Server\rewrite.php(47): require_once('C:\\Users\\IsaacLozoya\\Desktop\\Control Escolar VERSION GIT\\ControlEscolarWA-main\\public\\index.php')
INFO - 2023-11-20 04:03:43 --> Session: Class initialized using 'CodeIgniter\Session\Handlers\FileHandler' driver.
WARNING - 2023-11-20 04:03:43 --> [DEPRECATED] Creation of dynamic property App\Controllers\ControladorLogin::$session is deprecated in APPPATH\Controllers\ControladorLogin.php on line 15.
 1 SYSTEMPATH\CodeIgniter.php(914): App\Controllers\ControladorLogin->__construct()
 2 SYSTEMPATH\CodeIgniter.php(493): CodeIgniter\CodeIgniter->createController()
 3 SYSTEMPATH\CodeIgniter.php(361): CodeIgniter\CodeIgniter->handleRequest(null, Object(Config\Cache), false)
 4 FCPATH\index.php(79): CodeIgniter\CodeIgniter->run()
 5 SYSTEMPATH\Commands\Server\rewrite.php(47): require_once('C:\\Users\\IsaacLozoya\\Desktop\\Control Escolar VERSION GIT\\ControlEscolarWA-main\\public\\index.php')
INFO - 2023-11-20 04:03:44 --> Session: Class initialized using 'CodeIgniter\Session\Handlers\FileHandler' driver.
WARNING - 2023-11-20 04:03:44 --> [DEPRECATED] Creation of dynamic property App\Controllers\ControladorLogin::$session is deprecated in APPPATH\Controllers\ControladorLogin.php on line 15.
 1 SYSTEMPATH\CodeIgniter.php(914): App\Controllers\ControladorLogin->__construct()
 2 SYSTEMPATH\CodeIgniter.php(493): CodeIgniter\CodeIgniter->createController()
 3 SYSTEMPATH\CodeIgniter.php(361): CodeIgniter\CodeIgniter->handleRequest(null, Object(Config\Cache), false)
 4 FCPATH\index.php(79): CodeIgniter\CodeIgniter->run()
 5 SYSTEMPATH\Commands\Server\rewrite.php(47): require_once('C:\\Users\\IsaacLozoya\\Desktop\\Control Escolar VERSION GIT\\ControlEscolarWA-main\\public\\index.php')
INFO - 2023-11-20 04:03:51 --> Session: Class initialized using 'CodeIgniter\Session\Handlers\FileHandler' driver.
WARNING - 2023-11-20 04:03:51 --> [DEPRECATED] Creation of dynamic property App\Controllers\ControladorLogin::$session is deprecated in APPPATH\Controllers\ControladorLogin.php on line 15.
 1 SYSTEMPATH\CodeIgniter.php(914): App\Controllers\ControladorLogin->__construct()
 2 SYSTEMPATH\CodeIgniter.php(493): CodeIgniter\CodeIgniter->createController()
 3 SYSTEMPATH\CodeIgniter.php(361): CodeIgniter\CodeIgniter->handleRequest(null, Object(Config\Cache), false)
 4 FCPATH\index.php(79): CodeIgniter\CodeIgniter->run()
 5 SYSTEMPATH\Commands\Server\rewrite.php(47): require_once('C:\\Users\\IsaacLozoya\\Desktop\\Control Escolar VERSION GIT\\ControlEscolarWA-main\\public\\index.php')
INFO - 2023-11-20 04:03:57 --> Session: Class initialized using 'CodeIgniter\Session\Handlers\FileHandler' driver.
WARNING - 2023-11-20 04:03:57 --> [DEPRECATED] Creation of dynamic property App\Controllers\ControladorLogin::$session is deprecated in APPPATH\Controllers\ControladorLogin.php on line 15.
 1 SYSTEMPATH\CodeIgniter.php(914): App\Controllers\ControladorLogin->__construct()
 2 SYSTEMPATH\CodeIgniter.php(493): CodeIgniter\CodeIgniter->createController()
 3 SYSTEMPATH\CodeIgniter.php(361): CodeIgniter\CodeIgniter->handleRequest(null, Object(Config\Cache), false)
 4 FCPATH\index.php(79): CodeIgniter\CodeIgniter->run()
 5 SYSTEMPATH\Commands\Server\rewrite.php(47): require_once('C:\\Users\\IsaacLozoya\\Desktop\\Control Escolar VERSION GIT\\ControlEscolarWA-main\\public\\index.php')
INFO - 2023-11-20 04:03:57 --> Session: Class initialized using 'CodeIgniter\Session\Handlers\FileHandler' driver.
WARNING - 2023-11-20 04:03:57 --> [DEPRECATED] Creation of dynamic property App\Controllers\ControladorLogin::$session is deprecated in APPPATH\Controllers\ControladorLogin.php on line 15.
 1 SYSTEMPATH\CodeIgniter.php(914): App\Controllers\ControladorLogin->__construct()
 2 SYSTEMPATH\CodeIgniter.php(493): CodeIgniter\CodeIgniter->createController()
 3 SYSTEMPATH\CodeIgniter.php(361): CodeIgniter\CodeIgniter->handleRequest(null, Object(Config\Cache), false)
 4 FCPATH\index.php(79): CodeIgniter\CodeIgniter->run()
 5 SYSTEMPATH\Commands\Server\rewrite.php(47): require_once('C:\\Users\\IsaacLozoya\\Desktop\\Control Escolar VERSION GIT\\ControlEscolarWA-main\\public\\index.php')
INFO - 2023-11-20 04:04:02 --> Session: Class initialized using 'CodeIgniter\Session\Handlers\FileHandler' driver.
WARNING - 2023-11-20 04:04:02 --> [DEPRECATED] Creation of dynamic property App\Controllers\ControladorAdmin::$session is deprecated in APPPATH\Controllers\ControladorAdmin.php on line 14.
 1 SYSTEMPATH\CodeIgniter.php(914): App\Controllers\ControladorAdmin->__construct()
 2 SYSTEMPATH\CodeIgniter.php(493): CodeIgniter\CodeIgniter->createController()
 3 SYSTEMPATH\CodeIgniter.php(361): CodeIgniter\CodeIgniter->handleRequest(null, Object(Config\Cache), false)
 4 FCPATH\index.php(79): CodeIgniter\CodeIgniter->run()
 5 SYSTEMPATH\Commands\Server\rewrite.php(47): require_once('C:\\Users\\IsaacLozoya\\Desktop\\Control Escolar VERSION GIT\\ControlEscolarWA-main\\public\\index.php')
INFO - 2023-11-20 04:04:07 --> Session: Class initialized using 'CodeIgniter\Session\Handlers\FileHandler' driver.
WARNING - 2023-11-20 04:04:07 --> [DEPRECATED] Creation of dynamic property App\Controllers\ControladorAdmin::$session is deprecated in APPPATH\Controllers\ControladorAdmin.php on line 14.
 1 SYSTEMPATH\CodeIgniter.php(914): App\Controllers\ControladorAdmin->__construct()
 2 SYSTEMPATH\CodeIgniter.php(493): CodeIgniter\CodeIgniter->createController()
 3 SYSTEMPATH\CodeIgniter.php(361): CodeIgniter\CodeIgniter->handleRequest(null, Object(Config\Cache), false)
 4 FCPATH\index.php(79): CodeIgniter\CodeIgniter->run()
 5 SYSTEMPATH\Commands\Server\rewrite.php(47): require_once('C:\\Users\\IsaacLozoya\\Desktop\\Control Escolar VERSION GIT\\ControlEscolarWA-main\\public\\index.php')
INFO - 2023-11-20 04:04:11 --> Session: Class initialized using 'CodeIgniter\Session\Handlers\FileHandler' driver.
WARNING - 2023-11-20 04:04:11 --> [DEPRECATED] Creation of dynamic property App\Controllers\ControladorAdmin::$session is deprecated in APPPATH\Controllers\ControladorAdmin.php on line 14.
 1 SYSTEMPATH\CodeIgniter.php(914): App\Controllers\ControladorAdmin->__construct()
 2 SYSTEMPATH\CodeIgniter.php(493): CodeIgniter\CodeIgniter->createController()
 3 SYSTEMPATH\CodeIgniter.php(361): CodeIgniter\CodeIgniter->handleRequest(null, Object(Config\Cache), false)
 4 FCPATH\index.php(79): CodeIgniter\CodeIgniter->run()
 5 SYSTEMPATH\Commands\Server\rewrite.php(47): require_once('C:\\Users\\IsaacLozoya\\Desktop\\Control Escolar VERSION GIT\\ControlEscolarWA-main\\public\\index.php')
INFO - 2023-11-20 04:04:15 --> Session: Class initialized using 'CodeIgniter\Session\Handlers\FileHandler' driver.
WARNING - 2023-11-20 04:04:15 --> [DEPRECATED] Creation of dynamic property App\Controllers\ControladorAdmin::$session is deprecated in APPPATH\Controllers\ControladorAdmin.php on line 14.
 1 SYSTEMPATH\CodeIgniter.php(914): App\Controllers\ControladorAdmin->__construct()
 2 SYSTEMPATH\CodeIgniter.php(493): CodeIgniter\CodeIgniter->createController()
 3 SYSTEMPATH\CodeIgniter.php(361): CodeIgniter\CodeIgniter->handleRequest(null, Object(Config\Cache), false)
 4 FCPATH\index.php(79): CodeIgniter\CodeIgniter->run()
 5 SYSTEMPATH\Commands\Server\rewrite.php(47): require_once('C:\\Users\\IsaacLozoya\\Desktop\\Control Escolar VERSION GIT\\ControlEscolarWA-main\\public\\index.php')
INFO - 2023-11-20 04:04:30 --> Session: Class initialized using 'CodeIgniter\Session\Handlers\FileHandler' driver.
WARNING - 2023-11-20 04:04:30 --> [DEPRECATED] Creation of dynamic property App\Controllers\ControladorAdmin::$session is deprecated in APPPATH\Controllers\ControladorAdmin.php on line 14.
 1 SYSTEMPATH\CodeIgniter.php(914): App\Controllers\ControladorAdmin->__construct()
 2 SYSTEMPATH\CodeIgniter.php(493): CodeIgniter\CodeIgniter->createController()
 3 SYSTEMPATH\CodeIgniter.php(361): CodeIgniter\CodeIgniter->handleRequest(null, Object(Config\Cache), false)
 4 FCPATH\index.php(79): CodeIgniter\CodeIgniter->run()
 5 SYSTEMPATH\Commands\Server\rewrite.php(47): require_once('C:\\Users\\IsaacLozoya\\Desktop\\Control Escolar VERSION GIT\\ControlEscolarWA-main\\public\\index.php')
INFO - 2023-11-20 04:04:31 --> Session: Class initialized using 'CodeIgniter\Session\Handlers\FileHandler' driver.
WARNING - 2023-11-20 04:04:31 --> [DEPRECATED] Creation of dynamic property App\Controllers\ControladorAdmin::$session is deprecated in APPPATH\Controllers\ControladorAdmin.php on line 14.
 1 SYSTEMPATH\CodeIgniter.php(914): App\Controllers\ControladorAdmin->__construct()
 2 SYSTEMPATH\CodeIgniter.php(493): CodeIgniter\CodeIgniter->createController()
 3 SYSTEMPATH\CodeIgniter.php(361): CodeIgniter\CodeIgniter->handleRequest(null, Object(Config\Cache), false)
 4 FCPATH\index.php(79): CodeIgniter\CodeIgniter->run()
 5 SYSTEMPATH\Commands\Server\rewrite.php(47): require_once('C:\\Users\\IsaacLozoya\\Desktop\\Control Escolar VERSION GIT\\ControlEscolarWA-main\\public\\index.php')
INFO - 2023-11-20 04:04:33 --> Session: Class initialized using 'CodeIgniter\Session\Handlers\FileHandler' driver.
WARNING - 2023-11-20 04:04:33 --> [DEPRECATED] Creation of dynamic property App\Controllers\ControladorAdmin::$session is deprecated in APPPATH\Controllers\ControladorAdmin.php on line 14.
 1 SYSTEMPATH\CodeIgniter.php(914): App\Controllers\ControladorAdmin->__construct()
 2 SYSTEMPATH\CodeIgniter.php(493): CodeIgniter\CodeIgniter->createController()
 3 SYSTEMPATH\CodeIgniter.php(361): CodeIgniter\CodeIgniter->handleRequest(null, Object(Config\Cache), false)
 4 FCPATH\index.php(79): CodeIgniter\CodeIgniter->run()
 5 SYSTEMPATH\Commands\Server\rewrite.php(47): require_once('C:\\Users\\IsaacLozoya\\Desktop\\Control Escolar VERSION GIT\\ControlEscolarWA-main\\public\\index.php')
INFO - 2023-11-20 04:04:37 --> Session: Class initialized using 'CodeIgniter\Session\Handlers\FileHandler' driver.
WARNING - 2023-11-20 04:04:37 --> [DEPRECATED] Creation of dynamic property App\Controllers\ControladorAdmin::$session is deprecated in APPPATH\Controllers\ControladorAdmin.php on line 14.
 1 SYSTEMPATH\CodeIgniter.php(914): App\Controllers\ControladorAdmin->__construct()
 2 SYSTEMPATH\CodeIgniter.php(493): CodeIgniter\CodeIgniter->createController()
 3 SYSTEMPATH\CodeIgniter.php(361): CodeIgniter\CodeIgniter->handleRequest(null, Object(Config\Cache), false)
 4 FCPATH\index.php(79): CodeIgniter\CodeIgniter->run()
 5 SYSTEMPATH\Commands\Server\rewrite.php(47): require_once('C:\\Users\\IsaacLozoya\\Desktop\\Control Escolar VERSION GIT\\ControlEscolarWA-main\\public\\index.php')
INFO - 2023-11-20 04:04:43 --> Session: Class initialized using 'CodeIgniter\Session\Handlers\FileHandler' driver.
WARNING - 2023-11-20 04:04:43 --> [DEPRECATED] Creation of dynamic property App\Controllers\ControladorAdmin::$session is deprecated in APPPATH\Controllers\ControladorAdmin.php on line 14.
 1 SYSTEMPATH\CodeIgniter.php(914): App\Controllers\ControladorAdmin->__construct()
 2 SYSTEMPATH\CodeIgniter.php(493): CodeIgniter\CodeIgniter->createController()
 3 SYSTEMPATH\CodeIgniter.php(361): CodeIgniter\CodeIgniter->handleRequest(null, Object(Config\Cache), false)
 4 FCPATH\index.php(79): CodeIgniter\CodeIgniter->run()
 5 SYSTEMPATH\Commands\Server\rewrite.php(47): require_once('C:\\Users\\IsaacLozoya\\Desktop\\Control Escolar VERSION GIT\\ControlEscolarWA-main\\public\\index.php')
INFO - 2023-11-20 04:04:47 --> Session: Class initialized using 'CodeIgniter\Session\Handlers\FileHandler' driver.
WARNING - 2023-11-20 04:04:47 --> [DEPRECATED] Creation of dynamic property App\Controllers\ControladorAdmin::$session is deprecated in APPPATH\Controllers\ControladorAdmin.php on line 14.
 1 SYSTEMPATH\CodeIgniter.php(914): App\Controllers\ControladorAdmin->__construct()
 2 SYSTEMPATH\CodeIgniter.php(493): CodeIgniter\CodeIgniter->createController()
 3 SYSTEMPATH\CodeIgniter.php(361): CodeIgniter\CodeIgniter->handleRequest(null, Object(Config\Cache), false)
 4 FCPATH\index.php(79): CodeIgniter\CodeIgniter->run()
 5 SYSTEMPATH\Commands\Server\rewrite.php(47): require_once('C:\\Users\\IsaacLozoya\\Desktop\\Control Escolar VERSION GIT\\ControlEscolarWA-main\\public\\index.php')
INFO - 2023-11-20 04:13:13 --> Session: Class initialized using 'CodeIgniter\Session\Handlers\FileHandler' driver.
WARNING - 2023-11-20 04:13:13 --> [DEPRECATED] Creation of dynamic property App\Controllers\ControladorLogin::$session is deprecated in APPPATH\Controllers\ControladorLogin.php on line 15.
 1 SYSTEMPATH\CodeIgniter.php(914): App\Controllers\ControladorLogin->__construct()
 2 SYSTEMPATH\CodeIgniter.php(493): CodeIgniter\CodeIgniter->createController()
 3 SYSTEMPATH\CodeIgniter.php(361): CodeIgniter\CodeIgniter->handleRequest(null, Object(Config\Cache), false)
 4 FCPATH\index.php(79): CodeIgniter\CodeIgniter->run()
 5 SYSTEMPATH\Commands\Server\rewrite.php(47): require_once('C:\\Users\\IsaacLozoya\\Desktop\\Control Escolar VERSION GIT\\ControlEscolarWA-main\\public\\index.php')
INFO - 2023-11-20 04:13:13 --> Session: Class initialized using 'CodeIgniter\Session\Handlers\FileHandler' driver.
WARNING - 2023-11-20 04:13:13 --> [DEPRECATED] Creation of dynamic property App\Controllers\ControladorLogin::$session is deprecated in APPPATH\Controllers\ControladorLogin.php on line 15.
 1 SYSTEMPATH\CodeIgniter.php(914): App\Controllers\ControladorLogin->__construct()
 2 SYSTEMPATH\CodeIgniter.php(493): CodeIgniter\CodeIgniter->createController()
 3 SYSTEMPATH\CodeIgniter.php(361): CodeIgniter\CodeIgniter->handleRequest(null, Object(Config\Cache), false)
 4 FCPATH\index.php(79): CodeIgniter\CodeIgniter->run()
 5 SYSTEMPATH\Commands\Server\rewrite.php(47): require_once('C:\\Users\\IsaacLozoya\\Desktop\\Control Escolar VERSION GIT\\ControlEscolarWA-main\\public\\index.php')
INFO - 2023-11-20 04:13:15 --> Session: Class initialized using 'CodeIgniter\Session\Handlers\FileHandler' driver.
WARNING - 2023-11-20 04:13:15 --> [DEPRECATED] Creation of dynamic property App\Controllers\ControladorLogin::$session is deprecated in APPPATH\Controllers\ControladorLogin.php on line 15.
 1 SYSTEMPATH\CodeIgniter.php(914): App\Controllers\ControladorLogin->__construct()
 2 SYSTEMPATH\CodeIgniter.php(493): CodeIgniter\CodeIgniter->createController()
 3 SYSTEMPATH\CodeIgniter.php(361): CodeIgniter\CodeIgniter->handleRequest(null, Object(Config\Cache), false)
 4 FCPATH\index.php(79): CodeIgniter\CodeIgniter->run()
 5 SYSTEMPATH\Commands\Server\rewrite.php(47): require_once('C:\\Users\\IsaacLozoya\\Desktop\\Control Escolar VERSION GIT\\ControlEscolarWA-main\\public\\index.php')
INFO - 2023-11-20 04:13:16 --> Session: Class initialized using 'CodeIgniter\Session\Handlers\FileHandler' driver.
WARNING - 2023-11-20 04:13:16 --> [DEPRECATED] Creation of dynamic property App\Controllers\ControladorLogin::$session is deprecated in APPPATH\Controllers\ControladorLogin.php on line 15.
 1 SYSTEMPATH\CodeIgniter.php(914): App\Controllers\ControladorLogin->__construct()
 2 SYSTEMPATH\CodeIgniter.php(493): CodeIgniter\CodeIgniter->createController()
 3 SYSTEMPATH\CodeIgniter.php(361): CodeIgniter\CodeIgniter->handleRequest(null, Object(Config\Cache), false)
 4 FCPATH\index.php(79): CodeIgniter\CodeIgniter->run()
 5 SYSTEMPATH\Commands\Server\rewrite.php(47): require_once('C:\\Users\\IsaacLozoya\\Desktop\\Control Escolar VERSION GIT\\ControlEscolarWA-main\\public\\index.php')
INFO - 2023-11-20 04:13:17 --> Session: Class initialized using 'CodeIgniter\Session\Handlers\FileHandler' driver.
WARNING - 2023-11-20 04:13:17 --> [DEPRECATED] Creation of dynamic property App\Controllers\ControladorAdmin::$session is deprecated in APPPATH\Controllers\ControladorAdmin.php on line 14.
 1 SYSTEMPATH\CodeIgniter.php(914): App\Controllers\ControladorAdmin->__construct()
 2 SYSTEMPATH\CodeIgniter.php(493): CodeIgniter\CodeIgniter->createController()
 3 SYSTEMPATH\CodeIgniter.php(361): CodeIgniter\CodeIgniter->handleRequest(null, Object(Config\Cache), false)
 4 FCPATH\index.php(79): CodeIgniter\CodeIgniter->run()
 5 SYSTEMPATH\Commands\Server\rewrite.php(47): require_once('C:\\Users\\IsaacLozoya\\Desktop\\Control Escolar VERSION GIT\\ControlEscolarWA-main\\public\\index.php')
INFO - 2023-11-20 04:13:19 --> Session: Class initialized using 'CodeIgniter\Session\Handlers\FileHandler' driver.
WARNING - 2023-11-20 04:13:19 --> [DEPRECATED] Creation of dynamic property App\Controllers\ControladorAdmin::$session is deprecated in APPPATH\Controllers\ControladorAdmin.php on line 14.
 1 SYSTEMPATH\CodeIgniter.php(914): App\Controllers\ControladorAdmin->__construct()
 2 SYSTEMPATH\CodeIgniter.php(493): CodeIgniter\CodeIgniter->createController()
 3 SYSTEMPATH\CodeIgniter.php(361): CodeIgniter\CodeIgniter->handleRequest(null, Object(Config\Cache), false)
 4 FCPATH\index.php(79): CodeIgniter\CodeIgniter->run()
 5 SYSTEMPATH\Commands\Server\rewrite.php(47): require_once('C:\\Users\\IsaacLozoya\\Desktop\\Control Escolar VERSION GIT\\ControlEscolarWA-main\\public\\index.php')
INFO - 2023-11-20 04:13:23 --> Session: Class initialized using 'CodeIgniter\Session\Handlers\FileHandler' driver.
WARNING - 2023-11-20 04:13:23 --> [DEPRECATED] Creation of dynamic property App\Controllers\ControladorAdmin::$session is deprecated in APPPATH\Controllers\ControladorAdmin.php on line 14.
 1 SYSTEMPATH\CodeIgniter.php(914): App\Controllers\ControladorAdmin->__construct()
 2 SYSTEMPATH\CodeIgniter.php(493): CodeIgniter\CodeIgniter->createController()
 3 SYSTEMPATH\CodeIgniter.php(361): CodeIgniter\CodeIgniter->handleRequest(null, Object(Config\Cache), false)
 4 FCPATH\index.php(79): CodeIgniter\CodeIgniter->run()
 5 SYSTEMPATH\Commands\Server\rewrite.php(47): require_once('C:\\Users\\IsaacLozoya\\Desktop\\Control Escolar VERSION GIT\\ControlEscolarWA-main\\public\\index.php')
INFO - 2023-11-20 04:13:24 --> Session: Class initialized using 'CodeIgniter\Session\Handlers\FileHandler' driver.
WARNING - 2023-11-20 04:13:24 --> [DEPRECATED] Creation of dynamic property App\Controllers\ControladorAdmin::$session is deprecated in APPPATH\Controllers\ControladorAdmin.php on line 14.
 1 SYSTEMPATH\CodeIgniter.php(914): App\Controllers\ControladorAdmin->__construct()
 2 SYSTEMPATH\CodeIgniter.php(493): CodeIgniter\CodeIgniter->createController()
 3 SYSTEMPATH\CodeIgniter.php(361): CodeIgniter\CodeIgniter->handleRequest(null, Object(Config\Cache), false)
 4 FCPATH\index.php(79): CodeIgniter\CodeIgniter->run()
 5 SYSTEMPATH\Commands\Server\rewrite.php(47): require_once('C:\\Users\\IsaacLozoya\\Desktop\\Control Escolar VERSION GIT\\ControlEscolarWA-main\\public\\index.php')
INFO - 2023-11-20 04:14:11 --> Session: Class initialized using 'CodeIgniter\Session\Handlers\FileHandler' driver.
WARNING - 2023-11-20 04:14:11 --> [DEPRECATED] Creation of dynamic property App\Controllers\ControladorAdmin::$session is deprecated in APPPATH\Controllers\ControladorAdmin.php on line 14.
 1 SYSTEMPATH\CodeIgniter.php(914): App\Controllers\ControladorAdmin->__construct()
 2 SYSTEMPATH\CodeIgniter.php(493): CodeIgniter\CodeIgniter->createController()
 3 SYSTEMPATH\CodeIgniter.php(361): CodeIgniter\CodeIgniter->handleRequest(null, Object(Config\Cache), false)
 4 FCPATH\index.php(79): CodeIgniter\CodeIgniter->run()
 5 SYSTEMPATH\Commands\Server\rewrite.php(47): require_once('C:\\Users\\IsaacLozoya\\Desktop\\Control Escolar VERSION GIT\\ControlEscolarWA-main\\public\\index.php')
INFO - 2023-11-20 04:14:49 --> Session: Class initialized using 'CodeIgniter\Session\Handlers\FileHandler' driver.
WARNING - 2023-11-20 04:14:49 --> [DEPRECATED] Creation of dynamic property App\Controllers\ControladorAdmin::$session is deprecated in APPPATH\Controllers\ControladorAdmin.php on line 14.
 1 SYSTEMPATH\CodeIgniter.php(914): App\Controllers\ControladorAdmin->__construct()
 2 SYSTEMPATH\CodeIgniter.php(493): CodeIgniter\CodeIgniter->createController()
 3 SYSTEMPATH\CodeIgniter.php(361): CodeIgniter\CodeIgniter->handleRequest(null, Object(Config\Cache), false)
 4 FCPATH\index.php(79): CodeIgniter\CodeIgniter->run()
 5 SYSTEMPATH\Commands\Server\rewrite.php(47): require_once('C:\\Users\\IsaacLozoya\\Desktop\\Control Escolar VERSION GIT\\ControlEscolarWA-main\\public\\index.php')
INFO - 2023-11-20 04:14:49 --> Session: Class initialized using 'CodeIgniter\Session\Handlers\FileHandler' driver.
WARNING - 2023-11-20 04:14:49 --> [DEPRECATED] Creation of dynamic property App\Controllers\ControladorAdmin::$session is deprecated in APPPATH\Controllers\ControladorAdmin.php on line 14.
 1 SYSTEMPATH\CodeIgniter.php(914): App\Controllers\ControladorAdmin->__construct()
 2 SYSTEMPATH\CodeIgniter.php(493): CodeIgniter\CodeIgniter->createController()
 3 SYSTEMPATH\CodeIgniter.php(361): CodeIgniter\CodeIgniter->handleRequest(null, Object(Config\Cache), false)
 4 FCPATH\index.php(79): CodeIgniter\CodeIgniter->run()
 5 SYSTEMPATH\Commands\Server\rewrite.php(47): require_once('C:\\Users\\IsaacLozoya\\Desktop\\Control Escolar VERSION GIT\\ControlEscolarWA-main\\public\\index.php')
INFO - 2023-11-20 04:14:53 --> Session: Class initialized using 'CodeIgniter\Session\Handlers\FileHandler' driver.
WARNING - 2023-11-20 04:14:53 --> [DEPRECATED] Creation of dynamic property App\Controllers\ControladorAdmin::$session is deprecated in APPPATH\Controllers\ControladorAdmin.php on line 14.
 1 SYSTEMPATH\CodeIgniter.php(914): App\Controllers\ControladorAdmin->__construct()
 2 SYSTEMPATH\CodeIgniter.php(493): CodeIgniter\CodeIgniter->createController()
 3 SYSTEMPATH\CodeIgniter.php(361): CodeIgniter\CodeIgniter->handleRequest(null, Object(Config\Cache), false)
 4 FCPATH\index.php(79): CodeIgniter\CodeIgniter->run()
 5 SYSTEMPATH\Commands\Server\rewrite.php(47): require_once('C:\\Users\\IsaacLozoya\\Desktop\\Control Escolar VERSION GIT\\ControlEscolarWA-main\\public\\index.php')
INFO - 2023-11-20 04:15:04 --> Session: Class initialized using 'CodeIgniter\Session\Handlers\FileHandler' driver.
WARNING - 2023-11-20 04:15:04 --> [DEPRECATED] Creation of dynamic property App\Controllers\ControladorAdmin::$session is deprecated in APPPATH\Controllers\ControladorAdmin.php on line 14.
 1 SYSTEMPATH\CodeIgniter.php(914): App\Controllers\ControladorAdmin->__construct()
 2 SYSTEMPATH\CodeIgniter.php(493): CodeIgniter\CodeIgniter->createController()
 3 SYSTEMPATH\CodeIgniter.php(361): CodeIgniter\CodeIgniter->handleRequest(null, Object(Config\Cache), false)
 4 FCPATH\index.php(79): CodeIgniter\CodeIgniter->run()
 5 SYSTEMPATH\Commands\Server\rewrite.php(47): require_once('C:\\Users\\IsaacLozoya\\Desktop\\Control Escolar VERSION GIT\\ControlEscolarWA-main\\public\\index.php')
INFO - 2023-11-20 04:15:05 --> Session: Class initialized using 'CodeIgniter\Session\Handlers\FileHandler' driver.
WARNING - 2023-11-20 04:15:05 --> [DEPRECATED] Creation of dynamic property App\Controllers\ControladorAdmin::$session is deprecated in APPPATH\Controllers\ControladorAdmin.php on line 14.
 1 SYSTEMPATH\CodeIgniter.php(914): App\Controllers\ControladorAdmin->__construct()
 2 SYSTEMPATH\CodeIgniter.php(493): CodeIgniter\CodeIgniter->createController()
 3 SYSTEMPATH\CodeIgniter.php(361): CodeIgniter\CodeIgniter->handleRequest(null, Object(Config\Cache), false)
 4 FCPATH\index.php(79): CodeIgniter\CodeIgniter->run()
 5 SYSTEMPATH\Commands\Server\rewrite.php(47): require_once('C:\\Users\\IsaacLozoya\\Desktop\\Control Escolar VERSION GIT\\ControlEscolarWA-main\\public\\index.php')
INFO - 2023-11-20 04:15:07 --> Session: Class initialized using 'CodeIgniter\Session\Handlers\FileHandler' driver.
WARNING - 2023-11-20 04:15:07 --> [DEPRECATED] Creation of dynamic property App\Controllers\ControladorAdmin::$session is deprecated in APPPATH\Controllers\ControladorAdmin.php on line 14.
 1 SYSTEMPATH\CodeIgniter.php(914): App\Controllers\ControladorAdmin->__construct()
 2 SYSTEMPATH\CodeIgniter.php(493): CodeIgniter\CodeIgniter->createController()
 3 SYSTEMPATH\CodeIgniter.php(361): CodeIgniter\CodeIgniter->handleRequest(null, Object(Config\Cache), false)
 4 FCPATH\index.php(79): CodeIgniter\CodeIgniter->run()
 5 SYSTEMPATH\Commands\Server\rewrite.php(47): require_once('C:\\Users\\IsaacLozoya\\Desktop\\Control Escolar VERSION GIT\\ControlEscolarWA-main\\public\\index.php')
INFO - 2023-11-20 04:19:23 --> Session: Class initialized using 'CodeIgniter\Session\Handlers\FileHandler' driver.
WARNING - 2023-11-20 04:19:23 --> [DEPRECATED] Creation of dynamic property App\Controllers\ControladorAdmin::$session is deprecated in APPPATH\Controllers\ControladorAdmin.php on line 14.
 1 SYSTEMPATH\CodeIgniter.php(914): App\Controllers\ControladorAdmin->__construct()
 2 SYSTEMPATH\CodeIgniter.php(493): CodeIgniter\CodeIgniter->createController()
 3 SYSTEMPATH\CodeIgniter.php(361): CodeIgniter\CodeIgniter->handleRequest(null, Object(Config\Cache), false)
 4 FCPATH\index.php(79): CodeIgniter\CodeIgniter->run()
 5 SYSTEMPATH\Commands\Server\rewrite.php(47): require_once('C:\\Users\\IsaacLozoya\\Desktop\\Control Escolar VERSION GIT\\ControlEscolarWA-main\\public\\index.php')
INFO - 2023-11-20 04:19:25 --> Session: Class initialized using 'CodeIgniter\Session\Handlers\FileHandler' driver.
WARNING - 2023-11-20 04:19:25 --> [DEPRECATED] Creation of dynamic property App\Controllers\ControladorLogin::$session is deprecated in APPPATH\Controllers\ControladorLogin.php on line 15.
 1 SYSTEMPATH\CodeIgniter.php(914): App\Controllers\ControladorLogin->__construct()
 2 SYSTEMPATH\CodeIgniter.php(493): CodeIgniter\CodeIgniter->createController()
 3 SYSTEMPATH\CodeIgniter.php(361): CodeIgniter\CodeIgniter->handleRequest(null, Object(Config\Cache), false)
 4 FCPATH\index.php(79): CodeIgniter\CodeIgniter->run()
 5 SYSTEMPATH\Commands\Server\rewrite.php(47): require_once('C:\\Users\\IsaacLozoya\\Desktop\\Control Escolar VERSION GIT\\ControlEscolarWA-main\\public\\index.php')
INFO - 2023-11-20 04:26:29 --> Session: Class initialized using 'CodeIgniter\Session\Handlers\FileHandler' driver.
WARNING - 2023-11-20 04:26:29 --> [DEPRECATED] Creation of dynamic property App\Controllers\ControladorAdmin::$session is deprecated in APPPATH\Controllers\ControladorAdmin.php on line 14.
 1 SYSTEMPATH\CodeIgniter.php(914): App\Controllers\ControladorAdmin->__construct()
 2 SYSTEMPATH\CodeIgniter.php(493): CodeIgniter\CodeIgniter->createController()
 3 SYSTEMPATH\CodeIgniter.php(361): CodeIgniter\CodeIgniter->handleRequest(null, Object(Config\Cache), false)
 4 FCPATH\index.php(79): CodeIgniter\CodeIgniter->run()
 5 SYSTEMPATH\Commands\Server\rewrite.php(47): require_once('C:\\Users\\IsaacLozoya\\Desktop\\Control Escolar VERSION GIT\\ControlEscolarWA-main\\public\\index.php')
INFO - 2023-11-20 04:26:31 --> Session: Class initialized using 'CodeIgniter\Session\Handlers\FileHandler' driver.
WARNING - 2023-11-20 04:26:31 --> [DEPRECATED] Creation of dynamic property App\Controllers\ControladorAdmin::$session is deprecated in APPPATH\Controllers\ControladorAdmin.php on line 14.
 1 SYSTEMPATH\CodeIgniter.php(914): App\Controllers\ControladorAdmin->__construct()
 2 SYSTEMPATH\CodeIgniter.php(493): CodeIgniter\CodeIgniter->createController()
 3 SYSTEMPATH\CodeIgniter.php(361): CodeIgniter\CodeIgniter->handleRequest(null, Object(Config\Cache), false)
 4 FCPATH\index.php(79): CodeIgniter\CodeIgniter->run()
 5 SYSTEMPATH\Commands\Server\rewrite.php(47): require_once('C:\\Users\\IsaacLozoya\\Desktop\\Control Escolar VERSION GIT\\ControlEscolarWA-main\\public\\index.php')
INFO - 2023-11-20 04:26:41 --> Session: Class initialized using 'CodeIgniter\Session\Handlers\FileHandler' driver.
WARNING - 2023-11-20 04:26:41 --> [DEPRECATED] Creation of dynamic property App\Controllers\ControladorAdmin::$session is deprecated in APPPATH\Controllers\ControladorAdmin.php on line 14.
 1 SYSTEMPATH\CodeIgniter.php(914): App\Controllers\ControladorAdmin->__construct()
 2 SYSTEMPATH\CodeIgniter.php(493): CodeIgniter\CodeIgniter->createController()
 3 SYSTEMPATH\CodeIgniter.php(361): CodeIgniter\CodeIgniter->handleRequest(null, Object(Config\Cache), false)
 4 FCPATH\index.php(79): CodeIgniter\CodeIgniter->run()
 5 SYSTEMPATH\Commands\Server\rewrite.php(47): require_once('C:\\Users\\IsaacLozoya\\Desktop\\Control Escolar VERSION GIT\\ControlEscolarWA-main\\public\\index.php')
INFO - 2023-11-20 04:26:41 --> Session: Class initialized using 'CodeIgniter\Session\Handlers\FileHandler' driver.
WARNING - 2023-11-20 04:26:41 --> [DEPRECATED] Creation of dynamic property App\Controllers\ControladorAdmin::$session is deprecated in APPPATH\Controllers\ControladorAdmin.php on line 14.
 1 SYSTEMPATH\CodeIgniter.php(914): App\Controllers\ControladorAdmin->__construct()
 2 SYSTEMPATH\CodeIgniter.php(493): CodeIgniter\CodeIgniter->createController()
 3 SYSTEMPATH\CodeIgniter.php(361): CodeIgniter\CodeIgniter->handleRequest(null, Object(Config\Cache), false)
 4 FCPATH\index.php(79): CodeIgniter\CodeIgniter->run()
 5 SYSTEMPATH\Commands\Server\rewrite.php(47): require_once('C:\\Users\\IsaacLozoya\\Desktop\\Control Escolar VERSION GIT\\ControlEscolarWA-main\\public\\index.php')
INFO - 2023-11-20 04:26:47 --> Session: Class initialized using 'CodeIgniter\Session\Handlers\FileHandler' driver.
WARNING - 2023-11-20 04:26:47 --> [DEPRECATED] Creation of dynamic property App\Controllers\ControladorLogin::$session is deprecated in APPPATH\Controllers\ControladorLogin.php on line 15.
 1 SYSTEMPATH\CodeIgniter.php(914): App\Controllers\ControladorLogin->__construct()
 2 SYSTEMPATH\CodeIgniter.php(493): CodeIgniter\CodeIgniter->createController()
 3 SYSTEMPATH\CodeIgniter.php(361): CodeIgniter\CodeIgniter->handleRequest(null, Object(Config\Cache), false)
 4 FCPATH\index.php(79): CodeIgniter\CodeIgniter->run()
 5 SYSTEMPATH\Commands\Server\rewrite.php(47): require_once('C:\\Users\\IsaacLozoya\\Desktop\\Control Escolar VERSION GIT\\ControlEscolarWA-main\\public\\index.php')
INFO - 2023-11-20 04:26:55 --> Session: Class initialized using 'CodeIgniter\Session\Handlers\FileHandler' driver.
WARNING - 2023-11-20 04:26:55 --> [DEPRECATED] Creation of dynamic property App\Controllers\ControladorLogin::$session is deprecated in APPPATH\Controllers\ControladorLogin.php on line 15.
 1 SYSTEMPATH\CodeIgniter.php(914): App\Controllers\ControladorLogin->__construct()
 2 SYSTEMPATH\CodeIgniter.php(493): CodeIgniter\CodeIgniter->createController()
 3 SYSTEMPATH\CodeIgniter.php(361): CodeIgniter\CodeIgniter->handleRequest(null, Object(Config\Cache), false)
 4 FCPATH\index.php(79): CodeIgniter\CodeIgniter->run()
 5 SYSTEMPATH\Commands\Server\rewrite.php(47): require_once('C:\\Users\\IsaacLozoya\\Desktop\\Control Escolar VERSION GIT\\ControlEscolarWA-main\\public\\index.php')
INFO - 2023-11-20 04:26:56 --> Session: Class initialized using 'CodeIgniter\Session\Handlers\FileHandler' driver.
WARNING - 2023-11-20 04:26:56 --> [DEPRECATED] Creation of dynamic property App\Controllers\ControladorLogin::$session is deprecated in APPPATH\Controllers\ControladorLogin.php on line 15.
 1 SYSTEMPATH\CodeIgniter.php(914): App\Controllers\ControladorLogin->__construct()
 2 SYSTEMPATH\CodeIgniter.php(493): CodeIgniter\CodeIgniter->createController()
 3 SYSTEMPATH\CodeIgniter.php(361): CodeIgniter\CodeIgniter->handleRequest(null, Object(Config\Cache), false)
 4 FCPATH\index.php(79): CodeIgniter\CodeIgniter->run()
 5 SYSTEMPATH\Commands\Server\rewrite.php(47): require_once('C:\\Users\\IsaacLozoya\\Desktop\\Control Escolar VERSION GIT\\ControlEscolarWA-main\\public\\index.php')
INFO - 2023-11-20 04:27:03 --> Session: Class initialized using 'CodeIgniter\Session\Handlers\FileHandler' driver.
WARNING - 2023-11-20 04:27:03 --> [DEPRECATED] Creation of dynamic property App\Controllers\ControladorAdmin::$session is deprecated in APPPATH\Controllers\ControladorAdmin.php on line 14.
 1 SYSTEMPATH\CodeIgniter.php(914): App\Controllers\ControladorAdmin->__construct()
 2 SYSTEMPATH\CodeIgniter.php(493): CodeIgniter\CodeIgniter->createController()
 3 SYSTEMPATH\CodeIgniter.php(361): CodeIgniter\CodeIgniter->handleRequest(null, Object(Config\Cache), false)
 4 FCPATH\index.php(79): CodeIgniter\CodeIgniter->run()
 5 SYSTEMPATH\Commands\Server\rewrite.php(47): require_once('C:\\Users\\IsaacLozoya\\Desktop\\Control Escolar VERSION GIT\\ControlEscolarWA-main\\public\\index.php')
INFO - 2023-11-20 04:27:12 --> Session: Class initialized using 'CodeIgniter\Session\Handlers\FileHandler' driver.
WARNING - 2023-11-20 04:27:12 --> [DEPRECATED] Creation of dynamic property App\Controllers\ControladorLogin::$session is deprecated in APPPATH\Controllers\ControladorLogin.php on line 15.
 1 SYSTEMPATH\CodeIgniter.php(914): App\Controllers\ControladorLogin->__construct()
 2 SYSTEMPATH\CodeIgniter.php(493): CodeIgniter\CodeIgniter->createController()
 3 SYSTEMPATH\CodeIgniter.php(361): CodeIgniter\CodeIgniter->handleRequest(null, Object(Config\Cache), false)
 4 FCPATH\index.php(79): CodeIgniter\CodeIgniter->run()
 5 SYSTEMPATH\Commands\Server\rewrite.php(47): require_once('C:\\Users\\IsaacLozoya\\Desktop\\Control Escolar VERSION GIT\\ControlEscolarWA-main\\public\\index.php')
INFO - 2023-11-20 18:17:07 --> Session: Class initialized using 'CodeIgniter\Session\Handlers\FileHandler' driver.
WARNING - 2023-11-20 18:17:07 --> [DEPRECATED] Creation of dynamic property App\Controllers\ControladorLogin::$session is deprecated in APPPATH\Controllers\ControladorLogin.php on line 15.
 1 SYSTEMPATH\CodeIgniter.php(914): App\Controllers\ControladorLogin->__construct()
 2 SYSTEMPATH\CodeIgniter.php(493): CodeIgniter\CodeIgniter->createController()
 3 SYSTEMPATH\CodeIgniter.php(361): CodeIgniter\CodeIgniter->handleRequest(null, Object(Config\Cache), false)
 4 FCPATH\index.php(79): CodeIgniter\CodeIgniter->run()
 5 SYSTEMPATH\Commands\Server\rewrite.php(47): require_once('C:\\Users\\IsaacLozoya\\Desktop\\Control Escolar VERSION GIT\\ControlEscolarWA-main\\public\\index.php')
INFO - 2023-11-20 18:17:08 --> Session: Class initialized using 'CodeIgniter\Session\Handlers\FileHandler' driver.
WARNING - 2023-11-20 18:17:08 --> [DEPRECATED] Creation of dynamic property App\Controllers\ControladorLogin::$session is deprecated in APPPATH\Controllers\ControladorLogin.php on line 15.
 1 SYSTEMPATH\CodeIgniter.php(914): App\Controllers\ControladorLogin->__construct()
 2 SYSTEMPATH\CodeIgniter.php(493): CodeIgniter\CodeIgniter->createController()
 3 SYSTEMPATH\CodeIgniter.php(361): CodeIgniter\CodeIgniter->handleRequest(null, Object(Config\Cache), false)
 4 FCPATH\index.php(79): CodeIgniter\CodeIgniter->run()
 5 SYSTEMPATH\Commands\Server\rewrite.php(47): require_once('C:\\Users\\IsaacLozoya\\Desktop\\Control Escolar VERSION GIT\\ControlEscolarWA-main\\public\\index.php')
INFO - 2023-11-20 18:17:08 --> Session: Class initialized using 'CodeIgniter\Session\Handlers\FileHandler' driver.
WARNING - 2023-11-20 18:17:08 --> [DEPRECATED] Creation of dynamic property App\Controllers\ControladorLogin::$session is deprecated in APPPATH\Controllers\ControladorLogin.php on line 15.
 1 SYSTEMPATH\CodeIgniter.php(914): App\Controllers\ControladorLogin->__construct()
 2 SYSTEMPATH\CodeIgniter.php(493): CodeIgniter\CodeIgniter->createController()
 3 SYSTEMPATH\CodeIgniter.php(361): CodeIgniter\CodeIgniter->handleRequest(null, Object(Config\Cache), false)
 4 FCPATH\index.php(79): CodeIgniter\CodeIgniter->run()
 5 SYSTEMPATH\Commands\Server\rewrite.php(47): require_once('C:\\Users\\IsaacLozoya\\Desktop\\Control Escolar VERSION GIT\\ControlEscolarWA-main\\public\\index.php')
INFO - 2023-11-20 18:17:09 --> Session: Class initialized using 'CodeIgniter\Session\Handlers\FileHandler' driver.
WARNING - 2023-11-20 18:17:09 --> [DEPRECATED] Creation of dynamic property App\Controllers\ControladorLogin::$session is deprecated in APPPATH\Controllers\ControladorLogin.php on line 15.
 1 SYSTEMPATH\CodeIgniter.php(914): App\Controllers\ControladorLogin->__construct()
 2 SYSTEMPATH\CodeIgniter.php(493): CodeIgniter\CodeIgniter->createController()
 3 SYSTEMPATH\CodeIgniter.php(361): CodeIgniter\CodeIgniter->handleRequest(null, Object(Config\Cache), false)
 4 FCPATH\index.php(79): CodeIgniter\CodeIgniter->run()
 5 SYSTEMPATH\Commands\Server\rewrite.php(47): require_once('C:\\Users\\IsaacLozoya\\Desktop\\Control Escolar VERSION GIT\\ControlEscolarWA-main\\public\\index.php')
INFO - 2023-11-20 18:17:11 --> Session: Class initialized using 'CodeIgniter\Session\Handlers\FileHandler' driver.
WARNING - 2023-11-20 18:17:11 --> [DEPRECATED] Creation of dynamic property App\Controllers\ControladorLogin::$session is deprecated in APPPATH\Controllers\ControladorLogin.php on line 15.
 1 SYSTEMPATH\CodeIgniter.php(914): App\Controllers\ControladorLogin->__construct()
 2 SYSTEMPATH\CodeIgniter.php(493): CodeIgniter\CodeIgniter->createController()
 3 SYSTEMPATH\CodeIgniter.php(361): CodeIgniter\CodeIgniter->handleRequest(null, Object(Config\Cache), false)
 4 FCPATH\index.php(79): CodeIgniter\CodeIgniter->run()
 5 SYSTEMPATH\Commands\Server\rewrite.php(47): require_once('C:\\Users\\IsaacLozoya\\Desktop\\Control Escolar VERSION GIT\\ControlEscolarWA-main\\public\\index.php')
INFO - 2023-11-20 18:17:12 --> Session: Class initialized using 'CodeIgniter\Session\Handlers\FileHandler' driver.
WARNING - 2023-11-20 18:17:12 --> [DEPRECATED] Creation of dynamic property App\Controllers\ControladorAdmin::$session is deprecated in APPPATH\Controllers\ControladorAdmin.php on line 14.
 1 SYSTEMPATH\CodeIgniter.php(914): App\Controllers\ControladorAdmin->__construct()
 2 SYSTEMPATH\CodeIgniter.php(493): CodeIgniter\CodeIgniter->createController()
 3 SYSTEMPATH\CodeIgniter.php(361): CodeIgniter\CodeIgniter->handleRequest(null, Object(Config\Cache), false)
 4 FCPATH\index.php(79): CodeIgniter\CodeIgniter->run()
 5 SYSTEMPATH\Commands\Server\rewrite.php(47): require_once('C:\\Users\\IsaacLozoya\\Desktop\\Control Escolar VERSION GIT\\ControlEscolarWA-main\\public\\index.php')
INFO - 2023-11-20 18:22:00 --> Session: Class initialized using 'CodeIgniter\Session\Handlers\FileHandler' driver.
WARNING - 2023-11-20 18:22:00 --> [DEPRECATED] Creation of dynamic property App\Controllers\ControladorAdmin::$session is deprecated in APPPATH\Controllers\ControladorAdmin.php on line 14.
 1 SYSTEMPATH\CodeIgniter.php(914): App\Controllers\ControladorAdmin->__construct()
 2 SYSTEMPATH\CodeIgniter.php(493): CodeIgniter\CodeIgniter->createController()
 3 SYSTEMPATH\CodeIgniter.php(361): CodeIgniter\CodeIgniter->handleRequest(null, Object(Config\Cache), false)
 4 FCPATH\index.php(79): CodeIgniter\CodeIgniter->run()
 5 SYSTEMPATH\Commands\Server\rewrite.php(47): require_once('C:\\Users\\IsaacLozoya\\Desktop\\Control Escolar VERSION GIT\\ControlEscolarWA-main\\public\\index.php')
INFO - 2023-11-20 18:23:49 --> Session: Class initialized using 'CodeIgniter\Session\Handlers\FileHandler' driver.
WARNING - 2023-11-20 18:23:49 --> [DEPRECATED] Creation of dynamic property App\Controllers\ControladorAdmin::$session is deprecated in APPPATH\Controllers\ControladorAdmin.php on line 14.
 1 SYSTEMPATH\CodeIgniter.php(914): App\Controllers\ControladorAdmin->__construct()
 2 SYSTEMPATH\CodeIgniter.php(493): CodeIgniter\CodeIgniter->createController()
 3 SYSTEMPATH\CodeIgniter.php(361): CodeIgniter\CodeIgniter->handleRequest(null, Object(Config\Cache), false)
 4 FCPATH\index.php(79): CodeIgniter\CodeIgniter->run()
 5 SYSTEMPATH\Commands\Server\rewrite.php(47): require_once('C:\\Users\\IsaacLozoya\\Desktop\\Control Escolar VERSION GIT\\ControlEscolarWA-main\\public\\index.php')
INFO - 2023-11-20 18:23:52 --> Session: Class initialized using 'CodeIgniter\Session\Handlers\FileHandler' driver.
WARNING - 2023-11-20 18:23:52 --> [DEPRECATED] Creation of dynamic property App\Controllers\ControladorAdmin::$session is deprecated in APPPATH\Controllers\ControladorAdmin.php on line 14.
 1 SYSTEMPATH\CodeIgniter.php(914): App\Controllers\ControladorAdmin->__construct()
 2 SYSTEMPATH\CodeIgniter.php(493): CodeIgniter\CodeIgniter->createController()
 3 SYSTEMPATH\CodeIgniter.php(361): CodeIgniter\CodeIgniter->handleRequest(null, Object(Config\Cache), false)
 4 FCPATH\index.php(79): CodeIgniter\CodeIgniter->run()
 5 SYSTEMPATH\Commands\Server\rewrite.php(47): require_once('C:\\Users\\IsaacLozoya\\Desktop\\Control Escolar VERSION GIT\\ControlEscolarWA-main\\public\\index.php')
INFO - 2023-11-20 18:23:57 --> Session: Class initialized using 'CodeIgniter\Session\Handlers\FileHandler' driver.
WARNING - 2023-11-20 18:23:57 --> [DEPRECATED] Creation of dynamic property App\Controllers\ControladorAdmin::$session is deprecated in APPPATH\Controllers\ControladorAdmin.php on line 14.
 1 SYSTEMPATH\CodeIgniter.php(914): App\Controllers\ControladorAdmin->__construct()
 2 SYSTEMPATH\CodeIgniter.php(493): CodeIgniter\CodeIgniter->createController()
 3 SYSTEMPATH\CodeIgniter.php(361): CodeIgniter\CodeIgniter->handleRequest(null, Object(Config\Cache), false)
 4 FCPATH\index.php(79): CodeIgniter\CodeIgniter->run()
 5 SYSTEMPATH\Commands\Server\rewrite.php(47): require_once('C:\\Users\\IsaacLozoya\\Desktop\\Control Escolar VERSION GIT\\ControlEscolarWA-main\\public\\index.php')
INFO - 2023-11-20 18:23:58 --> Session: Class initialized using 'CodeIgniter\Session\Handlers\FileHandler' driver.
WARNING - 2023-11-20 18:23:58 --> [DEPRECATED] Creation of dynamic property App\Controllers\ControladorAdmin::$session is deprecated in APPPATH\Controllers\ControladorAdmin.php on line 14.
 1 SYSTEMPATH\CodeIgniter.php(914): App\Controllers\ControladorAdmin->__construct()
 2 SYSTEMPATH\CodeIgniter.php(493): CodeIgniter\CodeIgniter->createController()
 3 SYSTEMPATH\CodeIgniter.php(361): CodeIgniter\CodeIgniter->handleRequest(null, Object(Config\Cache), false)
 4 FCPATH\index.php(79): CodeIgniter\CodeIgniter->run()
 5 SYSTEMPATH\Commands\Server\rewrite.php(47): require_once('C:\\Users\\IsaacLozoya\\Desktop\\Control Escolar VERSION GIT\\ControlEscolarWA-main\\public\\index.php')
INFO - 2023-11-20 18:28:03 --> Session: Class initialized using 'CodeIgniter\Session\Handlers\FileHandler' driver.
WARNING - 2023-11-20 18:28:03 --> [DEPRECATED] Creation of dynamic property App\Controllers\ControladorAdmin::$session is deprecated in APPPATH\Controllers\ControladorAdmin.php on line 14.
 1 SYSTEMPATH\CodeIgniter.php(914): App\Controllers\ControladorAdmin->__construct()
 2 SYSTEMPATH\CodeIgniter.php(493): CodeIgniter\CodeIgniter->createController()
 3 SYSTEMPATH\CodeIgniter.php(361): CodeIgniter\CodeIgniter->handleRequest(null, Object(Config\Cache), false)
 4 FCPATH\index.php(79): CodeIgniter\CodeIgniter->run()
 5 SYSTEMPATH\Commands\Server\rewrite.php(47): require_once('C:\\Users\\IsaacLozoya\\Desktop\\Control Escolar VERSION GIT\\ControlEscolarWA-main\\public\\index.php')
INFO - 2023-11-20 18:30:47 --> Session: Class initialized using 'CodeIgniter\Session\Handlers\FileHandler' driver.
WARNING - 2023-11-20 18:30:47 --> [DEPRECATED] Creation of dynamic property App\Controllers\ControladorAdmin::$session is deprecated in APPPATH\Controllers\ControladorAdmin.php on line 14.
 1 SYSTEMPATH\CodeIgniter.php(914): App\Controllers\ControladorAdmin->__construct()
 2 SYSTEMPATH\CodeIgniter.php(493): CodeIgniter\CodeIgniter->createController()
 3 SYSTEMPATH\CodeIgniter.php(361): CodeIgniter\CodeIgniter->handleRequest(null, Object(Config\Cache), false)
 4 FCPATH\index.php(79): CodeIgniter\CodeIgniter->run()
 5 SYSTEMPATH\Commands\Server\rewrite.php(47): require_once('C:\\Users\\IsaacLozoya\\Desktop\\Control Escolar VERSION GIT\\ControlEscolarWA-main\\public\\index.php')
INFO - 2023-11-20 18:34:46 --> Session: Class initialized using 'CodeIgniter\Session\Handlers\FileHandler' driver.
WARNING - 2023-11-20 18:34:46 --> [DEPRECATED] Creation of dynamic property App\Controllers\ControladorAdmin::$session is deprecated in APPPATH\Controllers\ControladorAdmin.php on line 14.
 1 SYSTEMPATH\CodeIgniter.php(914): App\Controllers\ControladorAdmin->__construct()
 2 SYSTEMPATH\CodeIgniter.php(493): CodeIgniter\CodeIgniter->createController()
 3 SYSTEMPATH\CodeIgniter.php(361): CodeIgniter\CodeIgniter->handleRequest(null, Object(Config\Cache), false)
 4 FCPATH\index.php(79): CodeIgniter\CodeIgniter->run()
 5 SYSTEMPATH\Commands\Server\rewrite.php(47): require_once('C:\\Users\\IsaacLozoya\\Desktop\\Control Escolar VERSION GIT\\ControlEscolarWA-main\\public\\index.php')
INFO - 2023-11-20 18:35:55 --> Session: Class initialized using 'CodeIgniter\Session\Handlers\FileHandler' driver.
WARNING - 2023-11-20 18:35:55 --> [DEPRECATED] Creation of dynamic property App\Controllers\ControladorAdmin::$session is deprecated in APPPATH\Controllers\ControladorAdmin.php on line 14.
 1 SYSTEMPATH\CodeIgniter.php(914): App\Controllers\ControladorAdmin->__construct()
 2 SYSTEMPATH\CodeIgniter.php(493): CodeIgniter\CodeIgniter->createController()
 3 SYSTEMPATH\CodeIgniter.php(361): CodeIgniter\CodeIgniter->handleRequest(null, Object(Config\Cache), false)
 4 FCPATH\index.php(79): CodeIgniter\CodeIgniter->run()
 5 SYSTEMPATH\Commands\Server\rewrite.php(47): require_once('C:\\Users\\IsaacLozoya\\Desktop\\Control Escolar VERSION GIT\\ControlEscolarWA-main\\public\\index.php')
INFO - 2023-11-20 18:37:20 --> Session: Class initialized using 'CodeIgniter\Session\Handlers\FileHandler' driver.
WARNING - 2023-11-20 18:37:20 --> [DEPRECATED] Creation of dynamic property App\Controllers\ControladorAdmin::$session is deprecated in APPPATH\Controllers\ControladorAdmin.php on line 14.
 1 SYSTEMPATH\CodeIgniter.php(914): App\Controllers\ControladorAdmin->__construct()
 2 SYSTEMPATH\CodeIgniter.php(493): CodeIgniter\CodeIgniter->createController()
 3 SYSTEMPATH\CodeIgniter.php(361): CodeIgniter\CodeIgniter->handleRequest(null, Object(Config\Cache), false)
 4 FCPATH\index.php(79): CodeIgniter\CodeIgniter->run()
 5 SYSTEMPATH\Commands\Server\rewrite.php(47): require_once('C:\\Users\\IsaacLozoya\\Desktop\\Control Escolar VERSION GIT\\ControlEscolarWA-main\\public\\index.php')
INFO - 2023-11-20 19:05:59 --> Session: Class initialized using 'CodeIgniter\Session\Handlers\FileHandler' driver.
WARNING - 2023-11-20 19:05:59 --> [DEPRECATED] Creation of dynamic property App\Controllers\ControladorAdmin::$session is deprecated in APPPATH\Controllers\ControladorAdmin.php on line 14.
 1 SYSTEMPATH\CodeIgniter.php(914): App\Controllers\ControladorAdmin->__construct()
 2 SYSTEMPATH\CodeIgniter.php(493): CodeIgniter\CodeIgniter->createController()
 3 SYSTEMPATH\CodeIgniter.php(361): CodeIgniter\CodeIgniter->handleRequest(null, Object(Config\Cache), false)
 4 FCPATH\index.php(79): CodeIgniter\CodeIgniter->run()
 5 SYSTEMPATH\Commands\Server\rewrite.php(47): require_once('C:\\Users\\IsaacLozoya\\Desktop\\Control Escolar VERSION GIT\\ControlEscolarWA-main\\public\\index.php')
INFO - 2023-11-20 19:06:10 --> Session: Class initialized using 'CodeIgniter\Session\Handlers\FileHandler' driver.
WARNING - 2023-11-20 19:06:10 --> [DEPRECATED] Creation of dynamic property App\Controllers\ControladorAdmin::$session is deprecated in APPPATH\Controllers\ControladorAdmin.php on line 14.
 1 SYSTEMPATH\CodeIgniter.php(914): App\Controllers\ControladorAdmin->__construct()
 2 SYSTEMPATH\CodeIgniter.php(493): CodeIgniter\CodeIgniter->createController()
 3 SYSTEMPATH\CodeIgniter.php(361): CodeIgniter\CodeIgniter->handleRequest(null, Object(Config\Cache), false)
 4 FCPATH\index.php(79): CodeIgniter\CodeIgniter->run()
 5 SYSTEMPATH\Commands\Server\rewrite.php(47): require_once('C:\\Users\\IsaacLozoya\\Desktop\\Control Escolar VERSION GIT\\ControlEscolarWA-main\\public\\index.php')
INFO - 2023-11-20 19:06:11 --> Session: Class initialized using 'CodeIgniter\Session\Handlers\FileHandler' driver.
WARNING - 2023-11-20 19:06:11 --> [DEPRECATED] Creation of dynamic property App\Controllers\ControladorAdmin::$session is deprecated in APPPATH\Controllers\ControladorAdmin.php on line 14.
 1 SYSTEMPATH\CodeIgniter.php(914): App\Controllers\ControladorAdmin->__construct()
 2 SYSTEMPATH\CodeIgniter.php(493): CodeIgniter\CodeIgniter->createController()
 3 SYSTEMPATH\CodeIgniter.php(361): CodeIgniter\CodeIgniter->handleRequest(null, Object(Config\Cache), false)
 4 FCPATH\index.php(79): CodeIgniter\CodeIgniter->run()
 5 SYSTEMPATH\Commands\Server\rewrite.php(47): require_once('C:\\Users\\IsaacLozoya\\Desktop\\Control Escolar VERSION GIT\\ControlEscolarWA-main\\public\\index.php')
INFO - 2023-11-20 19:06:14 --> Session: Class initialized using 'CodeIgniter\Session\Handlers\FileHandler' driver.
WARNING - 2023-11-20 19:06:14 --> [DEPRECATED] Creation of dynamic property App\Controllers\ControladorAdmin::$session is deprecated in APPPATH\Controllers\ControladorAdmin.php on line 14.
 1 SYSTEMPATH\CodeIgniter.php(914): App\Controllers\ControladorAdmin->__construct()
 2 SYSTEMPATH\CodeIgniter.php(493): CodeIgniter\CodeIgniter->createController()
 3 SYSTEMPATH\CodeIgniter.php(361): CodeIgniter\CodeIgniter->handleRequest(null, Object(Config\Cache), false)
 4 FCPATH\index.php(79): CodeIgniter\CodeIgniter->run()
 5 SYSTEMPATH\Commands\Server\rewrite.php(47): require_once('C:\\Users\\IsaacLozoya\\Desktop\\Control Escolar VERSION GIT\\ControlEscolarWA-main\\public\\index.php')
INFO - 2023-11-20 19:06:18 --> Session: Class initialized using 'CodeIgniter\Session\Handlers\FileHandler' driver.
WARNING - 2023-11-20 19:06:18 --> [DEPRECATED] Creation of dynamic property App\Controllers\ControladorAdmin::$session is deprecated in APPPATH\Controllers\ControladorAdmin.php on line 14.
 1 SYSTEMPATH\CodeIgniter.php(914): App\Controllers\ControladorAdmin->__construct()
 2 SYSTEMPATH\CodeIgniter.php(493): CodeIgniter\CodeIgniter->createController()
 3 SYSTEMPATH\CodeIgniter.php(361): CodeIgniter\CodeIgniter->handleRequest(null, Object(Config\Cache), false)
 4 FCPATH\index.php(79): CodeIgniter\CodeIgniter->run()
 5 SYSTEMPATH\Commands\Server\rewrite.php(47): require_once('C:\\Users\\IsaacLozoya\\Desktop\\Control Escolar VERSION GIT\\ControlEscolarWA-main\\public\\index.php')
INFO - 2023-11-20 19:06:25 --> Session: Class initialized using 'CodeIgniter\Session\Handlers\FileHandler' driver.
WARNING - 2023-11-20 19:06:25 --> [DEPRECATED] Creation of dynamic property App\Controllers\ControladorAdmin::$session is deprecated in APPPATH\Controllers\ControladorAdmin.php on line 14.
 1 SYSTEMPATH\CodeIgniter.php(914): App\Controllers\ControladorAdmin->__construct()
 2 SYSTEMPATH\CodeIgniter.php(493): CodeIgniter\CodeIgniter->createController()
 3 SYSTEMPATH\CodeIgniter.php(361): CodeIgniter\CodeIgniter->handleRequest(null, Object(Config\Cache), false)
 4 FCPATH\index.php(79): CodeIgniter\CodeIgniter->run()
 5 SYSTEMPATH\Commands\Server\rewrite.php(47): require_once('C:\\Users\\IsaacLozoya\\Desktop\\Control Escolar VERSION GIT\\ControlEscolarWA-main\\public\\index.php')
INFO - 2023-11-20 19:06:30 --> Session: Class initialized using 'CodeIgniter\Session\Handlers\FileHandler' driver.
WARNING - 2023-11-20 19:06:30 --> [DEPRECATED] Creation of dynamic property App\Controllers\ControladorAdmin::$session is deprecated in APPPATH\Controllers\ControladorAdmin.php on line 14.
 1 SYSTEMPATH\CodeIgniter.php(914): App\Controllers\ControladorAdmin->__construct()
 2 SYSTEMPATH\CodeIgniter.php(493): CodeIgniter\CodeIgniter->createController()
 3 SYSTEMPATH\CodeIgniter.php(361): CodeIgniter\CodeIgniter->handleRequest(null, Object(Config\Cache), false)
 4 FCPATH\index.php(79): CodeIgniter\CodeIgniter->run()
 5 SYSTEMPATH\Commands\Server\rewrite.php(47): require_once('C:\\Users\\IsaacLozoya\\Desktop\\Control Escolar VERSION GIT\\ControlEscolarWA-main\\public\\index.php')
INFO - 2023-11-20 19:28:41 --> Session: Class initialized using 'CodeIgniter\Session\Handlers\FileHandler' driver.
WARNING - 2023-11-20 19:28:41 --> [DEPRECATED] Creation of dynamic property App\Controllers\ControladorAdmin::$session is deprecated in APPPATH\Controllers\ControladorAdmin.php on line 14.
 1 SYSTEMPATH\CodeIgniter.php(914): App\Controllers\ControladorAdmin->__construct()
 2 SYSTEMPATH\CodeIgniter.php(493): CodeIgniter\CodeIgniter->createController()
 3 SYSTEMPATH\CodeIgniter.php(361): CodeIgniter\CodeIgniter->handleRequest(null, Object(Config\Cache), false)
 4 FCPATH\index.php(79): CodeIgniter\CodeIgniter->run()
 5 SYSTEMPATH\Commands\Server\rewrite.php(47): require_once('C:\\Users\\IsaacLozoya\\Desktop\\Control Escolar VERSION GIT\\ControlEscolarWA-main\\public\\index.php')
INFO - 2023-11-20 19:30:30 --> Session: Class initialized using 'CodeIgniter\Session\Handlers\FileHandler' driver.
WARNING - 2023-11-20 19:30:30 --> [DEPRECATED] Creation of dynamic property App\Controllers\ControladorAdmin::$session is deprecated in APPPATH\Controllers\ControladorAdmin.php on line 14.
 1 SYSTEMPATH\CodeIgniter.php(914): App\Controllers\ControladorAdmin->__construct()
 2 SYSTEMPATH\CodeIgniter.php(493): CodeIgniter\CodeIgniter->createController()
 3 SYSTEMPATH\CodeIgniter.php(361): CodeIgniter\CodeIgniter->handleRequest(null, Object(Config\Cache), false)
 4 FCPATH\index.php(79): CodeIgniter\CodeIgniter->run()
 5 SYSTEMPATH\Commands\Server\rewrite.php(47): require_once('C:\\Users\\IsaacLozoya\\Desktop\\Control Escolar VERSION GIT\\ControlEscolarWA-main\\public\\index.php')
INFO - 2023-11-20 19:30:34 --> Session: Class initialized using 'CodeIgniter\Session\Handlers\FileHandler' driver.
WARNING - 2023-11-20 19:30:34 --> [DEPRECATED] Creation of dynamic property App\Controllers\ControladorAdmin::$session is deprecated in APPPATH\Controllers\ControladorAdmin.php on line 14.
 1 SYSTEMPATH\CodeIgniter.php(914): App\Controllers\ControladorAdmin->__construct()
 2 SYSTEMPATH\CodeIgniter.php(493): CodeIgniter\CodeIgniter->createController()
 3 SYSTEMPATH\CodeIgniter.php(361): CodeIgniter\CodeIgniter->handleRequest(null, Object(Config\Cache), false)
 4 FCPATH\index.php(79): CodeIgniter\CodeIgniter->run()
 5 SYSTEMPATH\Commands\Server\rewrite.php(47): require_once('C:\\Users\\IsaacLozoya\\Desktop\\Control Escolar VERSION GIT\\ControlEscolarWA-main\\public\\index.php')
INFO - 2023-11-20 19:30:35 --> Session: Class initialized using 'CodeIgniter\Session\Handlers\FileHandler' driver.
WARNING - 2023-11-20 19:30:35 --> [DEPRECATED] Creation of dynamic property App\Controllers\ControladorAdmin::$session is deprecated in APPPATH\Controllers\ControladorAdmin.php on line 14.
 1 SYSTEMPATH\CodeIgniter.php(914): App\Controllers\ControladorAdmin->__construct()
 2 SYSTEMPATH\CodeIgniter.php(493): CodeIgniter\CodeIgniter->createController()
 3 SYSTEMPATH\CodeIgniter.php(361): CodeIgniter\CodeIgniter->handleRequest(null, Object(Config\Cache), false)
 4 FCPATH\index.php(79): CodeIgniter\CodeIgniter->run()
 5 SYSTEMPATH\Commands\Server\rewrite.php(47): require_once('C:\\Users\\IsaacLozoya\\Desktop\\Control Escolar VERSION GIT\\ControlEscolarWA-main\\public\\index.php')
INFO - 2023-11-20 19:30:57 --> Session: Class initialized using 'CodeIgniter\Session\Handlers\FileHandler' driver.
WARNING - 2023-11-20 19:30:57 --> [DEPRECATED] Creation of dynamic property App\Controllers\ControladorAdmin::$session is deprecated in APPPATH\Controllers\ControladorAdmin.php on line 14.
 1 SYSTEMPATH\CodeIgniter.php(914): App\Controllers\ControladorAdmin->__construct()
 2 SYSTEMPATH\CodeIgniter.php(493): CodeIgniter\CodeIgniter->createController()
 3 SYSTEMPATH\CodeIgniter.php(361): CodeIgniter\CodeIgniter->handleRequest(null, Object(Config\Cache), false)
 4 FCPATH\index.php(79): CodeIgniter\CodeIgniter->run()
 5 SYSTEMPATH\Commands\Server\rewrite.php(47): require_once('C:\\Users\\IsaacLozoya\\Desktop\\Control Escolar VERSION GIT\\ControlEscolarWA-main\\public\\index.php')
INFO - 2023-11-20 19:31:31 --> Session: Class initialized using 'CodeIgniter\Session\Handlers\FileHandler' driver.
WARNING - 2023-11-20 19:31:31 --> [DEPRECATED] Creation of dynamic property App\Controllers\ControladorAdmin::$session is deprecated in APPPATH\Controllers\ControladorAdmin.php on line 14.
 1 SYSTEMPATH\CodeIgniter.php(914): App\Controllers\ControladorAdmin->__construct()
 2 SYSTEMPATH\CodeIgniter.php(493): CodeIgniter\CodeIgniter->createController()
 3 SYSTEMPATH\CodeIgniter.php(361): CodeIgniter\CodeIgniter->handleRequest(null, Object(Config\Cache), false)
 4 FCPATH\index.php(79): CodeIgniter\CodeIgniter->run()
 5 SYSTEMPATH\Commands\Server\rewrite.php(47): require_once('C:\\Users\\IsaacLozoya\\Desktop\\Control Escolar VERSION GIT\\ControlEscolarWA-main\\public\\index.php')
INFO - 2023-11-20 19:31:35 --> Session: Class initialized using 'CodeIgniter\Session\Handlers\FileHandler' driver.
WARNING - 2023-11-20 19:31:35 --> [DEPRECATED] Creation of dynamic property App\Controllers\ControladorAdmin::$session is deprecated in APPPATH\Controllers\ControladorAdmin.php on line 14.
 1 SYSTEMPATH\CodeIgniter.php(914): App\Controllers\ControladorAdmin->__construct()
 2 SYSTEMPATH\CodeIgniter.php(493): CodeIgniter\CodeIgniter->createController()
 3 SYSTEMPATH\CodeIgniter.php(361): CodeIgniter\CodeIgniter->handleRequest(null, Object(Config\Cache), false)
 4 FCPATH\index.php(79): CodeIgniter\CodeIgniter->run()
 5 SYSTEMPATH\Commands\Server\rewrite.php(47): require_once('C:\\Users\\IsaacLozoya\\Desktop\\Control Escolar VERSION GIT\\ControlEscolarWA-main\\public\\index.php')
INFO - 2023-11-20 19:31:39 --> Session: Class initialized using 'CodeIgniter\Session\Handlers\FileHandler' driver.
WARNING - 2023-11-20 19:31:39 --> [DEPRECATED] Creation of dynamic property App\Controllers\ControladorLogin::$session is deprecated in APPPATH\Controllers\ControladorLogin.php on line 15.
 1 SYSTEMPATH\CodeIgniter.php(914): App\Controllers\ControladorLogin->__construct()
 2 SYSTEMPATH\CodeIgniter.php(493): CodeIgniter\CodeIgniter->createController()
 3 SYSTEMPATH\CodeIgniter.php(361): CodeIgniter\CodeIgniter->handleRequest(null, Object(Config\Cache), false)
 4 FCPATH\index.php(79): CodeIgniter\CodeIgniter->run()
 5 SYSTEMPATH\Commands\Server\rewrite.php(47): require_once('C:\\Users\\IsaacLozoya\\Desktop\\Control Escolar VERSION GIT\\ControlEscolarWA-main\\public\\index.php')
INFO - 2023-11-20 19:36:30 --> Session: Class initialized using 'CodeIgniter\Session\Handlers\FileHandler' driver.
WARNING - 2023-11-20 19:36:30 --> [DEPRECATED] Creation of dynamic property App\Controllers\ControladorLogin::$session is deprecated in APPPATH\Controllers\ControladorLogin.php on line 15.
 1 SYSTEMPATH\CodeIgniter.php(914): App\Controllers\ControladorLogin->__construct()
 2 SYSTEMPATH\CodeIgniter.php(493): CodeIgniter\CodeIgniter->createController()
 3 SYSTEMPATH\CodeIgniter.php(361): CodeIgniter\CodeIgniter->handleRequest(null, Object(Config\Cache), false)
 4 FCPATH\index.php(79): CodeIgniter\CodeIgniter->run()
 5 SYSTEMPATH\Commands\Server\rewrite.php(47): require_once('C:\\Users\\IsaacLozoya\\Desktop\\Control Escolar VERSION GIT\\ControlEscolarWA-main\\public\\index.php')
INFO - 2023-11-20 19:36:32 --> Session: Class initialized using 'CodeIgniter\Session\Handlers\FileHandler' driver.
WARNING - 2023-11-20 19:36:32 --> [DEPRECATED] Creation of dynamic property App\Controllers\ControladorLogin::$session is deprecated in APPPATH\Controllers\ControladorLogin.php on line 15.
 1 SYSTEMPATH\CodeIgniter.php(914): App\Controllers\ControladorLogin->__construct()
 2 SYSTEMPATH\CodeIgniter.php(493): CodeIgniter\CodeIgniter->createController()
 3 SYSTEMPATH\CodeIgniter.php(361): CodeIgniter\CodeIgniter->handleRequest(null, Object(Config\Cache), false)
 4 FCPATH\index.php(79): CodeIgniter\CodeIgniter->run()
 5 SYSTEMPATH\Commands\Server\rewrite.php(47): require_once('C:\\Users\\IsaacLozoya\\Desktop\\Control Escolar VERSION GIT\\ControlEscolarWA-main\\public\\index.php')
INFO - 2023-11-20 19:41:49 --> Session: Class initialized using 'CodeIgniter\Session\Handlers\FileHandler' driver.
WARNING - 2023-11-20 19:41:49 --> [DEPRECATED] Creation of dynamic property App\Controllers\ControladorLogin::$session is deprecated in APPPATH\Controllers\ControladorLogin.php on line 15.
 1 SYSTEMPATH\CodeIgniter.php(914): App\Controllers\ControladorLogin->__construct()
 2 SYSTEMPATH\CodeIgniter.php(493): CodeIgniter\CodeIgniter->createController()
 3 SYSTEMPATH\CodeIgniter.php(361): CodeIgniter\CodeIgniter->handleRequest(null, Object(Config\Cache), false)
 4 FCPATH\index.php(79): CodeIgniter\CodeIgniter->run()
 5 SYSTEMPATH\Commands\Server\rewrite.php(47): require_once('C:\\Users\\IsaacLozoya\\Desktop\\Control Escolar VERSION GIT\\ControlEscolarWA-main\\public\\index.php')
INFO - 2023-11-20 19:45:33 --> Session: Class initialized using 'CodeIgniter\Session\Handlers\FileHandler' driver.
WARNING - 2023-11-20 19:45:33 --> [DEPRECATED] Creation of dynamic property App\Controllers\ControladorLogin::$session is deprecated in APPPATH\Controllers\ControladorLogin.php on line 15.
 1 SYSTEMPATH\CodeIgniter.php(914): App\Controllers\ControladorLogin->__construct()
 2 SYSTEMPATH\CodeIgniter.php(493): CodeIgniter\CodeIgniter->createController()
 3 SYSTEMPATH\CodeIgniter.php(361): CodeIgniter\CodeIgniter->handleRequest(null, Object(Config\Cache), false)
 4 FCPATH\index.php(79): CodeIgniter\CodeIgniter->run()
 5 SYSTEMPATH\Commands\Server\rewrite.php(47): require_once('C:\\Users\\IsaacLozoya\\Desktop\\Control Escolar VERSION GIT\\ControlEscolarWA-main\\public\\index.php')
INFO - 2023-11-20 19:46:00 --> Session: Class initialized using 'CodeIgniter\Session\Handlers\FileHandler' driver.
WARNING - 2023-11-20 19:46:00 --> [DEPRECATED] Creation of dynamic property App\Controllers\ControladorLogin::$session is deprecated in APPPATH\Controllers\ControladorLogin.php on line 15.
 1 SYSTEMPATH\CodeIgniter.php(914): App\Controllers\ControladorLogin->__construct()
 2 SYSTEMPATH\CodeIgniter.php(493): CodeIgniter\CodeIgniter->createController()
 3 SYSTEMPATH\CodeIgniter.php(361): CodeIgniter\CodeIgniter->handleRequest(null, Object(Config\Cache), false)
 4 FCPATH\index.php(79): CodeIgniter\CodeIgniter->run()
 5 SYSTEMPATH\Commands\Server\rewrite.php(47): require_once('C:\\Users\\IsaacLozoya\\Desktop\\Control Escolar VERSION GIT\\ControlEscolarWA-main\\public\\index.php')
INFO - 2023-11-20 19:46:01 --> Session: Class initialized using 'CodeIgniter\Session\Handlers\FileHandler' driver.
WARNING - 2023-11-20 19:46:01 --> [DEPRECATED] Creation of dynamic property App\Controllers\ControladorLogin::$session is deprecated in APPPATH\Controllers\ControladorLogin.php on line 15.
 1 SYSTEMPATH\CodeIgniter.php(914): App\Controllers\ControladorLogin->__construct()
 2 SYSTEMPATH\CodeIgniter.php(493): CodeIgniter\CodeIgniter->createController()
 3 SYSTEMPATH\CodeIgniter.php(361): CodeIgniter\CodeIgniter->handleRequest(null, Object(Config\Cache), false)
 4 FCPATH\index.php(79): CodeIgniter\CodeIgniter->run()
 5 SYSTEMPATH\Commands\Server\rewrite.php(47): require_once('C:\\Users\\IsaacLozoya\\Desktop\\Control Escolar VERSION GIT\\ControlEscolarWA-main\\public\\index.php')
INFO - 2023-11-20 19:46:08 --> Session: Class initialized using 'CodeIgniter\Session\Handlers\FileHandler' driver.
WARNING - 2023-11-20 19:46:08 --> [DEPRECATED] Creation of dynamic property App\Controllers\ControladorLogin::$session is deprecated in APPPATH\Controllers\ControladorLogin.php on line 15.
 1 SYSTEMPATH\CodeIgniter.php(914): App\Controllers\ControladorLogin->__construct()
 2 SYSTEMPATH\CodeIgniter.php(493): CodeIgniter\CodeIgniter->createController()
 3 SYSTEMPATH\CodeIgniter.php(361): CodeIgniter\CodeIgniter->handleRequest(null, Object(Config\Cache), false)
 4 FCPATH\index.php(79): CodeIgniter\CodeIgniter->run()
 5 SYSTEMPATH\Commands\Server\rewrite.php(47): require_once('C:\\Users\\IsaacLozoya\\Desktop\\Control Escolar VERSION GIT\\ControlEscolarWA-main\\public\\index.php')
INFO - 2023-11-20 19:46:12 --> Session: Class initialized using 'CodeIgniter\Session\Handlers\FileHandler' driver.
WARNING - 2023-11-20 19:46:12 --> [DEPRECATED] Creation of dynamic property App\Controllers\ControladorLogin::$session is deprecated in APPPATH\Controllers\ControladorLogin.php on line 15.
 1 SYSTEMPATH\CodeIgniter.php(914): App\Controllers\ControladorLogin->__construct()
 2 SYSTEMPATH\CodeIgniter.php(493): CodeIgniter\CodeIgniter->createController()
 3 SYSTEMPATH\CodeIgniter.php(361): CodeIgniter\CodeIgniter->handleRequest(null, Object(Config\Cache), false)
 4 FCPATH\index.php(79): CodeIgniter\CodeIgniter->run()
 5 SYSTEMPATH\Commands\Server\rewrite.php(47): require_once('C:\\Users\\IsaacLozoya\\Desktop\\Control Escolar VERSION GIT\\ControlEscolarWA-main\\public\\index.php')
INFO - 2023-11-20 19:46:15 --> Session: Class initialized using 'CodeIgniter\Session\Handlers\FileHandler' driver.
WARNING - 2023-11-20 19:46:15 --> [DEPRECATED] Creation of dynamic property App\Controllers\ControladorLogin::$session is deprecated in APPPATH\Controllers\ControladorLogin.php on line 15.
 1 SYSTEMPATH\CodeIgniter.php(914): App\Controllers\ControladorLogin->__construct()
 2 SYSTEMPATH\CodeIgniter.php(493): CodeIgniter\CodeIgniter->createController()
 3 SYSTEMPATH\CodeIgniter.php(361): CodeIgniter\CodeIgniter->handleRequest(null, Object(Config\Cache), false)
 4 FCPATH\index.php(79): CodeIgniter\CodeIgniter->run()
 5 SYSTEMPATH\Commands\Server\rewrite.php(47): require_once('C:\\Users\\IsaacLozoya\\Desktop\\Control Escolar VERSION GIT\\ControlEscolarWA-main\\public\\index.php')
INFO - 2023-11-20 19:46:19 --> Session: Class initialized using 'CodeIgniter\Session\Handlers\FileHandler' driver.
WARNING - 2023-11-20 19:46:19 --> [DEPRECATED] Creation of dynamic property App\Controllers\ControladorLogin::$session is deprecated in APPPATH\Controllers\ControladorLogin.php on line 15.
 1 SYSTEMPATH\CodeIgniter.php(914): App\Controllers\ControladorLogin->__construct()
 2 SYSTEMPATH\CodeIgniter.php(493): CodeIgniter\CodeIgniter->createController()
 3 SYSTEMPATH\CodeIgniter.php(361): CodeIgniter\CodeIgniter->handleRequest(null, Object(Config\Cache), false)
 4 FCPATH\index.php(79): CodeIgniter\CodeIgniter->run()
 5 SYSTEMPATH\Commands\Server\rewrite.php(47): require_once('C:\\Users\\IsaacLozoya\\Desktop\\Control Escolar VERSION GIT\\ControlEscolarWA-main\\public\\index.php')
INFO - 2023-11-20 19:47:17 --> Session: Class initialized using 'CodeIgniter\Session\Handlers\FileHandler' driver.
WARNING - 2023-11-20 19:47:17 --> [DEPRECATED] Creation of dynamic property App\Controllers\ControladorLogin::$session is deprecated in APPPATH\Controllers\ControladorLogin.php on line 15.
 1 SYSTEMPATH\CodeIgniter.php(914): App\Controllers\ControladorLogin->__construct()
 2 SYSTEMPATH\CodeIgniter.php(493): CodeIgniter\CodeIgniter->createController()
 3 SYSTEMPATH\CodeIgniter.php(361): CodeIgniter\CodeIgniter->handleRequest(null, Object(Config\Cache), false)
 4 FCPATH\index.php(79): CodeIgniter\CodeIgniter->run()
 5 SYSTEMPATH\Commands\Server\rewrite.php(47): require_once('C:\\Users\\IsaacLozoya\\Desktop\\Control Escolar VERSION GIT\\ControlEscolarWA-main\\public\\index.php')
INFO - 2023-11-20 19:47:18 --> Session: Class initialized using 'CodeIgniter\Session\Handlers\FileHandler' driver.
WARNING - 2023-11-20 19:47:18 --> [DEPRECATED] Creation of dynamic property App\Controllers\ControladorLogin::$session is deprecated in APPPATH\Controllers\ControladorLogin.php on line 15.
 1 SYSTEMPATH\CodeIgniter.php(914): App\Controllers\ControladorLogin->__construct()
 2 SYSTEMPATH\CodeIgniter.php(493): CodeIgniter\CodeIgniter->createController()
 3 SYSTEMPATH\CodeIgniter.php(361): CodeIgniter\CodeIgniter->handleRequest(null, Object(Config\Cache), false)
 4 FCPATH\index.php(79): CodeIgniter\CodeIgniter->run()
 5 SYSTEMPATH\Commands\Server\rewrite.php(47): require_once('C:\\Users\\IsaacLozoya\\Desktop\\Control Escolar VERSION GIT\\ControlEscolarWA-main\\public\\index.php')
INFO - 2023-11-20 19:47:21 --> Session: Class initialized using 'CodeIgniter\Session\Handlers\FileHandler' driver.
WARNING - 2023-11-20 19:47:21 --> [DEPRECATED] Creation of dynamic property App\Controllers\ControladorAdmin::$session is deprecated in APPPATH\Controllers\ControladorAdmin.php on line 14.
 1 SYSTEMPATH\CodeIgniter.php(914): App\Controllers\ControladorAdmin->__construct()
 2 SYSTEMPATH\CodeIgniter.php(493): CodeIgniter\CodeIgniter->createController()
 3 SYSTEMPATH\CodeIgniter.php(361): CodeIgniter\CodeIgniter->handleRequest(null, Object(Config\Cache), false)
 4 FCPATH\index.php(79): CodeIgniter\CodeIgniter->run()
 5 SYSTEMPATH\Commands\Server\rewrite.php(47): require_once('C:\\Users\\IsaacLozoya\\Desktop\\Control Escolar VERSION GIT\\ControlEscolarWA-main\\public\\index.php')
INFO - 2023-11-20 19:53:24 --> Session: Class initialized using 'CodeIgniter\Session\Handlers\FileHandler' driver.
WARNING - 2023-11-20 19:53:24 --> [DEPRECATED] Creation of dynamic property App\Controllers\ControladorLogin::$session is deprecated in APPPATH\Controllers\ControladorLogin.php on line 15.
 1 SYSTEMPATH\CodeIgniter.php(914): App\Controllers\ControladorLogin->__construct()
 2 SYSTEMPATH\CodeIgniter.php(493): CodeIgniter\CodeIgniter->createController()
 3 SYSTEMPATH\CodeIgniter.php(361): CodeIgniter\CodeIgniter->handleRequest(null, Object(Config\Cache), false)
 4 FCPATH\index.php(79): CodeIgniter\CodeIgniter->run()
 5 SYSTEMPATH\Commands\Server\rewrite.php(47): require_once('C:\\Users\\IsaacLozoya\\Desktop\\Control Escolar VERSION GIT\\ControlEscolarWA-main\\public\\index.php')
INFO - 2023-11-20 19:53:26 --> Session: Class initialized using 'CodeIgniter\Session\Handlers\FileHandler' driver.
WARNING - 2023-11-20 19:53:26 --> [DEPRECATED] Creation of dynamic property App\Controllers\ControladorLogin::$session is deprecated in APPPATH\Controllers\ControladorLogin.php on line 15.
 1 SYSTEMPATH\CodeIgniter.php(914): App\Controllers\ControladorLogin->__construct()
 2 SYSTEMPATH\CodeIgniter.php(493): CodeIgniter\CodeIgniter->createController()
 3 SYSTEMPATH\CodeIgniter.php(361): CodeIgniter\CodeIgniter->handleRequest(null, Object(Config\Cache), false)
 4 FCPATH\index.php(79): CodeIgniter\CodeIgniter->run()
 5 SYSTEMPATH\Commands\Server\rewrite.php(47): require_once('C:\\Users\\IsaacLozoya\\Desktop\\Control Escolar VERSION GIT\\ControlEscolarWA-main\\public\\index.php')
INFO - 2023-11-20 20:01:23 --> Session: Class initialized using 'CodeIgniter\Session\Handlers\FileHandler' driver.
WARNING - 2023-11-20 20:01:23 --> [DEPRECATED] Creation of dynamic property App\Controllers\ControladorLogin::$session is deprecated in APPPATH\Controllers\ControladorLogin.php on line 15.
 1 SYSTEMPATH\CodeIgniter.php(914): App\Controllers\ControladorLogin->__construct()
 2 SYSTEMPATH\CodeIgniter.php(493): CodeIgniter\CodeIgniter->createController()
 3 SYSTEMPATH\CodeIgniter.php(361): CodeIgniter\CodeIgniter->handleRequest(null, Object(Config\Cache), false)
 4 FCPATH\index.php(79): CodeIgniter\CodeIgniter->run()
 5 SYSTEMPATH\Commands\Server\rewrite.php(47): require_once('C:\\Users\\IsaacLozoya\\Desktop\\Control Escolar VERSION GIT\\ControlEscolarWA-main\\public\\index.php')
INFO - 2023-11-20 20:01:25 --> Session: Class initialized using 'CodeIgniter\Session\Handlers\FileHandler' driver.
WARNING - 2023-11-20 20:01:25 --> [DEPRECATED] Creation of dynamic property App\Controllers\ControladorAdmin::$session is deprecated in APPPATH\Controllers\ControladorAdmin.php on line 14.
 1 SYSTEMPATH\CodeIgniter.php(914): App\Controllers\ControladorAdmin->__construct()
 2 SYSTEMPATH\CodeIgniter.php(493): CodeIgniter\CodeIgniter->createController()
 3 SYSTEMPATH\CodeIgniter.php(361): CodeIgniter\CodeIgniter->handleRequest(null, Object(Config\Cache), false)
 4 FCPATH\index.php(79): CodeIgniter\CodeIgniter->run()
 5 SYSTEMPATH\Commands\Server\rewrite.php(47): require_once('C:\\Users\\IsaacLozoya\\Desktop\\Control Escolar VERSION GIT\\ControlEscolarWA-main\\public\\index.php')
INFO - 2023-11-20 20:01:28 --> Session: Class initialized using 'CodeIgniter\Session\Handlers\FileHandler' driver.
WARNING - 2023-11-20 20:01:28 --> [DEPRECATED] Creation of dynamic property App\Controllers\ControladorLogin::$session is deprecated in APPPATH\Controllers\ControladorLogin.php on line 15.
 1 SYSTEMPATH\CodeIgniter.php(914): App\Controllers\ControladorLogin->__construct()
 2 SYSTEMPATH\CodeIgniter.php(493): CodeIgniter\CodeIgniter->createController()
 3 SYSTEMPATH\CodeIgniter.php(361): CodeIgniter\CodeIgniter->handleRequest(null, Object(Config\Cache), false)
 4 FCPATH\index.php(79): CodeIgniter\CodeIgniter->run()
 5 SYSTEMPATH\Commands\Server\rewrite.php(47): require_once('C:\\Users\\IsaacLozoya\\Desktop\\Control Escolar VERSION GIT\\ControlEscolarWA-main\\public\\index.php')
INFO - 2023-11-20 20:01:29 --> Session: Class initialized using 'CodeIgniter\Session\Handlers\FileHandler' driver.
WARNING - 2023-11-20 20:01:29 --> [DEPRECATED] Creation of dynamic property App\Controllers\ControladorLogin::$session is deprecated in APPPATH\Controllers\ControladorLogin.php on line 15.
 1 SYSTEMPATH\CodeIgniter.php(914): App\Controllers\ControladorLogin->__construct()
 2 SYSTEMPATH\CodeIgniter.php(493): CodeIgniter\CodeIgniter->createController()
 3 SYSTEMPATH\CodeIgniter.php(361): CodeIgniter\CodeIgniter->handleRequest(null, Object(Config\Cache), false)
 4 FCPATH\index.php(79): CodeIgniter\CodeIgniter->run()
 5 SYSTEMPATH\Commands\Server\rewrite.php(47): require_once('C:\\Users\\IsaacLozoya\\Desktop\\Control Escolar VERSION GIT\\ControlEscolarWA-main\\public\\index.php')
INFO - 2023-11-20 22:56:52 --> Session: Class initialized using 'CodeIgniter\Session\Handlers\FileHandler' driver.
WARNING - 2023-11-20 22:56:52 --> [DEPRECATED] Creation of dynamic property App\Controllers\ControladorLogin::$session is deprecated in APPPATH\Controllers\ControladorLogin.php on line 15.
 1 SYSTEMPATH\CodeIgniter.php(914): App\Controllers\ControladorLogin->__construct()
 2 SYSTEMPATH\CodeIgniter.php(493): CodeIgniter\CodeIgniter->createController()
 3 SYSTEMPATH\CodeIgniter.php(361): CodeIgniter\CodeIgniter->handleRequest(null, Object(Config\Cache), false)
 4 FCPATH\index.php(79): CodeIgniter\CodeIgniter->run()
 5 SYSTEMPATH\Commands\Server\rewrite.php(47): require_once('C:\\Users\\IsaacLozoya\\Desktop\\Control Escolar VERSION GIT\\ControlEscolarWA-main\\public\\index.php')
INFO - 2023-11-20 22:56:52 --> Session: Class initialized using 'CodeIgniter\Session\Handlers\FileHandler' driver.
WARNING - 2023-11-20 22:56:52 --> [DEPRECATED] Creation of dynamic property App\Controllers\ControladorLogin::$session is deprecated in APPPATH\Controllers\ControladorLogin.php on line 15.
 1 SYSTEMPATH\CodeIgniter.php(914): App\Controllers\ControladorLogin->__construct()
 2 SYSTEMPATH\CodeIgniter.php(493): CodeIgniter\CodeIgniter->createController()
 3 SYSTEMPATH\CodeIgniter.php(361): CodeIgniter\CodeIgniter->handleRequest(null, Object(Config\Cache), false)
 4 FCPATH\index.php(79): CodeIgniter\CodeIgniter->run()
 5 SYSTEMPATH\Commands\Server\rewrite.php(47): require_once('C:\\Users\\IsaacLozoya\\Desktop\\Control Escolar VERSION GIT\\ControlEscolarWA-main\\public\\index.php')
INFO - 2023-11-20 22:56:53 --> Session: Class initialized using 'CodeIgniter\Session\Handlers\FileHandler' driver.
WARNING - 2023-11-20 22:56:53 --> [DEPRECATED] Creation of dynamic property App\Controllers\ControladorLogin::$session is deprecated in APPPATH\Controllers\ControladorLogin.php on line 15.
 1 SYSTEMPATH\CodeIgniter.php(914): App\Controllers\ControladorLogin->__construct()
 2 SYSTEMPATH\CodeIgniter.php(493): CodeIgniter\CodeIgniter->createController()
 3 SYSTEMPATH\CodeIgniter.php(361): CodeIgniter\CodeIgniter->handleRequest(null, Object(Config\Cache), false)
 4 FCPATH\index.php(79): CodeIgniter\CodeIgniter->run()
 5 SYSTEMPATH\Commands\Server\rewrite.php(47): require_once('C:\\Users\\IsaacLozoya\\Desktop\\Control Escolar VERSION GIT\\ControlEscolarWA-main\\public\\index.php')
INFO - 2023-11-20 22:56:54 --> Session: Class initialized using 'CodeIgniter\Session\Handlers\FileHandler' driver.
WARNING - 2023-11-20 22:56:54 --> [DEPRECATED] Creation of dynamic property App\Controllers\ControladorLogin::$session is deprecated in APPPATH\Controllers\ControladorLogin.php on line 15.
 1 SYSTEMPATH\CodeIgniter.php(914): App\Controllers\ControladorLogin->__construct()
 2 SYSTEMPATH\CodeIgniter.php(493): CodeIgniter\CodeIgniter->createController()
 3 SYSTEMPATH\CodeIgniter.php(361): CodeIgniter\CodeIgniter->handleRequest(null, Object(Config\Cache), false)
 4 FCPATH\index.php(79): CodeIgniter\CodeIgniter->run()
 5 SYSTEMPATH\Commands\Server\rewrite.php(47): require_once('C:\\Users\\IsaacLozoya\\Desktop\\Control Escolar VERSION GIT\\ControlEscolarWA-main\\public\\index.php')
INFO - 2023-11-20 22:56:56 --> Session: Class initialized using 'CodeIgniter\Session\Handlers\FileHandler' driver.
WARNING - 2023-11-20 22:56:56 --> [DEPRECATED] Creation of dynamic property App\Controllers\ControladorAdmin::$session is deprecated in APPPATH\Controllers\ControladorAdmin.php on line 14.
 1 SYSTEMPATH\CodeIgniter.php(914): App\Controllers\ControladorAdmin->__construct()
 2 SYSTEMPATH\CodeIgniter.php(493): CodeIgniter\CodeIgniter->createController()
 3 SYSTEMPATH\CodeIgniter.php(361): CodeIgniter\CodeIgniter->handleRequest(null, Object(Config\Cache), false)
 4 FCPATH\index.php(79): CodeIgniter\CodeIgniter->run()
 5 SYSTEMPATH\Commands\Server\rewrite.php(47): require_once('C:\\Users\\IsaacLozoya\\Desktop\\Control Escolar VERSION GIT\\ControlEscolarWA-main\\public\\index.php')
INFO - 2023-11-20 22:56:59 --> Session: Class initialized using 'CodeIgniter\Session\Handlers\FileHandler' driver.
WARNING - 2023-11-20 22:56:59 --> [DEPRECATED] Creation of dynamic property App\Controllers\ControladorLogin::$session is deprecated in APPPATH\Controllers\ControladorLogin.php on line 15.
 1 SYSTEMPATH\CodeIgniter.php(914): App\Controllers\ControladorLogin->__construct()
 2 SYSTEMPATH\CodeIgniter.php(493): CodeIgniter\CodeIgniter->createController()
 3 SYSTEMPATH\CodeIgniter.php(361): CodeIgniter\CodeIgniter->handleRequest(null, Object(Config\Cache), false)
 4 FCPATH\index.php(79): CodeIgniter\CodeIgniter->run()
 5 SYSTEMPATH\Commands\Server\rewrite.php(47): require_once('C:\\Users\\IsaacLozoya\\Desktop\\Control Escolar VERSION GIT\\ControlEscolarWA-main\\public\\index.php')
INFO - 2023-11-20 22:57:00 --> Session: Class initialized using 'CodeIgniter\Session\Handlers\FileHandler' driver.
WARNING - 2023-11-20 22:57:00 --> [DEPRECATED] Creation of dynamic property App\Controllers\ControladorLogin::$session is deprecated in APPPATH\Controllers\ControladorLogin.php on line 15.
 1 SYSTEMPATH\CodeIgniter.php(914): App\Controllers\ControladorLogin->__construct()
 2 SYSTEMPATH\CodeIgniter.php(493): CodeIgniter\CodeIgniter->createController()
 3 SYSTEMPATH\CodeIgniter.php(361): CodeIgniter\CodeIgniter->handleRequest(null, Object(Config\Cache), false)
 4 FCPATH\index.php(79): CodeIgniter\CodeIgniter->run()
 5 SYSTEMPATH\Commands\Server\rewrite.php(47): require_once('C:\\Users\\IsaacLozoya\\Desktop\\Control Escolar VERSION GIT\\ControlEscolarWA-main\\public\\index.php')
INFO - 2023-11-20 22:58:50 --> Session: Class initialized using 'CodeIgniter\Session\Handlers\FileHandler' driver.
WARNING - 2023-11-20 22:58:50 --> [DEPRECATED] Creation of dynamic property App\Controllers\ControladorLogin::$session is deprecated in APPPATH\Controllers\ControladorLogin.php on line 15.
 1 SYSTEMPATH\CodeIgniter.php(914): App\Controllers\ControladorLogin->__construct()
 2 SYSTEMPATH\CodeIgniter.php(493): CodeIgniter\CodeIgniter->createController()
 3 SYSTEMPATH\CodeIgniter.php(361): CodeIgniter\CodeIgniter->handleRequest(null, Object(Config\Cache), false)
 4 FCPATH\index.php(79): CodeIgniter\CodeIgniter->run()
 5 SYSTEMPATH\Commands\Server\rewrite.php(47): require_once('C:\\Users\\IsaacLozoya\\Desktop\\Control Escolar VERSION GIT\\ControlEscolarWA-main\\public\\index.php')
INFO - 2023-11-20 22:59:35 --> Session: Class initialized using 'CodeIgniter\Session\Handlers\FileHandler' driver.
WARNING - 2023-11-20 22:59:35 --> [DEPRECATED] Creation of dynamic property App\Controllers\ControladorLogin::$session is deprecated in APPPATH\Controllers\ControladorLogin.php on line 15.
 1 SYSTEMPATH\CodeIgniter.php(914): App\Controllers\ControladorLogin->__construct()
 2 SYSTEMPATH\CodeIgniter.php(493): CodeIgniter\CodeIgniter->createController()
 3 SYSTEMPATH\CodeIgniter.php(361): CodeIgniter\CodeIgniter->handleRequest(null, Object(Config\Cache), false)
 4 FCPATH\index.php(79): CodeIgniter\CodeIgniter->run()
 5 SYSTEMPATH\Commands\Server\rewrite.php(47): require_once('C:\\Users\\IsaacLozoya\\Desktop\\Control Escolar VERSION GIT\\ControlEscolarWA-main\\public\\index.php')
