INFO - 2023-12-05 00:27:45 --> Session: Class initialized using 'CodeIgniter\Session\Handlers\FileHandler' driver.
WARNING - 2023-12-05 00:27:45 --> [DEPRECATED] Creation of dynamic property App\Controllers\ControladorLogin::$session is deprecated in APPPATH\Controllers\ControladorLogin.php on line 15.
 1 SYSTEMPATH\CodeIgniter.php(914): App\Controllers\ControladorLogin->__construct()
 2 SYSTEMPATH\CodeIgniter.php(493): CodeIgniter\CodeIgniter->createController()
 3 SYSTEMPATH\CodeIgniter.php(361): CodeIgniter\CodeIgniter->handleRequest(null, Object(Config\Cache), false)
 4 FCPATH\index.php(79): CodeIgniter\CodeIgniter->run()
INFO - 2023-12-05 00:27:46 --> Session: Class initialized using 'CodeIgniter\Session\Handlers\FileHandler' driver.
WARNING - 2023-12-05 00:27:46 --> [DEPRECATED] Creation of dynamic property App\Controllers\ControladorLogin::$session is deprecated in APPPATH\Controllers\ControladorLogin.php on line 15.
 1 SYSTEMPATH\CodeIgniter.php(914): App\Controllers\ControladorLogin->__construct()
 2 SYSTEMPATH\CodeIgniter.php(493): CodeIgniter\CodeIgniter->createController()
 3 SYSTEMPATH\CodeIgniter.php(361): CodeIgniter\CodeIgniter->handleRequest(null, Object(Config\Cache), false)
 4 FCPATH\index.php(79): CodeIgniter\CodeIgniter->run()
 5 SYSTEMPATH\Commands\Server\rewrite.php(47): require_once('C:\\Users\\IsaacLozoya\\Desktop\\Control Escolar VERSION GIT\\ControlEscolarWA-main\\public\\index.php')
INFO - 2023-12-05 00:27:53 --> Session: Class initialized using 'CodeIgniter\Session\Handlers\FileHandler' driver.
WARNING - 2023-12-05 00:27:53 --> [DEPRECATED] Creation of dynamic property App\Controllers\ControladorMenu::$session is deprecated in APPPATH\Controllers\ControladorMenu.php on line 19.
 1 SYSTEMPATH\CodeIgniter.php(914): App\Controllers\ControladorMenu->__construct()
 2 SYSTEMPATH\CodeIgniter.php(493): CodeIgniter\CodeIgniter->createController()
 3 SYSTEMPATH\CodeIgniter.php(361): CodeIgniter\CodeIgniter->handleRequest(null, Object(Config\Cache), false)
 4 FCPATH\index.php(79): CodeIgniter\CodeIgniter->run()
 5 SYSTEMPATH\Commands\Server\rewrite.php(47): require_once('C:\\Users\\IsaacLozoya\\Desktop\\Control Escolar VERSION GIT\\ControlEscolarWA-main\\public\\index.php')
WARNING - 2023-12-05 00:27:53 --> [DEPRECATED] Creation of dynamic property App\Controllers\ControladorMenu::$modeloSemestreMateria is deprecated in APPPATH\Controllers\ControladorMenu.php on line 22.
 1 SYSTEMPATH\CodeIgniter.php(914): App\Controllers\ControladorMenu->__construct()
 2 SYSTEMPATH\CodeIgniter.php(493): CodeIgniter\CodeIgniter->createController()
 3 SYSTEMPATH\CodeIgniter.php(361): CodeIgniter\CodeIgniter->handleRequest(null, Object(Config\Cache), false)
 4 FCPATH\index.php(79): CodeIgniter\CodeIgniter->run()
 5 SYSTEMPATH\Commands\Server\rewrite.php(47): require_once('C:\\Users\\IsaacLozoya\\Desktop\\Control Escolar VERSION GIT\\ControlEscolarWA-main\\public\\index.php')
