INFO - 2023-11-22 01:23:34 --> Session: Class initialized using 'CodeIgniter\Session\Handlers\FileHandler' driver.
WARNING - 2023-11-22 01:23:34 --> [DEPRECATED] Creation of dynamic property App\Controllers\ControladorLogin::$session is deprecated in APPPATH/Controllers/ControladorLogin.php on line 15.
 1 SYSTEMPATH/CodeIgniter.php(914): App\Controllers\ControladorLogin->__construct()
 2 SYSTEMPATH/CodeIgniter.php(493): CodeIgniter\CodeIgniter->createController()
 3 SYSTEMPATH/CodeIgniter.php(361): CodeIgniter\CodeIgniter->handleRequest(null, Object(Config\Cache), false)
 4 FCPATH/index.php(79): CodeIgniter\CodeIgniter->run()
 5 SYSTEMPATH/Commands/Server/rewrite.php(47): require_once('/Users/cristopherrivas/Downloads/ControlEscolarWA-main/public/index.php')
INFO - 2023-11-22 01:23:38 --> Session: Class initialized using 'CodeIgniter\Session\Handlers\FileHandler' driver.
WARNING - 2023-11-22 01:23:38 --> [DEPRECATED] Creation of dynamic property App\Controllers\ControladorLogin::$session is deprecated in APPPATH/Controllers/ControladorLogin.php on line 15.
 1 SYSTEMPATH/CodeIgniter.php(914): App\Controllers\ControladorLogin->__construct()
 2 SYSTEMPATH/CodeIgniter.php(493): CodeIgniter\CodeIgniter->createController()
 3 SYSTEMPATH/CodeIgniter.php(361): CodeIgniter\CodeIgniter->handleRequest(null, Object(Config\Cache), false)
 4 FCPATH/index.php(79): CodeIgniter\CodeIgniter->run()
 5 SYSTEMPATH/Commands/Server/rewrite.php(47): require_once('/Users/cristopherrivas/Downloads/ControlEscolarWA-main/public/index.php')
INFO - 2023-11-22 01:23:39 --> Session: Class initialized using 'CodeIgniter\Session\Handlers\FileHandler' driver.
WARNING - 2023-11-22 01:23:39 --> [DEPRECATED] Creation of dynamic property App\Controllers\ControladorLogin::$session is deprecated in APPPATH/Controllers/ControladorLogin.php on line 15.
 1 SYSTEMPATH/CodeIgniter.php(914): App\Controllers\ControladorLogin->__construct()
 2 SYSTEMPATH/CodeIgniter.php(493): CodeIgniter\CodeIgniter->createController()
 3 SYSTEMPATH/CodeIgniter.php(361): CodeIgniter\CodeIgniter->handleRequest(null, Object(Config\Cache), false)
 4 FCPATH/index.php(79): CodeIgniter\CodeIgniter->run()
 5 SYSTEMPATH/Commands/Server/rewrite.php(47): require_once('/Users/cristopherrivas/Downloads/ControlEscolarWA-main/public/index.php')
INFO - 2023-11-22 01:23:51 --> Session: Class initialized using 'CodeIgniter\Session\Handlers\FileHandler' driver.
WARNING - 2023-11-22 01:23:51 --> [DEPRECATED] Creation of dynamic property App\Controllers\ControladorLogin::$session is deprecated in APPPATH/Controllers/ControladorLogin.php on line 15.
 1 SYSTEMPATH/CodeIgniter.php(914): App\Controllers\ControladorLogin->__construct()
 2 SYSTEMPATH/CodeIgniter.php(493): CodeIgniter\CodeIgniter->createController()
 3 SYSTEMPATH/CodeIgniter.php(361): CodeIgniter\CodeIgniter->handleRequest(null, Object(Config\Cache), false)
 4 FCPATH/index.php(79): CodeIgniter\CodeIgniter->run()
 5 SYSTEMPATH/Commands/Server/rewrite.php(47): require_once('/Users/cristopherrivas/Downloads/ControlEscolarWA-main/public/index.php')
INFO - 2023-11-22 01:24:01 --> Session: Class initialized using 'CodeIgniter\Session\Handlers\FileHandler' driver.
WARNING - 2023-11-22 01:24:01 --> [DEPRECATED] Creation of dynamic property App\Controllers\ControladorLogin::$session is deprecated in APPPATH/Controllers/ControladorLogin.php on line 15.
 1 SYSTEMPATH/CodeIgniter.php(914): App\Controllers\ControladorLogin->__construct()
 2 SYSTEMPATH/CodeIgniter.php(493): CodeIgniter\CodeIgniter->createController()
 3 SYSTEMPATH/CodeIgniter.php(361): CodeIgniter\CodeIgniter->handleRequest(null, Object(Config\Cache), false)
 4 FCPATH/index.php(79): CodeIgniter\CodeIgniter->run()
 5 SYSTEMPATH/Commands/Server/rewrite.php(47): require_once('/Users/cristopherrivas/Downloads/ControlEscolarWA-main/public/index.php')
INFO - 2023-11-22 01:24:02 --> Session: Class initialized using 'CodeIgniter\Session\Handlers\FileHandler' driver.
WARNING - 2023-11-22 01:24:02 --> [DEPRECATED] Creation of dynamic property App\Controllers\ControladorLogin::$session is deprecated in APPPATH/Controllers/ControladorLogin.php on line 15.
 1 SYSTEMPATH/CodeIgniter.php(914): App\Controllers\ControladorLogin->__construct()
 2 SYSTEMPATH/CodeIgniter.php(493): CodeIgniter\CodeIgniter->createController()
 3 SYSTEMPATH/CodeIgniter.php(361): CodeIgniter\CodeIgniter->handleRequest(null, Object(Config\Cache), false)
 4 FCPATH/index.php(79): CodeIgniter\CodeIgniter->run()
 5 SYSTEMPATH/Commands/Server/rewrite.php(47): require_once('/Users/cristopherrivas/Downloads/ControlEscolarWA-main/public/index.php')
INFO - 2023-11-22 01:24:09 --> Session: Class initialized using 'CodeIgniter\Session\Handlers\FileHandler' driver.
WARNING - 2023-11-22 01:24:09 --> [DEPRECATED] Creation of dynamic property App\Controllers\ControladorAdmin::$session is deprecated in APPPATH/Controllers/ControladorAdmin.php on line 14.
 1 SYSTEMPATH/CodeIgniter.php(914): App\Controllers\ControladorAdmin->__construct()
 2 SYSTEMPATH/CodeIgniter.php(493): CodeIgniter\CodeIgniter->createController()
 3 SYSTEMPATH/CodeIgniter.php(361): CodeIgniter\CodeIgniter->handleRequest(null, Object(Config\Cache), false)
 4 FCPATH/index.php(79): CodeIgniter\CodeIgniter->run()
 5 SYSTEMPATH/Commands/Server/rewrite.php(47): require_once('/Users/cristopherrivas/Downloads/ControlEscolarWA-main/public/index.php')
INFO - 2023-11-22 01:24:27 --> Session: Class initialized using 'CodeIgniter\Session\Handlers\FileHandler' driver.
WARNING - 2023-11-22 01:24:27 --> [DEPRECATED] Creation of dynamic property App\Controllers\ControladorAdmin::$session is deprecated in APPPATH/Controllers/ControladorAdmin.php on line 14.
 1 SYSTEMPATH/CodeIgniter.php(914): App\Controllers\ControladorAdmin->__construct()
 2 SYSTEMPATH/CodeIgniter.php(493): CodeIgniter\CodeIgniter->createController()
 3 SYSTEMPATH/CodeIgniter.php(361): CodeIgniter\CodeIgniter->handleRequest(null, Object(Config\Cache), false)
 4 FCPATH/index.php(79): CodeIgniter\CodeIgniter->run()
 5 SYSTEMPATH/Commands/Server/rewrite.php(47): require_once('/Users/cristopherrivas/Downloads/ControlEscolarWA-main/public/index.php')
INFO - 2023-11-22 01:24:35 --> Session: Class initialized using 'CodeIgniter\Session\Handlers\FileHandler' driver.
WARNING - 2023-11-22 01:24:35 --> [DEPRECATED] Creation of dynamic property App\Controllers\ControladorAdmin::$session is deprecated in APPPATH/Controllers/ControladorAdmin.php on line 14.
 1 SYSTEMPATH/CodeIgniter.php(914): App\Controllers\ControladorAdmin->__construct()
 2 SYSTEMPATH/CodeIgniter.php(493): CodeIgniter\CodeIgniter->createController()
 3 SYSTEMPATH/CodeIgniter.php(361): CodeIgniter\CodeIgniter->handleRequest(null, Object(Config\Cache), false)
 4 FCPATH/index.php(79): CodeIgniter\CodeIgniter->run()
 5 SYSTEMPATH/Commands/Server/rewrite.php(47): require_once('/Users/cristopherrivas/Downloads/ControlEscolarWA-main/public/index.php')
INFO - 2023-11-22 01:24:37 --> Session: Class initialized using 'CodeIgniter\Session\Handlers\FileHandler' driver.
WARNING - 2023-11-22 01:24:37 --> [DEPRECATED] Creation of dynamic property App\Controllers\ControladorLogin::$session is deprecated in APPPATH/Controllers/ControladorLogin.php on line 15.
 1 SYSTEMPATH/CodeIgniter.php(914): App\Controllers\ControladorLogin->__construct()
 2 SYSTEMPATH/CodeIgniter.php(493): CodeIgniter\CodeIgniter->createController()
 3 SYSTEMPATH/CodeIgniter.php(361): CodeIgniter\CodeIgniter->handleRequest(null, Object(Config\Cache), false)
 4 FCPATH/index.php(79): CodeIgniter\CodeIgniter->run()
 5 SYSTEMPATH/Commands/Server/rewrite.php(47): require_once('/Users/cristopherrivas/Downloads/ControlEscolarWA-main/public/index.php')
INFO - 2023-11-22 01:24:39 --> Session: Class initialized using 'CodeIgniter\Session\Handlers\FileHandler' driver.
WARNING - 2023-11-22 01:24:39 --> [DEPRECATED] Creation of dynamic property App\Controllers\ControladorLogin::$session is deprecated in APPPATH/Controllers/ControladorLogin.php on line 15.
 1 SYSTEMPATH/CodeIgniter.php(914): App\Controllers\ControladorLogin->__construct()
 2 SYSTEMPATH/CodeIgniter.php(493): CodeIgniter\CodeIgniter->createController()
 3 SYSTEMPATH/CodeIgniter.php(361): CodeIgniter\CodeIgniter->handleRequest(null, Object(Config\Cache), false)
 4 FCPATH/index.php(79): CodeIgniter\CodeIgniter->run()
 5 SYSTEMPATH/Commands/Server/rewrite.php(47): require_once('/Users/cristopherrivas/Downloads/ControlEscolarWA-main/public/index.php')
INFO - 2023-11-22 01:24:44 --> Session: Class initialized using 'CodeIgniter\Session\Handlers\FileHandler' driver.
WARNING - 2023-11-22 01:24:44 --> [DEPRECATED] Creation of dynamic property App\Controllers\ControladorLogin::$session is deprecated in APPPATH/Controllers/ControladorLogin.php on line 15.
 1 SYSTEMPATH/CodeIgniter.php(914): App\Controllers\ControladorLogin->__construct()
 2 SYSTEMPATH/CodeIgniter.php(493): CodeIgniter\CodeIgniter->createController()
 3 SYSTEMPATH/CodeIgniter.php(361): CodeIgniter\CodeIgniter->handleRequest(null, Object(Config\Cache), false)
 4 FCPATH/index.php(79): CodeIgniter\CodeIgniter->run()
 5 SYSTEMPATH/Commands/Server/rewrite.php(47): require_once('/Users/cristopherrivas/Downloads/ControlEscolarWA-main/public/index.php')
INFO - 2023-11-22 01:24:51 --> Session: Class initialized using 'CodeIgniter\Session\Handlers\FileHandler' driver.
WARNING - 2023-11-22 01:24:51 --> [DEPRECATED] Creation of dynamic property App\Controllers\ControladorLogin::$session is deprecated in APPPATH/Controllers/ControladorLogin.php on line 15.
 1 SYSTEMPATH/CodeIgniter.php(914): App\Controllers\ControladorLogin->__construct()
 2 SYSTEMPATH/CodeIgniter.php(493): CodeIgniter\CodeIgniter->createController()
 3 SYSTEMPATH/CodeIgniter.php(361): CodeIgniter\CodeIgniter->handleRequest(null, Object(Config\Cache), false)
 4 FCPATH/index.php(79): CodeIgniter\CodeIgniter->run()
 5 SYSTEMPATH/Commands/Server/rewrite.php(47): require_once('/Users/cristopherrivas/Downloads/ControlEscolarWA-main/public/index.php')
INFO - 2023-11-22 01:24:53 --> Session: Class initialized using 'CodeIgniter\Session\Handlers\FileHandler' driver.
WARNING - 2023-11-22 01:24:53 --> [DEPRECATED] Creation of dynamic property App\Controllers\ControladorLogin::$session is deprecated in APPPATH/Controllers/ControladorLogin.php on line 15.
 1 SYSTEMPATH/CodeIgniter.php(914): App\Controllers\ControladorLogin->__construct()
 2 SYSTEMPATH/CodeIgniter.php(493): CodeIgniter\CodeIgniter->createController()
 3 SYSTEMPATH/CodeIgniter.php(361): CodeIgniter\CodeIgniter->handleRequest(null, Object(Config\Cache), false)
 4 FCPATH/index.php(79): CodeIgniter\CodeIgniter->run()
 5 SYSTEMPATH/Commands/Server/rewrite.php(47): require_once('/Users/cristopherrivas/Downloads/ControlEscolarWA-main/public/index.php')
INFO - 2023-11-22 01:26:38 --> Session: Class initialized using 'CodeIgniter\Session\Handlers\FileHandler' driver.
WARNING - 2023-11-22 01:26:38 --> [DEPRECATED] Creation of dynamic property App\Controllers\ControladorLogin::$session is deprecated in APPPATH/Controllers/ControladorLogin.php on line 15.
 1 SYSTEMPATH/CodeIgniter.php(914): App\Controllers\ControladorLogin->__construct()
 2 SYSTEMPATH/CodeIgniter.php(493): CodeIgniter\CodeIgniter->createController()
 3 SYSTEMPATH/CodeIgniter.php(361): CodeIgniter\CodeIgniter->handleRequest(null, Object(Config\Cache), false)
 4 FCPATH/index.php(79): CodeIgniter\CodeIgniter->run()
 5 SYSTEMPATH/Commands/Server/rewrite.php(47): require_once('/Users/cristopherrivas/Downloads/ControlEscolarWA-main/public/index.php')
INFO - 2023-11-22 01:26:43 --> Session: Class initialized using 'CodeIgniter\Session\Handlers\FileHandler' driver.
WARNING - 2023-11-22 01:26:43 --> [DEPRECATED] Creation of dynamic property App\Controllers\ControladorLogin::$session is deprecated in APPPATH/Controllers/ControladorLogin.php on line 15.
 1 SYSTEMPATH/CodeIgniter.php(914): App\Controllers\ControladorLogin->__construct()
 2 SYSTEMPATH/CodeIgniter.php(493): CodeIgniter\CodeIgniter->createController()
 3 SYSTEMPATH/CodeIgniter.php(361): CodeIgniter\CodeIgniter->handleRequest(null, Object(Config\Cache), false)
 4 FCPATH/index.php(79): CodeIgniter\CodeIgniter->run()
 5 SYSTEMPATH/Commands/Server/rewrite.php(47): require_once('/Users/cristopherrivas/Downloads/ControlEscolarWA-main/public/index.php')
INFO - 2023-11-22 01:26:44 --> Session: Class initialized using 'CodeIgniter\Session\Handlers\FileHandler' driver.
WARNING - 2023-11-22 01:26:44 --> [DEPRECATED] Creation of dynamic property App\Controllers\ControladorLogin::$session is deprecated in APPPATH/Controllers/ControladorLogin.php on line 15.
 1 SYSTEMPATH/CodeIgniter.php(914): App\Controllers\ControladorLogin->__construct()
 2 SYSTEMPATH/CodeIgniter.php(493): CodeIgniter\CodeIgniter->createController()
 3 SYSTEMPATH/CodeIgniter.php(361): CodeIgniter\CodeIgniter->handleRequest(null, Object(Config\Cache), false)
 4 FCPATH/index.php(79): CodeIgniter\CodeIgniter->run()
 5 SYSTEMPATH/Commands/Server/rewrite.php(47): require_once('/Users/cristopherrivas/Downloads/ControlEscolarWA-main/public/index.php')
INFO - 2023-11-22 01:26:54 --> Session: Class initialized using 'CodeIgniter\Session\Handlers\FileHandler' driver.
WARNING - 2023-11-22 01:26:54 --> [DEPRECATED] Creation of dynamic property App\Controllers\ControladorLogin::$session is deprecated in APPPATH/Controllers/ControladorLogin.php on line 15.
 1 SYSTEMPATH/CodeIgniter.php(914): App\Controllers\ControladorLogin->__construct()
 2 SYSTEMPATH/CodeIgniter.php(493): CodeIgniter\CodeIgniter->createController()
 3 SYSTEMPATH/CodeIgniter.php(361): CodeIgniter\CodeIgniter->handleRequest(null, Object(Config\Cache), false)
 4 FCPATH/index.php(79): CodeIgniter\CodeIgniter->run()
 5 SYSTEMPATH/Commands/Server/rewrite.php(47): require_once('/Users/cristopherrivas/Downloads/ControlEscolarWA-main/public/index.php')
INFO - 2023-11-22 01:27:03 --> Session: Class initialized using 'CodeIgniter\Session\Handlers\FileHandler' driver.
WARNING - 2023-11-22 01:27:03 --> [DEPRECATED] Creation of dynamic property App\Controllers\ControladorLogin::$session is deprecated in APPPATH/Controllers/ControladorLogin.php on line 15.
 1 SYSTEMPATH/CodeIgniter.php(914): App\Controllers\ControladorLogin->__construct()
 2 SYSTEMPATH/CodeIgniter.php(493): CodeIgniter\CodeIgniter->createController()
 3 SYSTEMPATH/CodeIgniter.php(361): CodeIgniter\CodeIgniter->handleRequest(null, Object(Config\Cache), false)
 4 FCPATH/index.php(79): CodeIgniter\CodeIgniter->run()
 5 SYSTEMPATH/Commands/Server/rewrite.php(47): require_once('/Users/cristopherrivas/Downloads/ControlEscolarWA-main/public/index.php')
INFO - 2023-11-22 01:27:20 --> Session: Class initialized using 'CodeIgniter\Session\Handlers\FileHandler' driver.
WARNING - 2023-11-22 01:27:20 --> [DEPRECATED] Creation of dynamic property App\Controllers\ControladorLogin::$session is deprecated in APPPATH/Controllers/ControladorLogin.php on line 15.
 1 SYSTEMPATH/CodeIgniter.php(914): App\Controllers\ControladorLogin->__construct()
 2 SYSTEMPATH/CodeIgniter.php(493): CodeIgniter\CodeIgniter->createController()
 3 SYSTEMPATH/CodeIgniter.php(361): CodeIgniter\CodeIgniter->handleRequest(null, Object(Config\Cache), false)
 4 FCPATH/index.php(79): CodeIgniter\CodeIgniter->run()
 5 SYSTEMPATH/Commands/Server/rewrite.php(47): require_once('/Users/cristopherrivas/Downloads/ControlEscolarWA-main/public/index.php')
INFO - 2023-11-22 01:27:21 --> Session: Class initialized using 'CodeIgniter\Session\Handlers\FileHandler' driver.
WARNING - 2023-11-22 01:27:21 --> [DEPRECATED] Creation of dynamic property App\Controllers\ControladorLogin::$session is deprecated in APPPATH/Controllers/ControladorLogin.php on line 15.
 1 SYSTEMPATH/CodeIgniter.php(914): App\Controllers\ControladorLogin->__construct()
 2 SYSTEMPATH/CodeIgniter.php(493): CodeIgniter\CodeIgniter->createController()
 3 SYSTEMPATH/CodeIgniter.php(361): CodeIgniter\CodeIgniter->handleRequest(null, Object(Config\Cache), false)
 4 FCPATH/index.php(79): CodeIgniter\CodeIgniter->run()
 5 SYSTEMPATH/Commands/Server/rewrite.php(47): require_once('/Users/cristopherrivas/Downloads/ControlEscolarWA-main/public/index.php')
INFO - 2023-11-22 01:27:38 --> Session: Class initialized using 'CodeIgniter\Session\Handlers\FileHandler' driver.
WARNING - 2023-11-22 01:27:38 --> [DEPRECATED] Creation of dynamic property App\Controllers\ControladorLogin::$session is deprecated in APPPATH/Controllers/ControladorLogin.php on line 15.
 1 SYSTEMPATH/CodeIgniter.php(914): App\Controllers\ControladorLogin->__construct()
 2 SYSTEMPATH/CodeIgniter.php(493): CodeIgniter\CodeIgniter->createController()
 3 SYSTEMPATH/CodeIgniter.php(361): CodeIgniter\CodeIgniter->handleRequest(null, Object(Config\Cache), false)
 4 FCPATH/index.php(79): CodeIgniter\CodeIgniter->run()
 5 SYSTEMPATH/Commands/Server/rewrite.php(47): require_once('/Users/cristopherrivas/Downloads/ControlEscolarWA-main/public/index.php')
INFO - 2023-11-22 01:27:45 --> Session: Class initialized using 'CodeIgniter\Session\Handlers\FileHandler' driver.
WARNING - 2023-11-22 01:27:45 --> [DEPRECATED] Creation of dynamic property App\Controllers\ControladorLogin::$session is deprecated in APPPATH/Controllers/ControladorLogin.php on line 15.
 1 SYSTEMPATH/CodeIgniter.php(914): App\Controllers\ControladorLogin->__construct()
 2 SYSTEMPATH/CodeIgniter.php(493): CodeIgniter\CodeIgniter->createController()
 3 SYSTEMPATH/CodeIgniter.php(361): CodeIgniter\CodeIgniter->handleRequest(null, Object(Config\Cache), false)
 4 FCPATH/index.php(79): CodeIgniter\CodeIgniter->run()
 5 SYSTEMPATH/Commands/Server/rewrite.php(47): require_once('/Users/cristopherrivas/Downloads/ControlEscolarWA-main/public/index.php')
INFO - 2023-11-22 01:27:52 --> Session: Class initialized using 'CodeIgniter\Session\Handlers\FileHandler' driver.
WARNING - 2023-11-22 01:27:52 --> [DEPRECATED] Creation of dynamic property App\Controllers\ControladorLogin::$session is deprecated in APPPATH/Controllers/ControladorLogin.php on line 15.
 1 SYSTEMPATH/CodeIgniter.php(914): App\Controllers\ControladorLogin->__construct()
 2 SYSTEMPATH/CodeIgniter.php(493): CodeIgniter\CodeIgniter->createController()
 3 SYSTEMPATH/CodeIgniter.php(361): CodeIgniter\CodeIgniter->handleRequest(null, Object(Config\Cache), false)
 4 FCPATH/index.php(79): CodeIgniter\CodeIgniter->run()
 5 SYSTEMPATH/Commands/Server/rewrite.php(47): require_once('/Users/cristopherrivas/Downloads/ControlEscolarWA-main/public/index.php')
INFO - 2023-11-22 01:27:53 --> Session: Class initialized using 'CodeIgniter\Session\Handlers\FileHandler' driver.
WARNING - 2023-11-22 01:27:53 --> [DEPRECATED] Creation of dynamic property App\Controllers\ControladorLogin::$session is deprecated in APPPATH/Controllers/ControladorLogin.php on line 15.
 1 SYSTEMPATH/CodeIgniter.php(914): App\Controllers\ControladorLogin->__construct()
 2 SYSTEMPATH/CodeIgniter.php(493): CodeIgniter\CodeIgniter->createController()
 3 SYSTEMPATH/CodeIgniter.php(361): CodeIgniter\CodeIgniter->handleRequest(null, Object(Config\Cache), false)
 4 FCPATH/index.php(79): CodeIgniter\CodeIgniter->run()
 5 SYSTEMPATH/Commands/Server/rewrite.php(47): require_once('/Users/cristopherrivas/Downloads/ControlEscolarWA-main/public/index.php')
INFO - 2023-11-22 01:28:04 --> Session: Class initialized using 'CodeIgniter\Session\Handlers\FileHandler' driver.
WARNING - 2023-11-22 01:28:04 --> [DEPRECATED] Creation of dynamic property App\Controllers\ControladorLogin::$session is deprecated in APPPATH/Controllers/ControladorLogin.php on line 15.
 1 SYSTEMPATH/CodeIgniter.php(914): App\Controllers\ControladorLogin->__construct()
 2 SYSTEMPATH/CodeIgniter.php(493): CodeIgniter\CodeIgniter->createController()
 3 SYSTEMPATH/CodeIgniter.php(361): CodeIgniter\CodeIgniter->handleRequest(null, Object(Config\Cache), false)
 4 FCPATH/index.php(79): CodeIgniter\CodeIgniter->run()
 5 SYSTEMPATH/Commands/Server/rewrite.php(47): require_once('/Users/cristopherrivas/Downloads/ControlEscolarWA-main/public/index.php')
INFO - 2023-11-22 01:28:10 --> Session: Class initialized using 'CodeIgniter\Session\Handlers\FileHandler' driver.
WARNING - 2023-11-22 01:28:10 --> [DEPRECATED] Creation of dynamic property App\Controllers\ControladorLogin::$session is deprecated in APPPATH/Controllers/ControladorLogin.php on line 15.
 1 SYSTEMPATH/CodeIgniter.php(914): App\Controllers\ControladorLogin->__construct()
 2 SYSTEMPATH/CodeIgniter.php(493): CodeIgniter\CodeIgniter->createController()
 3 SYSTEMPATH/CodeIgniter.php(361): CodeIgniter\CodeIgniter->handleRequest(null, Object(Config\Cache), false)
 4 FCPATH/index.php(79): CodeIgniter\CodeIgniter->run()
 5 SYSTEMPATH/Commands/Server/rewrite.php(47): require_once('/Users/cristopherrivas/Downloads/ControlEscolarWA-main/public/index.php')
INFO - 2023-11-22 01:30:22 --> Session: Class initialized using 'CodeIgniter\Session\Handlers\FileHandler' driver.
WARNING - 2023-11-22 01:30:22 --> [DEPRECATED] Creation of dynamic property App\Controllers\ControladorLogin::$session is deprecated in APPPATH/Controllers/ControladorLogin.php on line 15.
 1 SYSTEMPATH/CodeIgniter.php(914): App\Controllers\ControladorLogin->__construct()
 2 SYSTEMPATH/CodeIgniter.php(493): CodeIgniter\CodeIgniter->createController()
 3 SYSTEMPATH/CodeIgniter.php(361): CodeIgniter\CodeIgniter->handleRequest(null, Object(Config\Cache), false)
 4 FCPATH/index.php(79): CodeIgniter\CodeIgniter->run()
 5 SYSTEMPATH/Commands/Server/rewrite.php(47): require_once('/Users/cristopherrivas/Downloads/ControlEscolarWA-main/public/index.php')
INFO - 2023-11-22 01:30:25 --> Session: Class initialized using 'CodeIgniter\Session\Handlers\FileHandler' driver.
WARNING - 2023-11-22 01:30:25 --> [DEPRECATED] Creation of dynamic property App\Controllers\ControladorLogin::$session is deprecated in APPPATH/Controllers/ControladorLogin.php on line 15.
 1 SYSTEMPATH/CodeIgniter.php(914): App\Controllers\ControladorLogin->__construct()
 2 SYSTEMPATH/CodeIgniter.php(493): CodeIgniter\CodeIgniter->createController()
 3 SYSTEMPATH/CodeIgniter.php(361): CodeIgniter\CodeIgniter->handleRequest(null, Object(Config\Cache), false)
 4 FCPATH/index.php(79): CodeIgniter\CodeIgniter->run()
 5 SYSTEMPATH/Commands/Server/rewrite.php(47): require_once('/Users/cristopherrivas/Downloads/ControlEscolarWA-main/public/index.php')
INFO - 2023-11-22 01:30:28 --> Session: Class initialized using 'CodeIgniter\Session\Handlers\FileHandler' driver.
WARNING - 2023-11-22 01:30:28 --> [DEPRECATED] Creation of dynamic property App\Controllers\ControladorLogin::$session is deprecated in APPPATH/Controllers/ControladorLogin.php on line 15.
 1 SYSTEMPATH/CodeIgniter.php(914): App\Controllers\ControladorLogin->__construct()
 2 SYSTEMPATH/CodeIgniter.php(493): CodeIgniter\CodeIgniter->createController()
 3 SYSTEMPATH/CodeIgniter.php(361): CodeIgniter\CodeIgniter->handleRequest(null, Object(Config\Cache), false)
 4 FCPATH/index.php(79): CodeIgniter\CodeIgniter->run()
 5 SYSTEMPATH/Commands/Server/rewrite.php(47): require_once('/Users/cristopherrivas/Downloads/ControlEscolarWA-main/public/index.php')
INFO - 2023-11-22 01:31:23 --> Session: Class initialized using 'CodeIgniter\Session\Handlers\FileHandler' driver.
WARNING - 2023-11-22 01:31:23 --> [DEPRECATED] Creation of dynamic property App\Controllers\ControladorLogin::$session is deprecated in APPPATH/Controllers/ControladorLogin.php on line 15.
 1 SYSTEMPATH/CodeIgniter.php(914): App\Controllers\ControladorLogin->__construct()
 2 SYSTEMPATH/CodeIgniter.php(493): CodeIgniter\CodeIgniter->createController()
 3 SYSTEMPATH/CodeIgniter.php(361): CodeIgniter\CodeIgniter->handleRequest(null, Object(Config\Cache), false)
 4 FCPATH/index.php(79): CodeIgniter\CodeIgniter->run()
 5 SYSTEMPATH/Commands/Server/rewrite.php(47): require_once('/Users/cristopherrivas/Downloads/ControlEscolarWA-main/public/index.php')
INFO - 2023-11-22 01:31:33 --> Session: Class initialized using 'CodeIgniter\Session\Handlers\FileHandler' driver.
WARNING - 2023-11-22 01:31:33 --> [DEPRECATED] Creation of dynamic property App\Controllers\ControladorLogin::$session is deprecated in APPPATH/Controllers/ControladorLogin.php on line 15.
 1 SYSTEMPATH/CodeIgniter.php(914): App\Controllers\ControladorLogin->__construct()
 2 SYSTEMPATH/CodeIgniter.php(493): CodeIgniter\CodeIgniter->createController()
 3 SYSTEMPATH/CodeIgniter.php(361): CodeIgniter\CodeIgniter->handleRequest(null, Object(Config\Cache), false)
 4 FCPATH/index.php(79): CodeIgniter\CodeIgniter->run()
 5 SYSTEMPATH/Commands/Server/rewrite.php(47): require_once('/Users/cristopherrivas/Downloads/ControlEscolarWA-main/public/index.php')
INFO - 2023-11-22 01:31:42 --> Session: Class initialized using 'CodeIgniter\Session\Handlers\FileHandler' driver.
WARNING - 2023-11-22 01:31:42 --> [DEPRECATED] Creation of dynamic property App\Controllers\ControladorLogin::$session is deprecated in APPPATH/Controllers/ControladorLogin.php on line 15.
 1 SYSTEMPATH/CodeIgniter.php(914): App\Controllers\ControladorLogin->__construct()
 2 SYSTEMPATH/CodeIgniter.php(493): CodeIgniter\CodeIgniter->createController()
 3 SYSTEMPATH/CodeIgniter.php(361): CodeIgniter\CodeIgniter->handleRequest(null, Object(Config\Cache), false)
 4 FCPATH/index.php(79): CodeIgniter\CodeIgniter->run()
 5 SYSTEMPATH/Commands/Server/rewrite.php(47): require_once('/Users/cristopherrivas/Downloads/ControlEscolarWA-main/public/index.php')
INFO - 2023-11-22 01:32:03 --> Session: Class initialized using 'CodeIgniter\Session\Handlers\FileHandler' driver.
WARNING - 2023-11-22 01:32:03 --> [DEPRECATED] Creation of dynamic property App\Controllers\ControladorLogin::$session is deprecated in APPPATH/Controllers/ControladorLogin.php on line 15.
 1 SYSTEMPATH/CodeIgniter.php(914): App\Controllers\ControladorLogin->__construct()
 2 SYSTEMPATH/CodeIgniter.php(493): CodeIgniter\CodeIgniter->createController()
 3 SYSTEMPATH/CodeIgniter.php(361): CodeIgniter\CodeIgniter->handleRequest(null, Object(Config\Cache), false)
 4 FCPATH/index.php(79): CodeIgniter\CodeIgniter->run()
 5 SYSTEMPATH/Commands/Server/rewrite.php(47): require_once('/Users/cristopherrivas/Downloads/ControlEscolarWA-main/public/index.php')
INFO - 2023-11-22 01:32:14 --> Session: Class initialized using 'CodeIgniter\Session\Handlers\FileHandler' driver.
WARNING - 2023-11-22 01:32:14 --> [DEPRECATED] Creation of dynamic property App\Controllers\ControladorLogin::$session is deprecated in APPPATH/Controllers/ControladorLogin.php on line 15.
 1 SYSTEMPATH/CodeIgniter.php(914): App\Controllers\ControladorLogin->__construct()
 2 SYSTEMPATH/CodeIgniter.php(493): CodeIgniter\CodeIgniter->createController()
 3 SYSTEMPATH/CodeIgniter.php(361): CodeIgniter\CodeIgniter->handleRequest(null, Object(Config\Cache), false)
 4 FCPATH/index.php(79): CodeIgniter\CodeIgniter->run()
 5 SYSTEMPATH/Commands/Server/rewrite.php(47): require_once('/Users/cristopherrivas/Downloads/ControlEscolarWA-main/public/index.php')
INFO - 2023-11-22 01:32:57 --> Session: Class initialized using 'CodeIgniter\Session\Handlers\FileHandler' driver.
WARNING - 2023-11-22 01:32:57 --> [DEPRECATED] Creation of dynamic property App\Controllers\ControladorLogin::$session is deprecated in APPPATH/Controllers/ControladorLogin.php on line 15.
 1 SYSTEMPATH/CodeIgniter.php(914): App\Controllers\ControladorLogin->__construct()
 2 SYSTEMPATH/CodeIgniter.php(493): CodeIgniter\CodeIgniter->createController()
 3 SYSTEMPATH/CodeIgniter.php(361): CodeIgniter\CodeIgniter->handleRequest(null, Object(Config\Cache), false)
 4 FCPATH/index.php(79): CodeIgniter\CodeIgniter->run()
 5 SYSTEMPATH/Commands/Server/rewrite.php(47): require_once('/Users/cristopherrivas/Downloads/ControlEscolarWA-main/public/index.php')
INFO - 2023-11-22 01:34:21 --> Session: Class initialized using 'CodeIgniter\Session\Handlers\FileHandler' driver.
WARNING - 2023-11-22 01:34:21 --> [DEPRECATED] Creation of dynamic property App\Controllers\ControladorLogin::$session is deprecated in APPPATH/Controllers/ControladorLogin.php on line 15.
 1 SYSTEMPATH/CodeIgniter.php(914): App\Controllers\ControladorLogin->__construct()
 2 SYSTEMPATH/CodeIgniter.php(493): CodeIgniter\CodeIgniter->createController()
 3 SYSTEMPATH/CodeIgniter.php(361): CodeIgniter\CodeIgniter->handleRequest(null, Object(Config\Cache), false)
 4 FCPATH/index.php(79): CodeIgniter\CodeIgniter->run()
 5 SYSTEMPATH/Commands/Server/rewrite.php(47): require_once('/Users/cristopherrivas/Downloads/ControlEscolarWA-main/public/index.php')
INFO - 2023-11-22 01:34:21 --> Session: Class initialized using 'CodeIgniter\Session\Handlers\FileHandler' driver.
WARNING - 2023-11-22 01:34:21 --> [DEPRECATED] Creation of dynamic property App\Controllers\ControladorLogin::$session is deprecated in APPPATH/Controllers/ControladorLogin.php on line 15.
 1 SYSTEMPATH/CodeIgniter.php(914): App\Controllers\ControladorLogin->__construct()
 2 SYSTEMPATH/CodeIgniter.php(493): CodeIgniter\CodeIgniter->createController()
 3 SYSTEMPATH/CodeIgniter.php(361): CodeIgniter\CodeIgniter->handleRequest(null, Object(Config\Cache), false)
 4 FCPATH/index.php(79): CodeIgniter\CodeIgniter->run()
 5 SYSTEMPATH/Commands/Server/rewrite.php(47): require_once('/Users/cristopherrivas/Downloads/ControlEscolarWA-main/public/index.php')
INFO - 2023-11-22 01:34:24 --> Session: Class initialized using 'CodeIgniter\Session\Handlers\FileHandler' driver.
WARNING - 2023-11-22 01:34:24 --> [DEPRECATED] Creation of dynamic property App\Controllers\ControladorAdmin::$session is deprecated in APPPATH/Controllers/ControladorAdmin.php on line 14.
 1 SYSTEMPATH/CodeIgniter.php(914): App\Controllers\ControladorAdmin->__construct()
 2 SYSTEMPATH/CodeIgniter.php(493): CodeIgniter\CodeIgniter->createController()
 3 SYSTEMPATH/CodeIgniter.php(361): CodeIgniter\CodeIgniter->handleRequest(null, Object(Config\Cache), false)
 4 FCPATH/index.php(79): CodeIgniter\CodeIgniter->run()
 5 SYSTEMPATH/Commands/Server/rewrite.php(47): require_once('/Users/cristopherrivas/Downloads/ControlEscolarWA-main/public/index.php')
INFO - 2023-11-22 01:34:30 --> Session: Class initialized using 'CodeIgniter\Session\Handlers\FileHandler' driver.
WARNING - 2023-11-22 01:34:30 --> [DEPRECATED] Creation of dynamic property App\Controllers\ControladorAdmin::$session is deprecated in APPPATH/Controllers/ControladorAdmin.php on line 14.
 1 SYSTEMPATH/CodeIgniter.php(914): App\Controllers\ControladorAdmin->__construct()
 2 SYSTEMPATH/CodeIgniter.php(493): CodeIgniter\CodeIgniter->createController()
 3 SYSTEMPATH/CodeIgniter.php(361): CodeIgniter\CodeIgniter->handleRequest(null, Object(Config\Cache), false)
 4 FCPATH/index.php(79): CodeIgniter\CodeIgniter->run()
 5 SYSTEMPATH/Commands/Server/rewrite.php(47): require_once('/Users/cristopherrivas/Downloads/ControlEscolarWA-main/public/index.php')
INFO - 2023-11-22 01:34:39 --> Session: Class initialized using 'CodeIgniter\Session\Handlers\FileHandler' driver.
WARNING - 2023-11-22 01:34:39 --> [DEPRECATED] Creation of dynamic property App\Controllers\ControladorAdmin::$session is deprecated in APPPATH/Controllers/ControladorAdmin.php on line 14.
 1 SYSTEMPATH/CodeIgniter.php(914): App\Controllers\ControladorAdmin->__construct()
 2 SYSTEMPATH/CodeIgniter.php(493): CodeIgniter\CodeIgniter->createController()
 3 SYSTEMPATH/CodeIgniter.php(361): CodeIgniter\CodeIgniter->handleRequest(null, Object(Config\Cache), false)
 4 FCPATH/index.php(79): CodeIgniter\CodeIgniter->run()
 5 SYSTEMPATH/Commands/Server/rewrite.php(47): require_once('/Users/cristopherrivas/Downloads/ControlEscolarWA-main/public/index.php')
INFO - 2023-11-22 23:15:02 --> Session: Class initialized using 'CodeIgniter\Session\Handlers\FileHandler' driver.
WARNING - 2023-11-22 23:15:02 --> [DEPRECATED] Creation of dynamic property App\Controllers\ControladorLogin::$session is deprecated in APPPATH/Controllers/ControladorLogin.php on line 15.
 1 SYSTEMPATH/CodeIgniter.php(914): App\Controllers\ControladorLogin->__construct()
 2 SYSTEMPATH/CodeIgniter.php(493): CodeIgniter\CodeIgniter->createController()
 3 SYSTEMPATH/CodeIgniter.php(361): CodeIgniter\CodeIgniter->handleRequest(null, Object(Config\Cache), false)
 4 FCPATH/index.php(79): CodeIgniter\CodeIgniter->run()
 5 SYSTEMPATH/Commands/Server/rewrite.php(47): require_once('/Users/cristopherrivas/Downloads/ControlEscolarWA-main/public/index.php')
INFO - 2023-11-22 23:15:02 --> Session: Class initialized using 'CodeIgniter\Session\Handlers\FileHandler' driver.
WARNING - 2023-11-22 23:15:02 --> [DEPRECATED] Creation of dynamic property App\Controllers\ControladorLogin::$session is deprecated in APPPATH/Controllers/ControladorLogin.php on line 15.
 1 SYSTEMPATH/CodeIgniter.php(914): App\Controllers\ControladorLogin->__construct()
 2 SYSTEMPATH/CodeIgniter.php(493): CodeIgniter\CodeIgniter->createController()
 3 SYSTEMPATH/CodeIgniter.php(361): CodeIgniter\CodeIgniter->handleRequest(null, Object(Config\Cache), false)
 4 FCPATH/index.php(79): CodeIgniter\CodeIgniter->run()
 5 SYSTEMPATH/Commands/Server/rewrite.php(47): require_once('/Users/cristopherrivas/Downloads/ControlEscolarWA-main/public/index.php')
INFO - 2023-11-22 23:15:13 --> Session: Class initialized using 'CodeIgniter\Session\Handlers\FileHandler' driver.
WARNING - 2023-11-22 23:15:13 --> [DEPRECATED] Creation of dynamic property App\Controllers\ControladorLogin::$session is deprecated in APPPATH/Controllers/ControladorLogin.php on line 15.
 1 SYSTEMPATH/CodeIgniter.php(914): App\Controllers\ControladorLogin->__construct()
 2 SYSTEMPATH/CodeIgniter.php(493): CodeIgniter\CodeIgniter->createController()
 3 SYSTEMPATH/CodeIgniter.php(361): CodeIgniter\CodeIgniter->handleRequest(null, Object(Config\Cache), false)
 4 FCPATH/index.php(79): CodeIgniter\CodeIgniter->run()
 5 SYSTEMPATH/Commands/Server/rewrite.php(47): require_once('/Users/cristopherrivas/Downloads/ControlEscolarWA-main/public/index.php')
INFO - 2023-11-22 23:15:17 --> Session: Class initialized using 'CodeIgniter\Session\Handlers\FileHandler' driver.
WARNING - 2023-11-22 23:15:17 --> [DEPRECATED] Creation of dynamic property App\Controllers\ControladorLogin::$session is deprecated in APPPATH/Controllers/ControladorLogin.php on line 15.
 1 SYSTEMPATH/CodeIgniter.php(914): App\Controllers\ControladorLogin->__construct()
 2 SYSTEMPATH/CodeIgniter.php(493): CodeIgniter\CodeIgniter->createController()
 3 SYSTEMPATH/CodeIgniter.php(361): CodeIgniter\CodeIgniter->handleRequest(null, Object(Config\Cache), false)
 4 FCPATH/index.php(79): CodeIgniter\CodeIgniter->run()
 5 SYSTEMPATH/Commands/Server/rewrite.php(47): require_once('/Users/cristopherrivas/Downloads/ControlEscolarWA-main/public/index.php')
INFO - 2023-11-22 23:15:22 --> Session: Class initialized using 'CodeIgniter\Session\Handlers\FileHandler' driver.
WARNING - 2023-11-22 23:15:22 --> [DEPRECATED] Creation of dynamic property App\Controllers\ControladorAdmin::$session is deprecated in APPPATH/Controllers/ControladorAdmin.php on line 14.
 1 SYSTEMPATH/CodeIgniter.php(914): App\Controllers\ControladorAdmin->__construct()
 2 SYSTEMPATH/CodeIgniter.php(493): CodeIgniter\CodeIgniter->createController()
 3 SYSTEMPATH/CodeIgniter.php(361): CodeIgniter\CodeIgniter->handleRequest(null, Object(Config\Cache), false)
 4 FCPATH/index.php(79): CodeIgniter\CodeIgniter->run()
 5 SYSTEMPATH/Commands/Server/rewrite.php(47): require_once('/Users/cristopherrivas/Downloads/ControlEscolarWA-main/public/index.php')
INFO - 2023-11-22 23:15:30 --> Session: Class initialized using 'CodeIgniter\Session\Handlers\FileHandler' driver.
WARNING - 2023-11-22 23:15:30 --> [DEPRECATED] Creation of dynamic property App\Controllers\ControladorAdmin::$session is deprecated in APPPATH/Controllers/ControladorAdmin.php on line 14.
 1 SYSTEMPATH/CodeIgniter.php(914): App\Controllers\ControladorAdmin->__construct()
 2 SYSTEMPATH/CodeIgniter.php(493): CodeIgniter\CodeIgniter->createController()
 3 SYSTEMPATH/CodeIgniter.php(361): CodeIgniter\CodeIgniter->handleRequest(null, Object(Config\Cache), false)
 4 FCPATH/index.php(79): CodeIgniter\CodeIgniter->run()
 5 SYSTEMPATH/Commands/Server/rewrite.php(47): require_once('/Users/cristopherrivas/Downloads/ControlEscolarWA-main/public/index.php')
INFO - 2023-11-22 23:16:02 --> Session: Class initialized using 'CodeIgniter\Session\Handlers\FileHandler' driver.
WARNING - 2023-11-22 23:16:02 --> [DEPRECATED] Creation of dynamic property App\Controllers\ControladorAdmin::$session is deprecated in APPPATH/Controllers/ControladorAdmin.php on line 14.
 1 SYSTEMPATH/CodeIgniter.php(914): App\Controllers\ControladorAdmin->__construct()
 2 SYSTEMPATH/CodeIgniter.php(493): CodeIgniter\CodeIgniter->createController()
 3 SYSTEMPATH/CodeIgniter.php(361): CodeIgniter\CodeIgniter->handleRequest(null, Object(Config\Cache), false)
 4 FCPATH/index.php(79): CodeIgniter\CodeIgniter->run()
 5 SYSTEMPATH/Commands/Server/rewrite.php(47): require_once('/Users/cristopherrivas/Downloads/ControlEscolarWA-main/public/index.php')
INFO - 2023-11-22 23:16:06 --> Session: Class initialized using 'CodeIgniter\Session\Handlers\FileHandler' driver.
WARNING - 2023-11-22 23:16:06 --> [DEPRECATED] Creation of dynamic property App\Controllers\ControladorLogin::$session is deprecated in APPPATH/Controllers/ControladorLogin.php on line 15.
 1 SYSTEMPATH/CodeIgniter.php(914): App\Controllers\ControladorLogin->__construct()
 2 SYSTEMPATH/CodeIgniter.php(493): CodeIgniter\CodeIgniter->createController()
 3 SYSTEMPATH/CodeIgniter.php(361): CodeIgniter\CodeIgniter->handleRequest(null, Object(Config\Cache), false)
 4 FCPATH/index.php(79): CodeIgniter\CodeIgniter->run()
 5 SYSTEMPATH/Commands/Server/rewrite.php(47): require_once('/Users/cristopherrivas/Downloads/ControlEscolarWA-main/public/index.php')
INFO - 2023-11-22 23:16:08 --> Session: Class initialized using 'CodeIgniter\Session\Handlers\FileHandler' driver.
WARNING - 2023-11-22 23:16:08 --> [DEPRECATED] Creation of dynamic property App\Controllers\ControladorLogin::$session is deprecated in APPPATH/Controllers/ControladorLogin.php on line 15.
 1 SYSTEMPATH/CodeIgniter.php(914): App\Controllers\ControladorLogin->__construct()
 2 SYSTEMPATH/CodeIgniter.php(493): CodeIgniter\CodeIgniter->createController()
 3 SYSTEMPATH/CodeIgniter.php(361): CodeIgniter\CodeIgniter->handleRequest(null, Object(Config\Cache), false)
 4 FCPATH/index.php(79): CodeIgniter\CodeIgniter->run()
 5 SYSTEMPATH/Commands/Server/rewrite.php(47): require_once('/Users/cristopherrivas/Downloads/ControlEscolarWA-main/public/index.php')
INFO - 2023-11-22 23:16:13 --> Session: Class initialized using 'CodeIgniter\Session\Handlers\FileHandler' driver.
WARNING - 2023-11-22 23:16:13 --> [DEPRECATED] Creation of dynamic property App\Controllers\ControladorLogin::$session is deprecated in APPPATH/Controllers/ControladorLogin.php on line 15.
 1 SYSTEMPATH/CodeIgniter.php(914): App\Controllers\ControladorLogin->__construct()
 2 SYSTEMPATH/CodeIgniter.php(493): CodeIgniter\CodeIgniter->createController()
 3 SYSTEMPATH/CodeIgniter.php(361): CodeIgniter\CodeIgniter->handleRequest(null, Object(Config\Cache), false)
 4 FCPATH/index.php(79): CodeIgniter\CodeIgniter->run()
 5 SYSTEMPATH/Commands/Server/rewrite.php(47): require_once('/Users/cristopherrivas/Downloads/ControlEscolarWA-main/public/index.php')
INFO - 2023-11-22 23:16:14 --> Session: Class initialized using 'CodeIgniter\Session\Handlers\FileHandler' driver.
WARNING - 2023-11-22 23:16:14 --> [DEPRECATED] Creation of dynamic property App\Controllers\ControladorLogin::$session is deprecated in APPPATH/Controllers/ControladorLogin.php on line 15.
 1 SYSTEMPATH/CodeIgniter.php(914): App\Controllers\ControladorLogin->__construct()
 2 SYSTEMPATH/CodeIgniter.php(493): CodeIgniter\CodeIgniter->createController()
 3 SYSTEMPATH/CodeIgniter.php(361): CodeIgniter\CodeIgniter->handleRequest(null, Object(Config\Cache), false)
 4 FCPATH/index.php(79): CodeIgniter\CodeIgniter->run()
 5 SYSTEMPATH/Commands/Server/rewrite.php(47): require_once('/Users/cristopherrivas/Downloads/ControlEscolarWA-main/public/index.php')
INFO - 2023-11-22 23:16:22 --> Session: Class initialized using 'CodeIgniter\Session\Handlers\FileHandler' driver.
WARNING - 2023-11-22 23:16:22 --> [DEPRECATED] Creation of dynamic property App\Controllers\ControladorLogin::$session is deprecated in APPPATH/Controllers/ControladorLogin.php on line 15.
 1 SYSTEMPATH/CodeIgniter.php(914): App\Controllers\ControladorLogin->__construct()
 2 SYSTEMPATH/CodeIgniter.php(493): CodeIgniter\CodeIgniter->createController()
 3 SYSTEMPATH/CodeIgniter.php(361): CodeIgniter\CodeIgniter->handleRequest(null, Object(Config\Cache), false)
 4 FCPATH/index.php(79): CodeIgniter\CodeIgniter->run()
 5 SYSTEMPATH/Commands/Server/rewrite.php(47): require_once('/Users/cristopherrivas/Downloads/ControlEscolarWA-main/public/index.php')
INFO - 2023-11-22 23:16:26 --> Session: Class initialized using 'CodeIgniter\Session\Handlers\FileHandler' driver.
WARNING - 2023-11-22 23:16:26 --> [DEPRECATED] Creation of dynamic property App\Controllers\ControladorLogin::$session is deprecated in APPPATH/Controllers/ControladorLogin.php on line 15.
 1 SYSTEMPATH/CodeIgniter.php(914): App\Controllers\ControladorLogin->__construct()
 2 SYSTEMPATH/CodeIgniter.php(493): CodeIgniter\CodeIgniter->createController()
 3 SYSTEMPATH/CodeIgniter.php(361): CodeIgniter\CodeIgniter->handleRequest(null, Object(Config\Cache), false)
 4 FCPATH/index.php(79): CodeIgniter\CodeIgniter->run()
 5 SYSTEMPATH/Commands/Server/rewrite.php(47): require_once('/Users/cristopherrivas/Downloads/ControlEscolarWA-main/public/index.php')
INFO - 2023-11-22 23:43:48 --> Session: Class initialized using 'CodeIgniter\Session\Handlers\FileHandler' driver.
WARNING - 2023-11-22 23:43:48 --> [DEPRECATED] Creation of dynamic property App\Controllers\ControladorLogin::$session is deprecated in APPPATH/Controllers/ControladorLogin.php on line 15.
 1 SYSTEMPATH/CodeIgniter.php(914): App\Controllers\ControladorLogin->__construct()
 2 SYSTEMPATH/CodeIgniter.php(493): CodeIgniter\CodeIgniter->createController()
 3 SYSTEMPATH/CodeIgniter.php(361): CodeIgniter\CodeIgniter->handleRequest(null, Object(Config\Cache), false)
 4 FCPATH/index.php(79): CodeIgniter\CodeIgniter->run()
 5 SYSTEMPATH/Commands/Server/rewrite.php(47): require_once('/Users/cristopherrivas/Downloads/ControlEscolarWA-main/public/index.php')
INFO - 2023-11-22 23:43:53 --> Session: Class initialized using 'CodeIgniter\Session\Handlers\FileHandler' driver.
WARNING - 2023-11-22 23:43:53 --> [DEPRECATED] Creation of dynamic property App\Controllers\ControladorLogin::$session is deprecated in APPPATH/Controllers/ControladorLogin.php on line 15.
 1 SYSTEMPATH/CodeIgniter.php(914): App\Controllers\ControladorLogin->__construct()
 2 SYSTEMPATH/CodeIgniter.php(493): CodeIgniter\CodeIgniter->createController()
 3 SYSTEMPATH/CodeIgniter.php(361): CodeIgniter\CodeIgniter->handleRequest(null, Object(Config\Cache), false)
 4 FCPATH/index.php(79): CodeIgniter\CodeIgniter->run()
 5 SYSTEMPATH/Commands/Server/rewrite.php(47): require_once('/Users/cristopherrivas/Downloads/ControlEscolarWA-main/public/index.php')
INFO - 2023-11-22 23:48:47 --> Session: Class initialized using 'CodeIgniter\Session\Handlers\FileHandler' driver.
WARNING - 2023-11-22 23:48:47 --> [DEPRECATED] Creation of dynamic property App\Controllers\ControladorLogin::$session is deprecated in APPPATH/Controllers/ControladorLogin.php on line 15.
 1 SYSTEMPATH/CodeIgniter.php(914): App\Controllers\ControladorLogin->__construct()
 2 SYSTEMPATH/CodeIgniter.php(493): CodeIgniter\CodeIgniter->createController()
 3 SYSTEMPATH/CodeIgniter.php(361): CodeIgniter\CodeIgniter->handleRequest(null, Object(Config\Cache), false)
 4 FCPATH/index.php(79): CodeIgniter\CodeIgniter->run()
 5 SYSTEMPATH/Commands/Server/rewrite.php(47): require_once('/Users/cristopherrivas/Downloads/ControlEscolarWA-main/public/index.php')
INFO - 2023-11-22 23:48:53 --> Session: Class initialized using 'CodeIgniter\Session\Handlers\FileHandler' driver.
WARNING - 2023-11-22 23:48:53 --> [DEPRECATED] Creation of dynamic property App\Controllers\ControladorLogin::$session is deprecated in APPPATH/Controllers/ControladorLogin.php on line 15.
 1 SYSTEMPATH/CodeIgniter.php(914): App\Controllers\ControladorLogin->__construct()
 2 SYSTEMPATH/CodeIgniter.php(493): CodeIgniter\CodeIgniter->createController()
 3 SYSTEMPATH/CodeIgniter.php(361): CodeIgniter\CodeIgniter->handleRequest(null, Object(Config\Cache), false)
 4 FCPATH/index.php(79): CodeIgniter\CodeIgniter->run()
 5 SYSTEMPATH/Commands/Server/rewrite.php(47): require_once('/Users/cristopherrivas/Downloads/ControlEscolarWA-main/public/index.php')
INFO - 2023-11-22 23:49:02 --> Session: Class initialized using 'CodeIgniter\Session\Handlers\FileHandler' driver.
WARNING - 2023-11-22 23:49:02 --> [DEPRECATED] Creation of dynamic property App\Controllers\ControladorLogin::$session is deprecated in APPPATH/Controllers/ControladorLogin.php on line 15.
 1 SYSTEMPATH/CodeIgniter.php(914): App\Controllers\ControladorLogin->__construct()
 2 SYSTEMPATH/CodeIgniter.php(493): CodeIgniter\CodeIgniter->createController()
 3 SYSTEMPATH/CodeIgniter.php(361): CodeIgniter\CodeIgniter->handleRequest(null, Object(Config\Cache), false)
 4 FCPATH/index.php(79): CodeIgniter\CodeIgniter->run()
 5 SYSTEMPATH/Commands/Server/rewrite.php(47): require_once('/Users/cristopherrivas/Downloads/ControlEscolarWA-main/public/index.php')
INFO - 2023-11-22 23:49:07 --> Session: Class initialized using 'CodeIgniter\Session\Handlers\FileHandler' driver.
WARNING - 2023-11-22 23:49:07 --> [DEPRECATED] Creation of dynamic property App\Controllers\ControladorAdmin::$session is deprecated in APPPATH/Controllers/ControladorAdmin.php on line 14.
 1 SYSTEMPATH/CodeIgniter.php(914): App\Controllers\ControladorAdmin->__construct()
 2 SYSTEMPATH/CodeIgniter.php(493): CodeIgniter\CodeIgniter->createController()
 3 SYSTEMPATH/CodeIgniter.php(361): CodeIgniter\CodeIgniter->handleRequest(null, Object(Config\Cache), false)
 4 FCPATH/index.php(79): CodeIgniter\CodeIgniter->run()
 5 SYSTEMPATH/Commands/Server/rewrite.php(47): require_once('/Users/cristopherrivas/Downloads/ControlEscolarWA-main/public/index.php')
INFO - 2023-11-22 23:49:20 --> Session: Class initialized using 'CodeIgniter\Session\Handlers\FileHandler' driver.
WARNING - 2023-11-22 23:49:20 --> [DEPRECATED] Creation of dynamic property App\Controllers\ControladorLogin::$session is deprecated in APPPATH/Controllers/ControladorLogin.php on line 15.
 1 SYSTEMPATH/CodeIgniter.php(914): App\Controllers\ControladorLogin->__construct()
 2 SYSTEMPATH/CodeIgniter.php(493): CodeIgniter\CodeIgniter->createController()
 3 SYSTEMPATH/CodeIgniter.php(361): CodeIgniter\CodeIgniter->handleRequest(null, Object(Config\Cache), false)
 4 FCPATH/index.php(79): CodeIgniter\CodeIgniter->run()
 5 SYSTEMPATH/Commands/Server/rewrite.php(47): require_once('/Users/cristopherrivas/Downloads/ControlEscolarWA-main/public/index.php')
INFO - 2023-11-22 23:49:26 --> Session: Class initialized using 'CodeIgniter\Session\Handlers\FileHandler' driver.
WARNING - 2023-11-22 23:49:26 --> [DEPRECATED] Creation of dynamic property App\Controllers\ControladorAdmin::$session is deprecated in APPPATH/Controllers/ControladorAdmin.php on line 14.
 1 SYSTEMPATH/CodeIgniter.php(914): App\Controllers\ControladorAdmin->__construct()
 2 SYSTEMPATH/CodeIgniter.php(493): CodeIgniter\CodeIgniter->createController()
 3 SYSTEMPATH/CodeIgniter.php(361): CodeIgniter\CodeIgniter->handleRequest(null, Object(Config\Cache), false)
 4 FCPATH/index.php(79): CodeIgniter\CodeIgniter->run()
 5 SYSTEMPATH/Commands/Server/rewrite.php(47): require_once('/Users/cristopherrivas/Downloads/ControlEscolarWA-main/public/index.php')
INFO - 2023-11-22 23:50:31 --> Session: Class initialized using 'CodeIgniter\Session\Handlers\FileHandler' driver.
WARNING - 2023-11-22 23:50:31 --> [DEPRECATED] Creation of dynamic property App\Controllers\ControladorLogin::$session is deprecated in APPPATH/Controllers/ControladorLogin.php on line 15.
 1 SYSTEMPATH/CodeIgniter.php(914): App\Controllers\ControladorLogin->__construct()
 2 SYSTEMPATH/CodeIgniter.php(493): CodeIgniter\CodeIgniter->createController()
 3 SYSTEMPATH/CodeIgniter.php(361): CodeIgniter\CodeIgniter->handleRequest(null, Object(Config\Cache), false)
 4 FCPATH/index.php(79): CodeIgniter\CodeIgniter->run()
 5 SYSTEMPATH/Commands/Server/rewrite.php(47): require_once('/Users/cristopherrivas/Downloads/ControlEscolarWA-main/public/index.php')
INFO - 2023-11-22 23:53:11 --> Session: Class initialized using 'CodeIgniter\Session\Handlers\FileHandler' driver.
WARNING - 2023-11-22 23:53:11 --> [DEPRECATED] Creation of dynamic property App\Controllers\ControladorLogin::$session is deprecated in APPPATH/Controllers/ControladorLogin.php on line 15.
 1 SYSTEMPATH/CodeIgniter.php(914): App\Controllers\ControladorLogin->__construct()
 2 SYSTEMPATH/CodeIgniter.php(493): CodeIgniter\CodeIgniter->createController()
 3 SYSTEMPATH/CodeIgniter.php(361): CodeIgniter\CodeIgniter->handleRequest(null, Object(Config\Cache), false)
 4 FCPATH/index.php(79): CodeIgniter\CodeIgniter->run()
 5 SYSTEMPATH/Commands/Server/rewrite.php(47): require_once('/Users/cristopherrivas/Downloads/ControlEscolarWA-main/public/index.php')
CRITICAL - 2023-11-22 23:53:11 --> Undefined variable $rol
in APPPATH/Views/layouts/base.php on line 21.
 1 APPPATH/Views/layouts/base.php(21): CodeIgniter\Debug\Exceptions->errorHandler(2, 'Undefined variable $rol', '/Users/cristopherrivas/Downloads/ControlEscolarWA-main/app/Views/layouts/base.php', 21)
 2 SYSTEMPATH/View/View.php(228): include('/Users/cristopherrivas/Downloads/ControlEscolarWA-main/app/Views/layouts/base.php')
 3 SYSTEMPATH/View/View.php(231): CodeIgniter\View\View->CodeIgniter\View\{closure}()
 4 SYSTEMPATH/View/View.php(244): CodeIgniter\View\View->render('layouts/base', [], true)
 5 SYSTEMPATH/Common.php(1190): CodeIgniter\View\View->render('menus/menuprincipal', [], true)
 6 APPPATH/Controllers/ControladorLogin.php(27): view('menus/menuprincipal')
 7 SYSTEMPATH/CodeIgniter.php(942): App\Controllers\ControladorLogin->menu()
 8 SYSTEMPATH/CodeIgniter.php(502): CodeIgniter\CodeIgniter->runController(Object(App\Controllers\ControladorLogin))
 9 SYSTEMPATH/CodeIgniter.php(361): CodeIgniter\CodeIgniter->handleRequest(null, Object(Config\Cache), false)
10 FCPATH/index.php(79): CodeIgniter\CodeIgniter->run()
11 SYSTEMPATH/Commands/Server/rewrite.php(47): require_once('/Users/cristopherrivas/Downloads/ControlEscolarWA-main/public/index.php')
INFO - 2023-11-22 23:53:54 --> Session: Class initialized using 'CodeIgniter\Session\Handlers\FileHandler' driver.
WARNING - 2023-11-22 23:53:54 --> [DEPRECATED] Creation of dynamic property App\Controllers\ControladorLogin::$session is deprecated in APPPATH/Controllers/ControladorLogin.php on line 15.
 1 SYSTEMPATH/CodeIgniter.php(914): App\Controllers\ControladorLogin->__construct()
 2 SYSTEMPATH/CodeIgniter.php(493): CodeIgniter\CodeIgniter->createController()
 3 SYSTEMPATH/CodeIgniter.php(361): CodeIgniter\CodeIgniter->handleRequest(null, Object(Config\Cache), false)
 4 FCPATH/index.php(79): CodeIgniter\CodeIgniter->run()
 5 SYSTEMPATH/Commands/Server/rewrite.php(47): require_once('/Users/cristopherrivas/Downloads/ControlEscolarWA-main/public/index.php')
INFO - 2023-11-22 23:53:57 --> Session: Class initialized using 'CodeIgniter\Session\Handlers\FileHandler' driver.
WARNING - 2023-11-22 23:53:57 --> [DEPRECATED] Creation of dynamic property App\Controllers\ControladorAdmin::$session is deprecated in APPPATH/Controllers/ControladorAdmin.php on line 14.
 1 SYSTEMPATH/CodeIgniter.php(914): App\Controllers\ControladorAdmin->__construct()
 2 SYSTEMPATH/CodeIgniter.php(493): CodeIgniter\CodeIgniter->createController()
 3 SYSTEMPATH/CodeIgniter.php(361): CodeIgniter\CodeIgniter->handleRequest(null, Object(Config\Cache), false)
 4 FCPATH/index.php(79): CodeIgniter\CodeIgniter->run()
 5 SYSTEMPATH/Commands/Server/rewrite.php(47): require_once('/Users/cristopherrivas/Downloads/ControlEscolarWA-main/public/index.php')
INFO - 2023-11-22 23:54:08 --> Session: Class initialized using 'CodeIgniter\Session\Handlers\FileHandler' driver.
WARNING - 2023-11-22 23:54:08 --> [DEPRECATED] Creation of dynamic property App\Controllers\ControladorAdmin::$session is deprecated in APPPATH/Controllers/ControladorAdmin.php on line 14.
 1 SYSTEMPATH/CodeIgniter.php(914): App\Controllers\ControladorAdmin->__construct()
 2 SYSTEMPATH/CodeIgniter.php(493): CodeIgniter\CodeIgniter->createController()
 3 SYSTEMPATH/CodeIgniter.php(361): CodeIgniter\CodeIgniter->handleRequest(null, Object(Config\Cache), false)
 4 FCPATH/index.php(79): CodeIgniter\CodeIgniter->run()
 5 SYSTEMPATH/Commands/Server/rewrite.php(47): require_once('/Users/cristopherrivas/Downloads/ControlEscolarWA-main/public/index.php')
INFO - 2023-11-22 23:54:46 --> Session: Class initialized using 'CodeIgniter\Session\Handlers\FileHandler' driver.
WARNING - 2023-11-22 23:54:46 --> [DEPRECATED] Creation of dynamic property App\Controllers\ControladorAdmin::$session is deprecated in APPPATH/Controllers/ControladorAdmin.php on line 14.
 1 SYSTEMPATH/CodeIgniter.php(914): App\Controllers\ControladorAdmin->__construct()
 2 SYSTEMPATH/CodeIgniter.php(493): CodeIgniter\CodeIgniter->createController()
 3 SYSTEMPATH/CodeIgniter.php(361): CodeIgniter\CodeIgniter->handleRequest(null, Object(Config\Cache), false)
 4 FCPATH/index.php(79): CodeIgniter\CodeIgniter->run()
 5 SYSTEMPATH/Commands/Server/rewrite.php(47): require_once('/Users/cristopherrivas/Downloads/ControlEscolarWA-main/public/index.php')
INFO - 2023-11-22 23:54:50 --> Session: Class initialized using 'CodeIgniter\Session\Handlers\FileHandler' driver.
WARNING - 2023-11-22 23:54:50 --> [DEPRECATED] Creation of dynamic property App\Controllers\ControladorLogin::$session is deprecated in APPPATH/Controllers/ControladorLogin.php on line 15.
 1 SYSTEMPATH/CodeIgniter.php(914): App\Controllers\ControladorLogin->__construct()
 2 SYSTEMPATH/CodeIgniter.php(493): CodeIgniter\CodeIgniter->createController()
 3 SYSTEMPATH/CodeIgniter.php(361): CodeIgniter\CodeIgniter->handleRequest(null, Object(Config\Cache), false)
 4 FCPATH/index.php(79): CodeIgniter\CodeIgniter->run()
 5 SYSTEMPATH/Commands/Server/rewrite.php(47): require_once('/Users/cristopherrivas/Downloads/ControlEscolarWA-main/public/index.php')
INFO - 2023-11-22 23:55:22 --> Session: Class initialized using 'CodeIgniter\Session\Handlers\FileHandler' driver.
WARNING - 2023-11-22 23:55:22 --> [DEPRECATED] Creation of dynamic property App\Controllers\ControladorLogin::$session is deprecated in APPPATH/Controllers/ControladorLogin.php on line 15.
 1 SYSTEMPATH/CodeIgniter.php(914): App\Controllers\ControladorLogin->__construct()
 2 SYSTEMPATH/CodeIgniter.php(493): CodeIgniter\CodeIgniter->createController()
 3 SYSTEMPATH/CodeIgniter.php(361): CodeIgniter\CodeIgniter->handleRequest(null, Object(Config\Cache), false)
 4 FCPATH/index.php(79): CodeIgniter\CodeIgniter->run()
 5 SYSTEMPATH/Commands/Server/rewrite.php(47): require_once('/Users/cristopherrivas/Downloads/ControlEscolarWA-main/public/index.php')
