INFO - 2023-11-30 22:41:22 --> Session: Class initialized using 'CodeIgniter\Session\Handlers\FileHandler' driver.
WARNING - 2023-11-30 22:41:22 --> [DEPRECATED] Creation of dynamic property App\Controllers\ControladorMenu::$session is deprecated in APPPATH/Controllers/ControladorMenu.php on line 19.
 1 SYSTEMPATH/CodeIgniter.php(914): App\Controllers\ControladorMenu->__construct()
 2 SYSTEMPATH/CodeIgniter.php(493): CodeIgniter\CodeIgniter->createController()
 3 SYSTEMPATH/CodeIgniter.php(361): CodeIgniter\CodeIgniter->handleRequest(null, Object(Config\Cache), false)
 4 FCPATH/index.php(79): CodeIgniter\CodeIgniter->run()
 5 SYSTEMPATH/Commands/Server/rewrite.php(47): require_once('/Users/cristopherrivas/Documents/GitHub/ControlEscolarWA-main/public/index.php')
WARNING - 2023-11-30 22:41:22 --> [DEPRECATED] Creation of dynamic property App\Controllers\ControladorMenu::$modeloSemestreMateria is deprecated in APPPATH/Controllers/ControladorMenu.php on line 22.
 1 SYSTEMPATH/CodeIgniter.php(914): App\Controllers\ControladorMenu->__construct()
 2 SYSTEMPATH/CodeIgniter.php(493): CodeIgniter\CodeIgniter->createController()
 3 SYSTEMPATH/CodeIgniter.php(361): CodeIgniter\CodeIgniter->handleRequest(null, Object(Config\Cache), false)
 4 FCPATH/index.php(79): CodeIgniter\CodeIgniter->run()
 5 SYSTEMPATH/Commands/Server/rewrite.php(47): require_once('/Users/cristopherrivas/Documents/GitHub/ControlEscolarWA-main/public/index.php')
INFO - 2023-11-30 22:41:22 --> Session: Class initialized using 'CodeIgniter\Session\Handlers\FileHandler' driver.
WARNING - 2023-11-30 22:41:22 --> [DEPRECATED] Creation of dynamic property App\Controllers\ControladorLogin::$session is deprecated in APPPATH/Controllers/ControladorLogin.php on line 15.
 1 SYSTEMPATH/CodeIgniter.php(914): App\Controllers\ControladorLogin->__construct()
 2 SYSTEMPATH/CodeIgniter.php(493): CodeIgniter\CodeIgniter->createController()
 3 SYSTEMPATH/CodeIgniter.php(361): CodeIgniter\CodeIgniter->handleRequest(null, Object(Config\Cache), false)
 4 FCPATH/index.php(79): CodeIgniter\CodeIgniter->run()
 5 SYSTEMPATH/Commands/Server/rewrite.php(47): require_once('/Users/cristopherrivas/Documents/GitHub/ControlEscolarWA-main/public/index.php')
INFO - 2023-11-30 22:42:31 --> Session: Class initialized using 'CodeIgniter\Session\Handlers\FileHandler' driver.
WARNING - 2023-11-30 22:42:31 --> [DEPRECATED] Creation of dynamic property App\Controllers\ControladorLogin::$session is deprecated in APPPATH/Controllers/ControladorLogin.php on line 15.
 1 SYSTEMPATH/CodeIgniter.php(914): App\Controllers\ControladorLogin->__construct()
 2 SYSTEMPATH/CodeIgniter.php(493): CodeIgniter\CodeIgniter->createController()
 3 SYSTEMPATH/CodeIgniter.php(361): CodeIgniter\CodeIgniter->handleRequest(null, Object(Config\Cache), false)
 4 FCPATH/index.php(79): CodeIgniter\CodeIgniter->run()
 5 SYSTEMPATH/Commands/Server/rewrite.php(47): require_once('/Users/cristopherrivas/Documents/GitHub/ControlEscolarWA-main/public/index.php')
INFO - 2023-11-30 22:43:17 --> Session: Class initialized using 'CodeIgniter\Session\Handlers\FileHandler' driver.
WARNING - 2023-11-30 22:43:17 --> [DEPRECATED] Creation of dynamic property App\Controllers\ControladorMenu::$session is deprecated in APPPATH/Controllers/ControladorMenu.php on line 19.
 1 SYSTEMPATH/CodeIgniter.php(914): App\Controllers\ControladorMenu->__construct()
 2 SYSTEMPATH/CodeIgniter.php(493): CodeIgniter\CodeIgniter->createController()
 3 SYSTEMPATH/CodeIgniter.php(361): CodeIgniter\CodeIgniter->handleRequest(null, Object(Config\Cache), false)
 4 FCPATH/index.php(79): CodeIgniter\CodeIgniter->run()
 5 SYSTEMPATH/Commands/Server/rewrite.php(47): require_once('/Users/cristopherrivas/Documents/GitHub/ControlEscolarWA-main/public/index.php')
WARNING - 2023-11-30 22:43:17 --> [DEPRECATED] Creation of dynamic property App\Controllers\ControladorMenu::$modeloSemestreMateria is deprecated in APPPATH/Controllers/ControladorMenu.php on line 22.
 1 SYSTEMPATH/CodeIgniter.php(914): App\Controllers\ControladorMenu->__construct()
 2 SYSTEMPATH/CodeIgniter.php(493): CodeIgniter\CodeIgniter->createController()
 3 SYSTEMPATH/CodeIgniter.php(361): CodeIgniter\CodeIgniter->handleRequest(null, Object(Config\Cache), false)
 4 FCPATH/index.php(79): CodeIgniter\CodeIgniter->run()
 5 SYSTEMPATH/Commands/Server/rewrite.php(47): require_once('/Users/cristopherrivas/Documents/GitHub/ControlEscolarWA-main/public/index.php')
INFO - 2023-11-30 22:43:28 --> Session: Class initialized using 'CodeIgniter\Session\Handlers\FileHandler' driver.
WARNING - 2023-11-30 22:43:29 --> [DEPRECATED] Creation of dynamic property App\Controllers\ControladorMenu::$session is deprecated in APPPATH/Controllers/ControladorMenu.php on line 19.
 1 SYSTEMPATH/CodeIgniter.php(914): App\Controllers\ControladorMenu->__construct()
 2 SYSTEMPATH/CodeIgniter.php(493): CodeIgniter\CodeIgniter->createController()
 3 SYSTEMPATH/CodeIgniter.php(361): CodeIgniter\CodeIgniter->handleRequest(null, Object(Config\Cache), false)
 4 FCPATH/index.php(79): CodeIgniter\CodeIgniter->run()
 5 SYSTEMPATH/Commands/Server/rewrite.php(47): require_once('/Users/cristopherrivas/Documents/GitHub/ControlEscolarWA-main/public/index.php')
WARNING - 2023-11-30 22:43:29 --> [DEPRECATED] Creation of dynamic property App\Controllers\ControladorMenu::$modeloSemestreMateria is deprecated in APPPATH/Controllers/ControladorMenu.php on line 22.
 1 SYSTEMPATH/CodeIgniter.php(914): App\Controllers\ControladorMenu->__construct()
 2 SYSTEMPATH/CodeIgniter.php(493): CodeIgniter\CodeIgniter->createController()
 3 SYSTEMPATH/CodeIgniter.php(361): CodeIgniter\CodeIgniter->handleRequest(null, Object(Config\Cache), false)
 4 FCPATH/index.php(79): CodeIgniter\CodeIgniter->run()
 5 SYSTEMPATH/Commands/Server/rewrite.php(47): require_once('/Users/cristopherrivas/Documents/GitHub/ControlEscolarWA-main/public/index.php')
