INFO - 2023-11-21 01:23:35 --> Session: Class initialized using 'CodeIgniter\Session\Handlers\FileHandler' driver.
WARNING - 2023-11-21 01:23:35 --> [DEPRECATED] Creation of dynamic property App\Controllers\ControladorLogin::$session is deprecated in APPPATH\Controllers\ControladorLogin.php on line 15.
 1 SYSTEMPATH\CodeIgniter.php(914): App\Controllers\ControladorLogin->__construct()
 2 SYSTEMPATH\CodeIgniter.php(493): CodeIgniter\CodeIgniter->createController()
 3 SYSTEMPATH\CodeIgniter.php(361): CodeIgniter\CodeIgniter->handleRequest(null, Object(Config\Cache), false)
 4 FCPATH\index.php(79): CodeIgniter\CodeIgniter->run()
 5 SYSTEMPATH\Commands\Server\rewrite.php(47): require_once('C:\\Users\\IsaacLozoya\\Desktop\\Control Escolar VERSION GIT\\ControlEscolarWA-main\\public\\index.php')
INFO - 2023-11-21 01:23:35 --> Session: Class initialized using 'CodeIgniter\Session\Handlers\FileHandler' driver.
WARNING - 2023-11-21 01:23:35 --> [DEPRECATED] Creation of dynamic property App\Controllers\ControladorLogin::$session is deprecated in APPPATH\Controllers\ControladorLogin.php on line 15.
 1 SYSTEMPATH\CodeIgniter.php(914): App\Controllers\ControladorLogin->__construct()
 2 SYSTEMPATH\CodeIgniter.php(493): CodeIgniter\CodeIgniter->createController()
 3 SYSTEMPATH\CodeIgniter.php(361): CodeIgniter\CodeIgniter->handleRequest(null, Object(Config\Cache), false)
 4 FCPATH\index.php(79): CodeIgniter\CodeIgniter->run()
 5 SYSTEMPATH\Commands\Server\rewrite.php(47): require_once('C:\\Users\\IsaacLozoya\\Desktop\\Control Escolar VERSION GIT\\ControlEscolarWA-main\\public\\index.php')
INFO - 2023-11-21 01:23:37 --> Session: Class initialized using 'CodeIgniter\Session\Handlers\FileHandler' driver.
WARNING - 2023-11-21 01:23:37 --> [DEPRECATED] Creation of dynamic property App\Controllers\ControladorLogin::$session is deprecated in APPPATH\Controllers\ControladorLogin.php on line 15.
 1 SYSTEMPATH\CodeIgniter.php(914): App\Controllers\ControladorLogin->__construct()
 2 SYSTEMPATH\CodeIgniter.php(493): CodeIgniter\CodeIgniter->createController()
 3 SYSTEMPATH\CodeIgniter.php(361): CodeIgniter\CodeIgniter->handleRequest(null, Object(Config\Cache), false)
 4 FCPATH\index.php(79): CodeIgniter\CodeIgniter->run()
 5 SYSTEMPATH\Commands\Server\rewrite.php(47): require_once('C:\\Users\\IsaacLozoya\\Desktop\\Control Escolar VERSION GIT\\ControlEscolarWA-main\\public\\index.php')
INFO - 2023-11-21 01:23:37 --> Session: Class initialized using 'CodeIgniter\Session\Handlers\FileHandler' driver.
WARNING - 2023-11-21 01:23:37 --> [DEPRECATED] Creation of dynamic property App\Controllers\ControladorLogin::$session is deprecated in APPPATH\Controllers\ControladorLogin.php on line 15.
 1 SYSTEMPATH\CodeIgniter.php(914): App\Controllers\ControladorLogin->__construct()
 2 SYSTEMPATH\CodeIgniter.php(493): CodeIgniter\CodeIgniter->createController()
 3 SYSTEMPATH\CodeIgniter.php(361): CodeIgniter\CodeIgniter->handleRequest(null, Object(Config\Cache), false)
 4 FCPATH\index.php(79): CodeIgniter\CodeIgniter->run()
 5 SYSTEMPATH\Commands\Server\rewrite.php(47): require_once('C:\\Users\\IsaacLozoya\\Desktop\\Control Escolar VERSION GIT\\ControlEscolarWA-main\\public\\index.php')
INFO - 2023-11-21 01:23:39 --> Session: Class initialized using 'CodeIgniter\Session\Handlers\FileHandler' driver.
WARNING - 2023-11-21 01:23:39 --> [DEPRECATED] Creation of dynamic property App\Controllers\ControladorAdmin::$session is deprecated in APPPATH\Controllers\ControladorAdmin.php on line 14.
 1 SYSTEMPATH\CodeIgniter.php(914): App\Controllers\ControladorAdmin->__construct()
 2 SYSTEMPATH\CodeIgniter.php(493): CodeIgniter\CodeIgniter->createController()
 3 SYSTEMPATH\CodeIgniter.php(361): CodeIgniter\CodeIgniter->handleRequest(null, Object(Config\Cache), false)
 4 FCPATH\index.php(79): CodeIgniter\CodeIgniter->run()
 5 SYSTEMPATH\Commands\Server\rewrite.php(47): require_once('C:\\Users\\IsaacLozoya\\Desktop\\Control Escolar VERSION GIT\\ControlEscolarWA-main\\public\\index.php')
INFO - 2023-11-21 01:23:43 --> Session: Class initialized using 'CodeIgniter\Session\Handlers\FileHandler' driver.
WARNING - 2023-11-21 01:23:43 --> [DEPRECATED] Creation of dynamic property App\Controllers\ControladorAdmin::$session is deprecated in APPPATH\Controllers\ControladorAdmin.php on line 14.
 1 SYSTEMPATH\CodeIgniter.php(914): App\Controllers\ControladorAdmin->__construct()
 2 SYSTEMPATH\CodeIgniter.php(493): CodeIgniter\CodeIgniter->createController()
 3 SYSTEMPATH\CodeIgniter.php(361): CodeIgniter\CodeIgniter->handleRequest(null, Object(Config\Cache), false)
 4 FCPATH\index.php(79): CodeIgniter\CodeIgniter->run()
 5 SYSTEMPATH\Commands\Server\rewrite.php(47): require_once('C:\\Users\\IsaacLozoya\\Desktop\\Control Escolar VERSION GIT\\ControlEscolarWA-main\\public\\index.php')
INFO - 2023-11-21 01:23:46 --> Session: Class initialized using 'CodeIgniter\Session\Handlers\FileHandler' driver.
WARNING - 2023-11-21 01:23:46 --> [DEPRECATED] Creation of dynamic property App\Controllers\ControladorAdmin::$session is deprecated in APPPATH\Controllers\ControladorAdmin.php on line 14.
 1 SYSTEMPATH\CodeIgniter.php(914): App\Controllers\ControladorAdmin->__construct()
 2 SYSTEMPATH\CodeIgniter.php(493): CodeIgniter\CodeIgniter->createController()
 3 SYSTEMPATH\CodeIgniter.php(361): CodeIgniter\CodeIgniter->handleRequest(null, Object(Config\Cache), false)
 4 FCPATH\index.php(79): CodeIgniter\CodeIgniter->run()
 5 SYSTEMPATH\Commands\Server\rewrite.php(47): require_once('C:\\Users\\IsaacLozoya\\Desktop\\Control Escolar VERSION GIT\\ControlEscolarWA-main\\public\\index.php')
INFO - 2023-11-21 01:49:01 --> Session: Class initialized using 'CodeIgniter\Session\Handlers\FileHandler' driver.
WARNING - 2023-11-21 01:49:01 --> [DEPRECATED] Creation of dynamic property App\Controllers\ControladorAdmin::$session is deprecated in APPPATH\Controllers\ControladorAdmin.php on line 14.
 1 SYSTEMPATH\CodeIgniter.php(914): App\Controllers\ControladorAdmin->__construct()
 2 SYSTEMPATH\CodeIgniter.php(493): CodeIgniter\CodeIgniter->createController()
 3 SYSTEMPATH\CodeIgniter.php(361): CodeIgniter\CodeIgniter->handleRequest(null, Object(Config\Cache), false)
 4 FCPATH\index.php(79): CodeIgniter\CodeIgniter->run()
 5 SYSTEMPATH\Commands\Server\rewrite.php(47): require_once('C:\\Users\\IsaacLozoya\\Desktop\\Control Escolar VERSION GIT\\ControlEscolarWA-main\\public\\index.php')
INFO - 2023-11-21 01:50:20 --> Session: Class initialized using 'CodeIgniter\Session\Handlers\FileHandler' driver.
WARNING - 2023-11-21 01:50:20 --> [DEPRECATED] Creation of dynamic property App\Controllers\ControladorAdmin::$session is deprecated in APPPATH\Controllers\ControladorAdmin.php on line 14.
 1 SYSTEMPATH\CodeIgniter.php(914): App\Controllers\ControladorAdmin->__construct()
 2 SYSTEMPATH\CodeIgniter.php(493): CodeIgniter\CodeIgniter->createController()
 3 SYSTEMPATH\CodeIgniter.php(361): CodeIgniter\CodeIgniter->handleRequest(null, Object(Config\Cache), false)
 4 FCPATH\index.php(79): CodeIgniter\CodeIgniter->run()
 5 SYSTEMPATH\Commands\Server\rewrite.php(47): require_once('C:\\Users\\IsaacLozoya\\Desktop\\Control Escolar VERSION GIT\\ControlEscolarWA-main\\public\\index.php')
INFO - 2023-11-21 01:50:41 --> Session: Class initialized using 'CodeIgniter\Session\Handlers\FileHandler' driver.
WARNING - 2023-11-21 01:50:41 --> [DEPRECATED] Creation of dynamic property App\Controllers\ControladorAdmin::$session is deprecated in APPPATH\Controllers\ControladorAdmin.php on line 14.
 1 SYSTEMPATH\CodeIgniter.php(914): App\Controllers\ControladorAdmin->__construct()
 2 SYSTEMPATH\CodeIgniter.php(493): CodeIgniter\CodeIgniter->createController()
 3 SYSTEMPATH\CodeIgniter.php(361): CodeIgniter\CodeIgniter->handleRequest(null, Object(Config\Cache), false)
 4 FCPATH\index.php(79): CodeIgniter\CodeIgniter->run()
 5 SYSTEMPATH\Commands\Server\rewrite.php(47): require_once('C:\\Users\\IsaacLozoya\\Desktop\\Control Escolar VERSION GIT\\ControlEscolarWA-main\\public\\index.php')
INFO - 2023-11-21 01:51:01 --> Session: Class initialized using 'CodeIgniter\Session\Handlers\FileHandler' driver.
WARNING - 2023-11-21 01:51:01 --> [DEPRECATED] Creation of dynamic property App\Controllers\ControladorAdmin::$session is deprecated in APPPATH\Controllers\ControladorAdmin.php on line 14.
 1 SYSTEMPATH\CodeIgniter.php(914): App\Controllers\ControladorAdmin->__construct()
 2 SYSTEMPATH\CodeIgniter.php(493): CodeIgniter\CodeIgniter->createController()
 3 SYSTEMPATH\CodeIgniter.php(361): CodeIgniter\CodeIgniter->handleRequest(null, Object(Config\Cache), false)
 4 FCPATH\index.php(79): CodeIgniter\CodeIgniter->run()
 5 SYSTEMPATH\Commands\Server\rewrite.php(47): require_once('C:\\Users\\IsaacLozoya\\Desktop\\Control Escolar VERSION GIT\\ControlEscolarWA-main\\public\\index.php')
INFO - 2023-11-21 01:52:56 --> Session: Class initialized using 'CodeIgniter\Session\Handlers\FileHandler' driver.
WARNING - 2023-11-21 01:52:56 --> [DEPRECATED] Creation of dynamic property App\Controllers\ControladorAdmin::$session is deprecated in APPPATH\Controllers\ControladorAdmin.php on line 14.
 1 SYSTEMPATH\CodeIgniter.php(914): App\Controllers\ControladorAdmin->__construct()
 2 SYSTEMPATH\CodeIgniter.php(493): CodeIgniter\CodeIgniter->createController()
 3 SYSTEMPATH\CodeIgniter.php(361): CodeIgniter\CodeIgniter->handleRequest(null, Object(Config\Cache), false)
 4 FCPATH\index.php(79): CodeIgniter\CodeIgniter->run()
 5 SYSTEMPATH\Commands\Server\rewrite.php(47): require_once('C:\\Users\\IsaacLozoya\\Desktop\\Control Escolar VERSION GIT\\ControlEscolarWA-main\\public\\index.php')
INFO - 2023-11-21 01:53:18 --> Session: Class initialized using 'CodeIgniter\Session\Handlers\FileHandler' driver.
WARNING - 2023-11-21 01:53:18 --> [DEPRECATED] Creation of dynamic property App\Controllers\ControladorAdmin::$session is deprecated in APPPATH\Controllers\ControladorAdmin.php on line 14.
 1 SYSTEMPATH\CodeIgniter.php(914): App\Controllers\ControladorAdmin->__construct()
 2 SYSTEMPATH\CodeIgniter.php(493): CodeIgniter\CodeIgniter->createController()
 3 SYSTEMPATH\CodeIgniter.php(361): CodeIgniter\CodeIgniter->handleRequest(null, Object(Config\Cache), false)
 4 FCPATH\index.php(79): CodeIgniter\CodeIgniter->run()
 5 SYSTEMPATH\Commands\Server\rewrite.php(47): require_once('C:\\Users\\IsaacLozoya\\Desktop\\Control Escolar VERSION GIT\\ControlEscolarWA-main\\public\\index.php')
INFO - 2023-11-21 01:53:46 --> Session: Class initialized using 'CodeIgniter\Session\Handlers\FileHandler' driver.
WARNING - 2023-11-21 01:53:46 --> [DEPRECATED] Creation of dynamic property App\Controllers\ControladorAdmin::$session is deprecated in APPPATH\Controllers\ControladorAdmin.php on line 14.
 1 SYSTEMPATH\CodeIgniter.php(914): App\Controllers\ControladorAdmin->__construct()
 2 SYSTEMPATH\CodeIgniter.php(493): CodeIgniter\CodeIgniter->createController()
 3 SYSTEMPATH\CodeIgniter.php(361): CodeIgniter\CodeIgniter->handleRequest(null, Object(Config\Cache), false)
 4 FCPATH\index.php(79): CodeIgniter\CodeIgniter->run()
 5 SYSTEMPATH\Commands\Server\rewrite.php(47): require_once('C:\\Users\\IsaacLozoya\\Desktop\\Control Escolar VERSION GIT\\ControlEscolarWA-main\\public\\index.php')
INFO - 2023-11-21 02:05:27 --> Session: Class initialized using 'CodeIgniter\Session\Handlers\FileHandler' driver.
WARNING - 2023-11-21 02:05:27 --> [DEPRECATED] Creation of dynamic property App\Controllers\ControladorAdmin::$session is deprecated in APPPATH\Controllers\ControladorAdmin.php on line 14.
 1 SYSTEMPATH\CodeIgniter.php(914): App\Controllers\ControladorAdmin->__construct()
 2 SYSTEMPATH\CodeIgniter.php(493): CodeIgniter\CodeIgniter->createController()
 3 SYSTEMPATH\CodeIgniter.php(361): CodeIgniter\CodeIgniter->handleRequest(null, Object(Config\Cache), false)
 4 FCPATH\index.php(79): CodeIgniter\CodeIgniter->run()
 5 SYSTEMPATH\Commands\Server\rewrite.php(47): require_once('C:\\Users\\IsaacLozoya\\Desktop\\Control Escolar VERSION GIT\\ControlEscolarWA-main\\public\\index.php')
INFO - 2023-11-21 02:05:45 --> Session: Class initialized using 'CodeIgniter\Session\Handlers\FileHandler' driver.
WARNING - 2023-11-21 02:05:45 --> [DEPRECATED] Creation of dynamic property App\Controllers\ControladorAdmin::$session is deprecated in APPPATH\Controllers\ControladorAdmin.php on line 14.
 1 SYSTEMPATH\CodeIgniter.php(914): App\Controllers\ControladorAdmin->__construct()
 2 SYSTEMPATH\CodeIgniter.php(493): CodeIgniter\CodeIgniter->createController()
 3 SYSTEMPATH\CodeIgniter.php(361): CodeIgniter\CodeIgniter->handleRequest(null, Object(Config\Cache), false)
 4 FCPATH\index.php(79): CodeIgniter\CodeIgniter->run()
 5 SYSTEMPATH\Commands\Server\rewrite.php(47): require_once('C:\\Users\\IsaacLozoya\\Desktop\\Control Escolar VERSION GIT\\ControlEscolarWA-main\\public\\index.php')
INFO - 2023-11-21 02:06:07 --> Session: Class initialized using 'CodeIgniter\Session\Handlers\FileHandler' driver.
WARNING - 2023-11-21 02:06:07 --> [DEPRECATED] Creation of dynamic property App\Controllers\ControladorAdmin::$session is deprecated in APPPATH\Controllers\ControladorAdmin.php on line 14.
 1 SYSTEMPATH\CodeIgniter.php(914): App\Controllers\ControladorAdmin->__construct()
 2 SYSTEMPATH\CodeIgniter.php(493): CodeIgniter\CodeIgniter->createController()
 3 SYSTEMPATH\CodeIgniter.php(361): CodeIgniter\CodeIgniter->handleRequest(null, Object(Config\Cache), false)
 4 FCPATH\index.php(79): CodeIgniter\CodeIgniter->run()
 5 SYSTEMPATH\Commands\Server\rewrite.php(47): require_once('C:\\Users\\IsaacLozoya\\Desktop\\Control Escolar VERSION GIT\\ControlEscolarWA-main\\public\\index.php')
INFO - 2023-11-21 02:06:12 --> Session: Class initialized using 'CodeIgniter\Session\Handlers\FileHandler' driver.
WARNING - 2023-11-21 02:06:12 --> [DEPRECATED] Creation of dynamic property App\Controllers\ControladorAdmin::$session is deprecated in APPPATH\Controllers\ControladorAdmin.php on line 14.
 1 SYSTEMPATH\CodeIgniter.php(914): App\Controllers\ControladorAdmin->__construct()
 2 SYSTEMPATH\CodeIgniter.php(493): CodeIgniter\CodeIgniter->createController()
 3 SYSTEMPATH\CodeIgniter.php(361): CodeIgniter\CodeIgniter->handleRequest(null, Object(Config\Cache), false)
 4 FCPATH\index.php(79): CodeIgniter\CodeIgniter->run()
 5 SYSTEMPATH\Commands\Server\rewrite.php(47): require_once('C:\\Users\\IsaacLozoya\\Desktop\\Control Escolar VERSION GIT\\ControlEscolarWA-main\\public\\index.php')
INFO - 2023-11-21 02:08:07 --> Session: Class initialized using 'CodeIgniter\Session\Handlers\FileHandler' driver.
WARNING - 2023-11-21 02:08:07 --> [DEPRECATED] Creation of dynamic property App\Controllers\ControladorLogin::$session is deprecated in APPPATH\Controllers\ControladorLogin.php on line 15.
 1 SYSTEMPATH\CodeIgniter.php(914): App\Controllers\ControladorLogin->__construct()
 2 SYSTEMPATH\CodeIgniter.php(493): CodeIgniter\CodeIgniter->createController()
 3 SYSTEMPATH\CodeIgniter.php(361): CodeIgniter\CodeIgniter->handleRequest(null, Object(Config\Cache), false)
 4 FCPATH\index.php(79): CodeIgniter\CodeIgniter->run()
 5 SYSTEMPATH\Commands\Server\rewrite.php(47): require_once('C:\\Users\\IsaacLozoya\\Desktop\\Control Escolar VERSION GIT\\ControlEscolarWA-main\\public\\index.php')
INFO - 2023-11-21 02:08:09 --> Session: Class initialized using 'CodeIgniter\Session\Handlers\FileHandler' driver.
WARNING - 2023-11-21 02:08:09 --> [DEPRECATED] Creation of dynamic property App\Controllers\ControladorLogin::$session is deprecated in APPPATH\Controllers\ControladorLogin.php on line 15.
 1 SYSTEMPATH\CodeIgniter.php(914): App\Controllers\ControladorLogin->__construct()
 2 SYSTEMPATH\CodeIgniter.php(493): CodeIgniter\CodeIgniter->createController()
 3 SYSTEMPATH\CodeIgniter.php(361): CodeIgniter\CodeIgniter->handleRequest(null, Object(Config\Cache), false)
 4 FCPATH\index.php(79): CodeIgniter\CodeIgniter->run()
 5 SYSTEMPATH\Commands\Server\rewrite.php(47): require_once('C:\\Users\\IsaacLozoya\\Desktop\\Control Escolar VERSION GIT\\ControlEscolarWA-main\\public\\index.php')
INFO - 2023-11-21 02:11:08 --> Session: Class initialized using 'CodeIgniter\Session\Handlers\FileHandler' driver.
WARNING - 2023-11-21 02:11:08 --> [DEPRECATED] Creation of dynamic property App\Controllers\ControladorLogin::$session is deprecated in APPPATH\Controllers\ControladorLogin.php on line 15.
 1 SYSTEMPATH\CodeIgniter.php(914): App\Controllers\ControladorLogin->__construct()
 2 SYSTEMPATH\CodeIgniter.php(493): CodeIgniter\CodeIgniter->createController()
 3 SYSTEMPATH\CodeIgniter.php(361): CodeIgniter\CodeIgniter->handleRequest(null, Object(Config\Cache), false)
 4 FCPATH\index.php(79): CodeIgniter\CodeIgniter->run()
 5 SYSTEMPATH\Commands\Server\rewrite.php(47): require_once('C:\\Users\\IsaacLozoya\\Desktop\\Control Escolar VERSION GIT\\ControlEscolarWA-main\\public\\index.php')
INFO - 2023-11-21 02:11:11 --> Session: Class initialized using 'CodeIgniter\Session\Handlers\FileHandler' driver.
WARNING - 2023-11-21 02:11:11 --> [DEPRECATED] Creation of dynamic property App\Controllers\ControladorAdmin::$session is deprecated in APPPATH\Controllers\ControladorAdmin.php on line 14.
 1 SYSTEMPATH\CodeIgniter.php(914): App\Controllers\ControladorAdmin->__construct()
 2 SYSTEMPATH\CodeIgniter.php(493): CodeIgniter\CodeIgniter->createController()
 3 SYSTEMPATH\CodeIgniter.php(361): CodeIgniter\CodeIgniter->handleRequest(null, Object(Config\Cache), false)
 4 FCPATH\index.php(79): CodeIgniter\CodeIgniter->run()
 5 SYSTEMPATH\Commands\Server\rewrite.php(47): require_once('C:\\Users\\IsaacLozoya\\Desktop\\Control Escolar VERSION GIT\\ControlEscolarWA-main\\public\\index.php')
INFO - 2023-11-21 02:11:17 --> Session: Class initialized using 'CodeIgniter\Session\Handlers\FileHandler' driver.
WARNING - 2023-11-21 02:11:17 --> [DEPRECATED] Creation of dynamic property App\Controllers\ControladorLogin::$session is deprecated in APPPATH\Controllers\ControladorLogin.php on line 15.
 1 SYSTEMPATH\CodeIgniter.php(914): App\Controllers\ControladorLogin->__construct()
 2 SYSTEMPATH\CodeIgniter.php(493): CodeIgniter\CodeIgniter->createController()
 3 SYSTEMPATH\CodeIgniter.php(361): CodeIgniter\CodeIgniter->handleRequest(null, Object(Config\Cache), false)
 4 FCPATH\index.php(79): CodeIgniter\CodeIgniter->run()
 5 SYSTEMPATH\Commands\Server\rewrite.php(47): require_once('C:\\Users\\IsaacLozoya\\Desktop\\Control Escolar VERSION GIT\\ControlEscolarWA-main\\public\\index.php')
INFO - 2023-11-21 02:11:21 --> Session: Class initialized using 'CodeIgniter\Session\Handlers\FileHandler' driver.
WARNING - 2023-11-21 02:11:21 --> [DEPRECATED] Creation of dynamic property App\Controllers\ControladorLogin::$session is deprecated in APPPATH\Controllers\ControladorLogin.php on line 15.
 1 SYSTEMPATH\CodeIgniter.php(914): App\Controllers\ControladorLogin->__construct()
 2 SYSTEMPATH\CodeIgniter.php(493): CodeIgniter\CodeIgniter->createController()
 3 SYSTEMPATH\CodeIgniter.php(361): CodeIgniter\CodeIgniter->handleRequest(null, Object(Config\Cache), false)
 4 FCPATH\index.php(79): CodeIgniter\CodeIgniter->run()
 5 SYSTEMPATH\Commands\Server\rewrite.php(47): require_once('C:\\Users\\IsaacLozoya\\Desktop\\Control Escolar VERSION GIT\\ControlEscolarWA-main\\public\\index.php')
INFO - 2023-11-21 02:15:20 --> Session: Class initialized using 'CodeIgniter\Session\Handlers\FileHandler' driver.
WARNING - 2023-11-21 02:15:20 --> [DEPRECATED] Creation of dynamic property App\Controllers\ControladorLogin::$session is deprecated in APPPATH\Controllers\ControladorLogin.php on line 15.
 1 SYSTEMPATH\CodeIgniter.php(914): App\Controllers\ControladorLogin->__construct()
 2 SYSTEMPATH\CodeIgniter.php(493): CodeIgniter\CodeIgniter->createController()
 3 SYSTEMPATH\CodeIgniter.php(361): CodeIgniter\CodeIgniter->handleRequest(null, Object(Config\Cache), false)
 4 FCPATH\index.php(79): CodeIgniter\CodeIgniter->run()
 5 SYSTEMPATH\Commands\Server\rewrite.php(47): require_once('C:\\Users\\IsaacLozoya\\Desktop\\Control Escolar VERSION GIT\\ControlEscolarWA-main\\public\\index.php')
CRITICAL - 2023-11-21 02:15:20 --> Undefined variable $user
in APPPATH\Views\menus\kardex.php on line 32.
 1 APPPATH\Views\menus\kardex.php(32): CodeIgniter\Debug\Exceptions->errorHandler(2, 'Undefined variable $user', 'C:\\Users\\IsaacLozoya\\Desktop\\Control Escolar VERSION GIT\\ControlEscolarWA-main\\app\\Views\\menus\\kardex.php', 32)
 2 SYSTEMPATH\View\View.php(228): include('C:\\Users\\IsaacLozoya\\Desktop\\Control Escolar VERSION GIT\\ControlEscolarWA-main\\app\\Views\\menus\\kardex.php')
 3 SYSTEMPATH\View\View.php(231): CodeIgniter\View\View->CodeIgniter\View\{closure}()
 4 SYSTEMPATH\Common.php(1190): CodeIgniter\View\View->render('menus/kardex', [], true)
 5 APPPATH\Controllers\ControladorLogin.php(37): view('menus/kardex')
 6 SYSTEMPATH\CodeIgniter.php(942): App\Controllers\ControladorLogin->kardex()
 7 SYSTEMPATH\CodeIgniter.php(502): CodeIgniter\CodeIgniter->runController(Object(App\Controllers\ControladorLogin))
 8 SYSTEMPATH\CodeIgniter.php(361): CodeIgniter\CodeIgniter->handleRequest(null, Object(Config\Cache), false)
 9 FCPATH\index.php(79): CodeIgniter\CodeIgniter->run()
10 SYSTEMPATH\Commands\Server\rewrite.php(47): require_once('C:\\Users\\IsaacLozoya\\Desktop\\Control Escolar VERSION GIT\\ControlEscolarWA-main\\public\\index.php')
INFO - 2023-11-21 02:18:47 --> Session: Class initialized using 'CodeIgniter\Session\Handlers\FileHandler' driver.
WARNING - 2023-11-21 02:18:47 --> [DEPRECATED] Creation of dynamic property App\Controllers\ControladorLogin::$session is deprecated in APPPATH\Controllers\ControladorLogin.php on line 15.
 1 SYSTEMPATH\CodeIgniter.php(914): App\Controllers\ControladorLogin->__construct()
 2 SYSTEMPATH\CodeIgniter.php(493): CodeIgniter\CodeIgniter->createController()
 3 SYSTEMPATH\CodeIgniter.php(361): CodeIgniter\CodeIgniter->handleRequest(null, Object(Config\Cache), false)
 4 FCPATH\index.php(79): CodeIgniter\CodeIgniter->run()
 5 SYSTEMPATH\Commands\Server\rewrite.php(47): require_once('C:\\Users\\IsaacLozoya\\Desktop\\Control Escolar VERSION GIT\\ControlEscolarWA-main\\public\\index.php')
INFO - 2023-11-21 02:18:49 --> Session: Class initialized using 'CodeIgniter\Session\Handlers\FileHandler' driver.
WARNING - 2023-11-21 02:18:49 --> [DEPRECATED] Creation of dynamic property App\Controllers\ControladorLogin::$session is deprecated in APPPATH\Controllers\ControladorLogin.php on line 15.
 1 SYSTEMPATH\CodeIgniter.php(914): App\Controllers\ControladorLogin->__construct()
 2 SYSTEMPATH\CodeIgniter.php(493): CodeIgniter\CodeIgniter->createController()
 3 SYSTEMPATH\CodeIgniter.php(361): CodeIgniter\CodeIgniter->handleRequest(null, Object(Config\Cache), false)
 4 FCPATH\index.php(79): CodeIgniter\CodeIgniter->run()
 5 SYSTEMPATH\Commands\Server\rewrite.php(47): require_once('C:\\Users\\IsaacLozoya\\Desktop\\Control Escolar VERSION GIT\\ControlEscolarWA-main\\public\\index.php')
CRITICAL - 2023-11-21 02:18:50 --> Undefined variable $user
in APPPATH\Views\menus\kardex.php on line 32.
 1 APPPATH\Views\menus\kardex.php(32): CodeIgniter\Debug\Exceptions->errorHandler(2, 'Undefined variable $user', 'C:\\Users\\IsaacLozoya\\Desktop\\Control Escolar VERSION GIT\\ControlEscolarWA-main\\app\\Views\\menus\\kardex.php', 32)
 2 SYSTEMPATH\View\View.php(228): include('C:\\Users\\IsaacLozoya\\Desktop\\Control Escolar VERSION GIT\\ControlEscolarWA-main\\app\\Views\\menus\\kardex.php')
 3 SYSTEMPATH\View\View.php(231): CodeIgniter\View\View->CodeIgniter\View\{closure}()
 4 SYSTEMPATH\Common.php(1190): CodeIgniter\View\View->render('menus/kardex', [], true)
 5 APPPATH\Controllers\ControladorLogin.php(38): view('menus/kardex')
 6 SYSTEMPATH\CodeIgniter.php(942): App\Controllers\ControladorLogin->kardex()
 7 SYSTEMPATH\CodeIgniter.php(502): CodeIgniter\CodeIgniter->runController(Object(App\Controllers\ControladorLogin))
 8 SYSTEMPATH\CodeIgniter.php(361): CodeIgniter\CodeIgniter->handleRequest(null, Object(Config\Cache), false)
 9 FCPATH\index.php(79): CodeIgniter\CodeIgniter->run()
10 SYSTEMPATH\Commands\Server\rewrite.php(47): require_once('C:\\Users\\IsaacLozoya\\Desktop\\Control Escolar VERSION GIT\\ControlEscolarWA-main\\public\\index.php')
INFO - 2023-11-21 02:23:53 --> Session: Class initialized using 'CodeIgniter\Session\Handlers\FileHandler' driver.
WARNING - 2023-11-21 02:23:53 --> [DEPRECATED] Creation of dynamic property App\Controllers\ControladorLogin::$session is deprecated in APPPATH\Controllers\ControladorLogin.php on line 15.
 1 SYSTEMPATH\CodeIgniter.php(914): App\Controllers\ControladorLogin->__construct()
 2 SYSTEMPATH\CodeIgniter.php(493): CodeIgniter\CodeIgniter->createController()
 3 SYSTEMPATH\CodeIgniter.php(361): CodeIgniter\CodeIgniter->handleRequest(null, Object(Config\Cache), false)
 4 FCPATH\index.php(79): CodeIgniter\CodeIgniter->run()
 5 SYSTEMPATH\Commands\Server\rewrite.php(47): require_once('C:\\Users\\IsaacLozoya\\Desktop\\Control Escolar VERSION GIT\\ControlEscolarWA-main\\public\\index.php')
INFO - 2023-11-21 02:29:19 --> Session: Class initialized using 'CodeIgniter\Session\Handlers\FileHandler' driver.
WARNING - 2023-11-21 02:29:19 --> [DEPRECATED] Creation of dynamic property App\Controllers\ControladorLogin::$session is deprecated in APPPATH\Controllers\ControladorLogin.php on line 15.
 1 SYSTEMPATH\CodeIgniter.php(914): App\Controllers\ControladorLogin->__construct()
 2 SYSTEMPATH\CodeIgniter.php(493): CodeIgniter\CodeIgniter->createController()
 3 SYSTEMPATH\CodeIgniter.php(361): CodeIgniter\CodeIgniter->handleRequest(null, Object(Config\Cache), false)
 4 FCPATH\index.php(79): CodeIgniter\CodeIgniter->run()
 5 SYSTEMPATH\Commands\Server\rewrite.php(47): require_once('C:\\Users\\IsaacLozoya\\Desktop\\Control Escolar VERSION GIT\\ControlEscolarWA-main\\public\\index.php')
INFO - 2023-11-21 02:29:26 --> Session: Class initialized using 'CodeIgniter\Session\Handlers\FileHandler' driver.
WARNING - 2023-11-21 02:29:26 --> [DEPRECATED] Creation of dynamic property App\Controllers\ControladorLogin::$session is deprecated in APPPATH\Controllers\ControladorLogin.php on line 15.
 1 SYSTEMPATH\CodeIgniter.php(914): App\Controllers\ControladorLogin->__construct()
 2 SYSTEMPATH\CodeIgniter.php(493): CodeIgniter\CodeIgniter->createController()
 3 SYSTEMPATH\CodeIgniter.php(361): CodeIgniter\CodeIgniter->handleRequest(null, Object(Config\Cache), false)
 4 FCPATH\index.php(79): CodeIgniter\CodeIgniter->run()
 5 SYSTEMPATH\Commands\Server\rewrite.php(47): require_once('C:\\Users\\IsaacLozoya\\Desktop\\Control Escolar VERSION GIT\\ControlEscolarWA-main\\public\\index.php')
INFO - 2023-11-21 02:55:37 --> Session: Class initialized using 'CodeIgniter\Session\Handlers\FileHandler' driver.
WARNING - 2023-11-21 02:55:37 --> [DEPRECATED] Creation of dynamic property App\Controllers\ControladorLogin::$session is deprecated in APPPATH\Controllers\ControladorLogin.php on line 15.
 1 SYSTEMPATH\CodeIgniter.php(914): App\Controllers\ControladorLogin->__construct()
 2 SYSTEMPATH\CodeIgniter.php(493): CodeIgniter\CodeIgniter->createController()
 3 SYSTEMPATH\CodeIgniter.php(361): CodeIgniter\CodeIgniter->handleRequest(null, Object(Config\Cache), false)
 4 FCPATH\index.php(79): CodeIgniter\CodeIgniter->run()
 5 SYSTEMPATH\Commands\Server\rewrite.php(47): require_once('C:\\Users\\IsaacLozoya\\Desktop\\Control Escolar VERSION GIT\\ControlEscolarWA-main\\public\\index.php')
INFO - 2023-11-21 02:55:42 --> Session: Class initialized using 'CodeIgniter\Session\Handlers\FileHandler' driver.
WARNING - 2023-11-21 02:55:42 --> [DEPRECATED] Creation of dynamic property App\Controllers\ControladorLogin::$session is deprecated in APPPATH\Controllers\ControladorLogin.php on line 15.
 1 SYSTEMPATH\CodeIgniter.php(914): App\Controllers\ControladorLogin->__construct()
 2 SYSTEMPATH\CodeIgniter.php(493): CodeIgniter\CodeIgniter->createController()
 3 SYSTEMPATH\CodeIgniter.php(361): CodeIgniter\CodeIgniter->handleRequest(null, Object(Config\Cache), false)
 4 FCPATH\index.php(79): CodeIgniter\CodeIgniter->run()
 5 SYSTEMPATH\Commands\Server\rewrite.php(47): require_once('C:\\Users\\IsaacLozoya\\Desktop\\Control Escolar VERSION GIT\\ControlEscolarWA-main\\public\\index.php')
INFO - 2023-11-21 02:55:46 --> Session: Class initialized using 'CodeIgniter\Session\Handlers\FileHandler' driver.
WARNING - 2023-11-21 02:55:46 --> [DEPRECATED] Creation of dynamic property App\Controllers\ControladorLogin::$session is deprecated in APPPATH\Controllers\ControladorLogin.php on line 15.
 1 SYSTEMPATH\CodeIgniter.php(914): App\Controllers\ControladorLogin->__construct()
 2 SYSTEMPATH\CodeIgniter.php(493): CodeIgniter\CodeIgniter->createController()
 3 SYSTEMPATH\CodeIgniter.php(361): CodeIgniter\CodeIgniter->handleRequest(null, Object(Config\Cache), false)
 4 FCPATH\index.php(79): CodeIgniter\CodeIgniter->run()
 5 SYSTEMPATH\Commands\Server\rewrite.php(47): require_once('C:\\Users\\IsaacLozoya\\Desktop\\Control Escolar VERSION GIT\\ControlEscolarWA-main\\public\\index.php')
INFO - 2023-11-21 02:55:48 --> Session: Class initialized using 'CodeIgniter\Session\Handlers\FileHandler' driver.
WARNING - 2023-11-21 02:55:48 --> [DEPRECATED] Creation of dynamic property App\Controllers\ControladorLogin::$session is deprecated in APPPATH\Controllers\ControladorLogin.php on line 15.
 1 SYSTEMPATH\CodeIgniter.php(914): App\Controllers\ControladorLogin->__construct()
 2 SYSTEMPATH\CodeIgniter.php(493): CodeIgniter\CodeIgniter->createController()
 3 SYSTEMPATH\CodeIgniter.php(361): CodeIgniter\CodeIgniter->handleRequest(null, Object(Config\Cache), false)
 4 FCPATH\index.php(79): CodeIgniter\CodeIgniter->run()
 5 SYSTEMPATH\Commands\Server\rewrite.php(47): require_once('C:\\Users\\IsaacLozoya\\Desktop\\Control Escolar VERSION GIT\\ControlEscolarWA-main\\public\\index.php')
INFO - 2023-11-21 03:01:35 --> Session: Class initialized using 'CodeIgniter\Session\Handlers\FileHandler' driver.
WARNING - 2023-11-21 03:01:35 --> [DEPRECATED] Creation of dynamic property App\Controllers\ControladorLogin::$session is deprecated in APPPATH\Controllers\ControladorLogin.php on line 15.
 1 SYSTEMPATH\CodeIgniter.php(914): App\Controllers\ControladorLogin->__construct()
 2 SYSTEMPATH\CodeIgniter.php(493): CodeIgniter\CodeIgniter->createController()
 3 SYSTEMPATH\CodeIgniter.php(361): CodeIgniter\CodeIgniter->handleRequest(null, Object(Config\Cache), false)
 4 FCPATH\index.php(79): CodeIgniter\CodeIgniter->run()
 5 SYSTEMPATH\Commands\Server\rewrite.php(47): require_once('C:\\Users\\IsaacLozoya\\Desktop\\Control Escolar VERSION GIT\\ControlEscolarWA-main\\public\\index.php')
INFO - 2023-11-21 03:01:44 --> Session: Class initialized using 'CodeIgniter\Session\Handlers\FileHandler' driver.
WARNING - 2023-11-21 03:01:44 --> [DEPRECATED] Creation of dynamic property App\Controllers\ControladorLogin::$session is deprecated in APPPATH\Controllers\ControladorLogin.php on line 15.
 1 SYSTEMPATH\CodeIgniter.php(914): App\Controllers\ControladorLogin->__construct()
 2 SYSTEMPATH\CodeIgniter.php(493): CodeIgniter\CodeIgniter->createController()
 3 SYSTEMPATH\CodeIgniter.php(361): CodeIgniter\CodeIgniter->handleRequest(null, Object(Config\Cache), false)
 4 FCPATH\index.php(79): CodeIgniter\CodeIgniter->run()
 5 SYSTEMPATH\Commands\Server\rewrite.php(47): require_once('C:\\Users\\IsaacLozoya\\Desktop\\Control Escolar VERSION GIT\\ControlEscolarWA-main\\public\\index.php')
INFO - 2023-11-21 03:07:42 --> Session: Class initialized using 'CodeIgniter\Session\Handlers\FileHandler' driver.
WARNING - 2023-11-21 03:07:42 --> [DEPRECATED] Creation of dynamic property App\Controllers\ControladorLogin::$session is deprecated in APPPATH\Controllers\ControladorLogin.php on line 15.
 1 SYSTEMPATH\CodeIgniter.php(914): App\Controllers\ControladorLogin->__construct()
 2 SYSTEMPATH\CodeIgniter.php(493): CodeIgniter\CodeIgniter->createController()
 3 SYSTEMPATH\CodeIgniter.php(361): CodeIgniter\CodeIgniter->handleRequest(null, Object(Config\Cache), false)
 4 FCPATH\index.php(79): CodeIgniter\CodeIgniter->run()
 5 SYSTEMPATH\Commands\Server\rewrite.php(47): require_once('C:\\Users\\IsaacLozoya\\Desktop\\Control Escolar VERSION GIT\\ControlEscolarWA-main\\public\\index.php')
INFO - 2023-11-21 03:08:05 --> Session: Class initialized using 'CodeIgniter\Session\Handlers\FileHandler' driver.
WARNING - 2023-11-21 03:08:05 --> [DEPRECATED] Creation of dynamic property App\Controllers\ControladorLogin::$session is deprecated in APPPATH\Controllers\ControladorLogin.php on line 15.
 1 SYSTEMPATH\CodeIgniter.php(914): App\Controllers\ControladorLogin->__construct()
 2 SYSTEMPATH\CodeIgniter.php(493): CodeIgniter\CodeIgniter->createController()
 3 SYSTEMPATH\CodeIgniter.php(361): CodeIgniter\CodeIgniter->handleRequest(null, Object(Config\Cache), false)
 4 FCPATH\index.php(79): CodeIgniter\CodeIgniter->run()
 5 SYSTEMPATH\Commands\Server\rewrite.php(47): require_once('C:\\Users\\IsaacLozoya\\Desktop\\Control Escolar VERSION GIT\\ControlEscolarWA-main\\public\\index.php')
INFO - 2023-11-21 03:08:06 --> Session: Class initialized using 'CodeIgniter\Session\Handlers\FileHandler' driver.
WARNING - 2023-11-21 03:08:06 --> [DEPRECATED] Creation of dynamic property App\Controllers\ControladorLogin::$session is deprecated in APPPATH\Controllers\ControladorLogin.php on line 15.
 1 SYSTEMPATH\CodeIgniter.php(914): App\Controllers\ControladorLogin->__construct()
 2 SYSTEMPATH\CodeIgniter.php(493): CodeIgniter\CodeIgniter->createController()
 3 SYSTEMPATH\CodeIgniter.php(361): CodeIgniter\CodeIgniter->handleRequest(null, Object(Config\Cache), false)
 4 FCPATH\index.php(79): CodeIgniter\CodeIgniter->run()
 5 SYSTEMPATH\Commands\Server\rewrite.php(47): require_once('C:\\Users\\IsaacLozoya\\Desktop\\Control Escolar VERSION GIT\\ControlEscolarWA-main\\public\\index.php')
INFO - 2023-11-21 03:08:46 --> Session: Class initialized using 'CodeIgniter\Session\Handlers\FileHandler' driver.
WARNING - 2023-11-21 03:08:46 --> [DEPRECATED] Creation of dynamic property App\Controllers\ControladorLogin::$session is deprecated in APPPATH\Controllers\ControladorLogin.php on line 15.
 1 SYSTEMPATH\CodeIgniter.php(914): App\Controllers\ControladorLogin->__construct()
 2 SYSTEMPATH\CodeIgniter.php(493): CodeIgniter\CodeIgniter->createController()
 3 SYSTEMPATH\CodeIgniter.php(361): CodeIgniter\CodeIgniter->handleRequest(null, Object(Config\Cache), false)
 4 FCPATH\index.php(79): CodeIgniter\CodeIgniter->run()
 5 SYSTEMPATH\Commands\Server\rewrite.php(47): require_once('C:\\Users\\IsaacLozoya\\Desktop\\Control Escolar VERSION GIT\\ControlEscolarWA-main\\public\\index.php')
INFO - 2023-11-21 03:10:06 --> Session: Class initialized using 'CodeIgniter\Session\Handlers\FileHandler' driver.
WARNING - 2023-11-21 03:10:06 --> [DEPRECATED] Creation of dynamic property App\Controllers\ControladorLogin::$session is deprecated in APPPATH\Controllers\ControladorLogin.php on line 15.
 1 SYSTEMPATH\CodeIgniter.php(914): App\Controllers\ControladorLogin->__construct()
 2 SYSTEMPATH\CodeIgniter.php(493): CodeIgniter\CodeIgniter->createController()
 3 SYSTEMPATH\CodeIgniter.php(361): CodeIgniter\CodeIgniter->handleRequest(null, Object(Config\Cache), false)
 4 FCPATH\index.php(79): CodeIgniter\CodeIgniter->run()
 5 SYSTEMPATH\Commands\Server\rewrite.php(47): require_once('C:\\Users\\IsaacLozoya\\Desktop\\Control Escolar VERSION GIT\\ControlEscolarWA-main\\public\\index.php')
INFO - 2023-11-21 03:10:16 --> Session: Class initialized using 'CodeIgniter\Session\Handlers\FileHandler' driver.
WARNING - 2023-11-21 03:10:16 --> [DEPRECATED] Creation of dynamic property App\Controllers\ControladorLogin::$session is deprecated in APPPATH\Controllers\ControladorLogin.php on line 15.
 1 SYSTEMPATH\CodeIgniter.php(914): App\Controllers\ControladorLogin->__construct()
 2 SYSTEMPATH\CodeIgniter.php(493): CodeIgniter\CodeIgniter->createController()
 3 SYSTEMPATH\CodeIgniter.php(361): CodeIgniter\CodeIgniter->handleRequest(null, Object(Config\Cache), false)
 4 FCPATH\index.php(79): CodeIgniter\CodeIgniter->run()
 5 SYSTEMPATH\Commands\Server\rewrite.php(47): require_once('C:\\Users\\IsaacLozoya\\Desktop\\Control Escolar VERSION GIT\\ControlEscolarWA-main\\public\\index.php')
INFO - 2023-11-21 03:10:26 --> Session: Class initialized using 'CodeIgniter\Session\Handlers\FileHandler' driver.
WARNING - 2023-11-21 03:10:26 --> [DEPRECATED] Creation of dynamic property App\Controllers\ControladorLogin::$session is deprecated in APPPATH\Controllers\ControladorLogin.php on line 15.
 1 SYSTEMPATH\CodeIgniter.php(914): App\Controllers\ControladorLogin->__construct()
 2 SYSTEMPATH\CodeIgniter.php(493): CodeIgniter\CodeIgniter->createController()
 3 SYSTEMPATH\CodeIgniter.php(361): CodeIgniter\CodeIgniter->handleRequest(null, Object(Config\Cache), false)
 4 FCPATH\index.php(79): CodeIgniter\CodeIgniter->run()
 5 SYSTEMPATH\Commands\Server\rewrite.php(47): require_once('C:\\Users\\IsaacLozoya\\Desktop\\Control Escolar VERSION GIT\\ControlEscolarWA-main\\public\\index.php')
INFO - 2023-11-21 03:10:27 --> Session: Class initialized using 'CodeIgniter\Session\Handlers\FileHandler' driver.
WARNING - 2023-11-21 03:10:27 --> [DEPRECATED] Creation of dynamic property App\Controllers\ControladorLogin::$session is deprecated in APPPATH\Controllers\ControladorLogin.php on line 15.
 1 SYSTEMPATH\CodeIgniter.php(914): App\Controllers\ControladorLogin->__construct()
 2 SYSTEMPATH\CodeIgniter.php(493): CodeIgniter\CodeIgniter->createController()
 3 SYSTEMPATH\CodeIgniter.php(361): CodeIgniter\CodeIgniter->handleRequest(null, Object(Config\Cache), false)
 4 FCPATH\index.php(79): CodeIgniter\CodeIgniter->run()
 5 SYSTEMPATH\Commands\Server\rewrite.php(47): require_once('C:\\Users\\IsaacLozoya\\Desktop\\Control Escolar VERSION GIT\\ControlEscolarWA-main\\public\\index.php')
INFO - 2023-11-21 03:13:16 --> Session: Class initialized using 'CodeIgniter\Session\Handlers\FileHandler' driver.
WARNING - 2023-11-21 03:13:16 --> [DEPRECATED] Creation of dynamic property App\Controllers\ControladorLogin::$session is deprecated in APPPATH\Controllers\ControladorLogin.php on line 15.
 1 SYSTEMPATH\CodeIgniter.php(914): App\Controllers\ControladorLogin->__construct()
 2 SYSTEMPATH\CodeIgniter.php(493): CodeIgniter\CodeIgniter->createController()
 3 SYSTEMPATH\CodeIgniter.php(361): CodeIgniter\CodeIgniter->handleRequest(null, Object(Config\Cache), false)
 4 FCPATH\index.php(79): CodeIgniter\CodeIgniter->run()
 5 SYSTEMPATH\Commands\Server\rewrite.php(47): require_once('C:\\Users\\IsaacLozoya\\Desktop\\Control Escolar VERSION GIT\\ControlEscolarWA-main\\public\\index.php')
INFO - 2023-11-21 03:13:18 --> Session: Class initialized using 'CodeIgniter\Session\Handlers\FileHandler' driver.
WARNING - 2023-11-21 03:13:18 --> [DEPRECATED] Creation of dynamic property App\Controllers\ControladorLogin::$session is deprecated in APPPATH\Controllers\ControladorLogin.php on line 15.
 1 SYSTEMPATH\CodeIgniter.php(914): App\Controllers\ControladorLogin->__construct()
 2 SYSTEMPATH\CodeIgniter.php(493): CodeIgniter\CodeIgniter->createController()
 3 SYSTEMPATH\CodeIgniter.php(361): CodeIgniter\CodeIgniter->handleRequest(null, Object(Config\Cache), false)
 4 FCPATH\index.php(79): CodeIgniter\CodeIgniter->run()
 5 SYSTEMPATH\Commands\Server\rewrite.php(47): require_once('C:\\Users\\IsaacLozoya\\Desktop\\Control Escolar VERSION GIT\\ControlEscolarWA-main\\public\\index.php')
INFO - 2023-11-21 03:17:53 --> Session: Class initialized using 'CodeIgniter\Session\Handlers\FileHandler' driver.
WARNING - 2023-11-21 03:17:53 --> [DEPRECATED] Creation of dynamic property App\Controllers\ControladorLogin::$session is deprecated in APPPATH\Controllers\ControladorLogin.php on line 15.
 1 SYSTEMPATH\CodeIgniter.php(914): App\Controllers\ControladorLogin->__construct()
 2 SYSTEMPATH\CodeIgniter.php(493): CodeIgniter\CodeIgniter->createController()
 3 SYSTEMPATH\CodeIgniter.php(361): CodeIgniter\CodeIgniter->handleRequest(null, Object(Config\Cache), false)
 4 FCPATH\index.php(79): CodeIgniter\CodeIgniter->run()
 5 SYSTEMPATH\Commands\Server\rewrite.php(47): require_once('C:\\Users\\IsaacLozoya\\Desktop\\Control Escolar VERSION GIT\\ControlEscolarWA-main\\public\\index.php')
INFO - 2023-11-21 03:17:59 --> Session: Class initialized using 'CodeIgniter\Session\Handlers\FileHandler' driver.
WARNING - 2023-11-21 03:17:59 --> [DEPRECATED] Creation of dynamic property App\Controllers\ControladorLogin::$session is deprecated in APPPATH\Controllers\ControladorLogin.php on line 15.
 1 SYSTEMPATH\CodeIgniter.php(914): App\Controllers\ControladorLogin->__construct()
 2 SYSTEMPATH\CodeIgniter.php(493): CodeIgniter\CodeIgniter->createController()
 3 SYSTEMPATH\CodeIgniter.php(361): CodeIgniter\CodeIgniter->handleRequest(null, Object(Config\Cache), false)
 4 FCPATH\index.php(79): CodeIgniter\CodeIgniter->run()
 5 SYSTEMPATH\Commands\Server\rewrite.php(47): require_once('C:\\Users\\IsaacLozoya\\Desktop\\Control Escolar VERSION GIT\\ControlEscolarWA-main\\public\\index.php')
INFO - 2023-11-21 03:18:08 --> Session: Class initialized using 'CodeIgniter\Session\Handlers\FileHandler' driver.
WARNING - 2023-11-21 03:18:08 --> [DEPRECATED] Creation of dynamic property App\Controllers\ControladorLogin::$session is deprecated in APPPATH\Controllers\ControladorLogin.php on line 15.
 1 SYSTEMPATH\CodeIgniter.php(914): App\Controllers\ControladorLogin->__construct()
 2 SYSTEMPATH\CodeIgniter.php(493): CodeIgniter\CodeIgniter->createController()
 3 SYSTEMPATH\CodeIgniter.php(361): CodeIgniter\CodeIgniter->handleRequest(null, Object(Config\Cache), false)
 4 FCPATH\index.php(79): CodeIgniter\CodeIgniter->run()
 5 SYSTEMPATH\Commands\Server\rewrite.php(47): require_once('C:\\Users\\IsaacLozoya\\Desktop\\Control Escolar VERSION GIT\\ControlEscolarWA-main\\public\\index.php')
INFO - 2023-11-21 03:18:29 --> Session: Class initialized using 'CodeIgniter\Session\Handlers\FileHandler' driver.
WARNING - 2023-11-21 03:18:29 --> [DEPRECATED] Creation of dynamic property App\Controllers\ControladorLogin::$session is deprecated in APPPATH\Controllers\ControladorLogin.php on line 15.
 1 SYSTEMPATH\CodeIgniter.php(914): App\Controllers\ControladorLogin->__construct()
 2 SYSTEMPATH\CodeIgniter.php(493): CodeIgniter\CodeIgniter->createController()
 3 SYSTEMPATH\CodeIgniter.php(361): CodeIgniter\CodeIgniter->handleRequest(null, Object(Config\Cache), false)
 4 FCPATH\index.php(79): CodeIgniter\CodeIgniter->run()
 5 SYSTEMPATH\Commands\Server\rewrite.php(47): require_once('C:\\Users\\IsaacLozoya\\Desktop\\Control Escolar VERSION GIT\\ControlEscolarWA-main\\public\\index.php')
INFO - 2023-11-21 03:18:31 --> Session: Class initialized using 'CodeIgniter\Session\Handlers\FileHandler' driver.
WARNING - 2023-11-21 03:18:31 --> [DEPRECATED] Creation of dynamic property App\Controllers\ControladorAdmin::$session is deprecated in APPPATH\Controllers\ControladorAdmin.php on line 14.
 1 SYSTEMPATH\CodeIgniter.php(914): App\Controllers\ControladorAdmin->__construct()
 2 SYSTEMPATH\CodeIgniter.php(493): CodeIgniter\CodeIgniter->createController()
 3 SYSTEMPATH\CodeIgniter.php(361): CodeIgniter\CodeIgniter->handleRequest(null, Object(Config\Cache), false)
 4 FCPATH\index.php(79): CodeIgniter\CodeIgniter->run()
 5 SYSTEMPATH\Commands\Server\rewrite.php(47): require_once('C:\\Users\\IsaacLozoya\\Desktop\\Control Escolar VERSION GIT\\ControlEscolarWA-main\\public\\index.php')
INFO - 2023-11-21 03:18:33 --> Session: Class initialized using 'CodeIgniter\Session\Handlers\FileHandler' driver.
WARNING - 2023-11-21 03:18:33 --> [DEPRECATED] Creation of dynamic property App\Controllers\ControladorAdmin::$session is deprecated in APPPATH\Controllers\ControladorAdmin.php on line 14.
 1 SYSTEMPATH\CodeIgniter.php(914): App\Controllers\ControladorAdmin->__construct()
 2 SYSTEMPATH\CodeIgniter.php(493): CodeIgniter\CodeIgniter->createController()
 3 SYSTEMPATH\CodeIgniter.php(361): CodeIgniter\CodeIgniter->handleRequest(null, Object(Config\Cache), false)
 4 FCPATH\index.php(79): CodeIgniter\CodeIgniter->run()
 5 SYSTEMPATH\Commands\Server\rewrite.php(47): require_once('C:\\Users\\IsaacLozoya\\Desktop\\Control Escolar VERSION GIT\\ControlEscolarWA-main\\public\\index.php')
INFO - 2023-11-21 03:18:42 --> Session: Class initialized using 'CodeIgniter\Session\Handlers\FileHandler' driver.
WARNING - 2023-11-21 03:18:42 --> [DEPRECATED] Creation of dynamic property App\Controllers\ControladorAdmin::$session is deprecated in APPPATH\Controllers\ControladorAdmin.php on line 14.
 1 SYSTEMPATH\CodeIgniter.php(914): App\Controllers\ControladorAdmin->__construct()
 2 SYSTEMPATH\CodeIgniter.php(493): CodeIgniter\CodeIgniter->createController()
 3 SYSTEMPATH\CodeIgniter.php(361): CodeIgniter\CodeIgniter->handleRequest(null, Object(Config\Cache), false)
 4 FCPATH\index.php(79): CodeIgniter\CodeIgniter->run()
 5 SYSTEMPATH\Commands\Server\rewrite.php(47): require_once('C:\\Users\\IsaacLozoya\\Desktop\\Control Escolar VERSION GIT\\ControlEscolarWA-main\\public\\index.php')
INFO - 2023-11-21 03:18:54 --> Session: Class initialized using 'CodeIgniter\Session\Handlers\FileHandler' driver.
WARNING - 2023-11-21 03:18:54 --> [DEPRECATED] Creation of dynamic property App\Controllers\ControladorLogin::$session is deprecated in APPPATH\Controllers\ControladorLogin.php on line 15.
 1 SYSTEMPATH\CodeIgniter.php(914): App\Controllers\ControladorLogin->__construct()
 2 SYSTEMPATH\CodeIgniter.php(493): CodeIgniter\CodeIgniter->createController()
 3 SYSTEMPATH\CodeIgniter.php(361): CodeIgniter\CodeIgniter->handleRequest(null, Object(Config\Cache), false)
 4 FCPATH\index.php(79): CodeIgniter\CodeIgniter->run()
 5 SYSTEMPATH\Commands\Server\rewrite.php(47): require_once('C:\\Users\\IsaacLozoya\\Desktop\\Control Escolar VERSION GIT\\ControlEscolarWA-main\\public\\index.php')
INFO - 2023-11-21 03:18:59 --> Session: Class initialized using 'CodeIgniter\Session\Handlers\FileHandler' driver.
WARNING - 2023-11-21 03:18:59 --> [DEPRECATED] Creation of dynamic property App\Controllers\ControladorLogin::$session is deprecated in APPPATH\Controllers\ControladorLogin.php on line 15.
 1 SYSTEMPATH\CodeIgniter.php(914): App\Controllers\ControladorLogin->__construct()
 2 SYSTEMPATH\CodeIgniter.php(493): CodeIgniter\CodeIgniter->createController()
 3 SYSTEMPATH\CodeIgniter.php(361): CodeIgniter\CodeIgniter->handleRequest(null, Object(Config\Cache), false)
 4 FCPATH\index.php(79): CodeIgniter\CodeIgniter->run()
 5 SYSTEMPATH\Commands\Server\rewrite.php(47): require_once('C:\\Users\\IsaacLozoya\\Desktop\\Control Escolar VERSION GIT\\ControlEscolarWA-main\\public\\index.php')
INFO - 2023-11-21 03:19:02 --> Session: Class initialized using 'CodeIgniter\Session\Handlers\FileHandler' driver.
WARNING - 2023-11-21 03:19:02 --> [DEPRECATED] Creation of dynamic property App\Controllers\ControladorLogin::$session is deprecated in APPPATH\Controllers\ControladorLogin.php on line 15.
 1 SYSTEMPATH\CodeIgniter.php(914): App\Controllers\ControladorLogin->__construct()
 2 SYSTEMPATH\CodeIgniter.php(493): CodeIgniter\CodeIgniter->createController()
 3 SYSTEMPATH\CodeIgniter.php(361): CodeIgniter\CodeIgniter->handleRequest(null, Object(Config\Cache), false)
 4 FCPATH\index.php(79): CodeIgniter\CodeIgniter->run()
 5 SYSTEMPATH\Commands\Server\rewrite.php(47): require_once('C:\\Users\\IsaacLozoya\\Desktop\\Control Escolar VERSION GIT\\ControlEscolarWA-main\\public\\index.php')
INFO - 2023-11-21 03:19:02 --> Session: Class initialized using 'CodeIgniter\Session\Handlers\FileHandler' driver.
WARNING - 2023-11-21 03:19:02 --> [DEPRECATED] Creation of dynamic property App\Controllers\ControladorLogin::$session is deprecated in APPPATH\Controllers\ControladorLogin.php on line 15.
 1 SYSTEMPATH\CodeIgniter.php(914): App\Controllers\ControladorLogin->__construct()
 2 SYSTEMPATH\CodeIgniter.php(493): CodeIgniter\CodeIgniter->createController()
 3 SYSTEMPATH\CodeIgniter.php(361): CodeIgniter\CodeIgniter->handleRequest(null, Object(Config\Cache), false)
 4 FCPATH\index.php(79): CodeIgniter\CodeIgniter->run()
 5 SYSTEMPATH\Commands\Server\rewrite.php(47): require_once('C:\\Users\\IsaacLozoya\\Desktop\\Control Escolar VERSION GIT\\ControlEscolarWA-main\\public\\index.php')
INFO - 2023-11-21 03:19:05 --> Session: Class initialized using 'CodeIgniter\Session\Handlers\FileHandler' driver.
WARNING - 2023-11-21 03:19:05 --> [DEPRECATED] Creation of dynamic property App\Controllers\ControladorLogin::$session is deprecated in APPPATH\Controllers\ControladorLogin.php on line 15.
 1 SYSTEMPATH\CodeIgniter.php(914): App\Controllers\ControladorLogin->__construct()
 2 SYSTEMPATH\CodeIgniter.php(493): CodeIgniter\CodeIgniter->createController()
 3 SYSTEMPATH\CodeIgniter.php(361): CodeIgniter\CodeIgniter->handleRequest(null, Object(Config\Cache), false)
 4 FCPATH\index.php(79): CodeIgniter\CodeIgniter->run()
 5 SYSTEMPATH\Commands\Server\rewrite.php(47): require_once('C:\\Users\\IsaacLozoya\\Desktop\\Control Escolar VERSION GIT\\ControlEscolarWA-main\\public\\index.php')
INFO - 2023-11-21 03:19:07 --> Session: Class initialized using 'CodeIgniter\Session\Handlers\FileHandler' driver.
WARNING - 2023-11-21 03:19:07 --> [DEPRECATED] Creation of dynamic property App\Controllers\ControladorLogin::$session is deprecated in APPPATH\Controllers\ControladorLogin.php on line 15.
 1 SYSTEMPATH\CodeIgniter.php(914): App\Controllers\ControladorLogin->__construct()
 2 SYSTEMPATH\CodeIgniter.php(493): CodeIgniter\CodeIgniter->createController()
 3 SYSTEMPATH\CodeIgniter.php(361): CodeIgniter\CodeIgniter->handleRequest(null, Object(Config\Cache), false)
 4 FCPATH\index.php(79): CodeIgniter\CodeIgniter->run()
 5 SYSTEMPATH\Commands\Server\rewrite.php(47): require_once('C:\\Users\\IsaacLozoya\\Desktop\\Control Escolar VERSION GIT\\ControlEscolarWA-main\\public\\index.php')
INFO - 2023-11-21 03:19:11 --> Session: Class initialized using 'CodeIgniter\Session\Handlers\FileHandler' driver.
WARNING - 2023-11-21 03:19:11 --> [DEPRECATED] Creation of dynamic property App\Controllers\ControladorLogin::$session is deprecated in APPPATH\Controllers\ControladorLogin.php on line 15.
 1 SYSTEMPATH\CodeIgniter.php(914): App\Controllers\ControladorLogin->__construct()
 2 SYSTEMPATH\CodeIgniter.php(493): CodeIgniter\CodeIgniter->createController()
 3 SYSTEMPATH\CodeIgniter.php(361): CodeIgniter\CodeIgniter->handleRequest(null, Object(Config\Cache), false)
 4 FCPATH\index.php(79): CodeIgniter\CodeIgniter->run()
 5 SYSTEMPATH\Commands\Server\rewrite.php(47): require_once('C:\\Users\\IsaacLozoya\\Desktop\\Control Escolar VERSION GIT\\ControlEscolarWA-main\\public\\index.php')
INFO - 2023-11-21 03:19:12 --> Session: Class initialized using 'CodeIgniter\Session\Handlers\FileHandler' driver.
WARNING - 2023-11-21 03:19:12 --> [DEPRECATED] Creation of dynamic property App\Controllers\ControladorLogin::$session is deprecated in APPPATH\Controllers\ControladorLogin.php on line 15.
 1 SYSTEMPATH\CodeIgniter.php(914): App\Controllers\ControladorLogin->__construct()
 2 SYSTEMPATH\CodeIgniter.php(493): CodeIgniter\CodeIgniter->createController()
 3 SYSTEMPATH\CodeIgniter.php(361): CodeIgniter\CodeIgniter->handleRequest(null, Object(Config\Cache), false)
 4 FCPATH\index.php(79): CodeIgniter\CodeIgniter->run()
 5 SYSTEMPATH\Commands\Server\rewrite.php(47): require_once('C:\\Users\\IsaacLozoya\\Desktop\\Control Escolar VERSION GIT\\ControlEscolarWA-main\\public\\index.php')
INFO - 2023-11-21 03:19:16 --> Session: Class initialized using 'CodeIgniter\Session\Handlers\FileHandler' driver.
WARNING - 2023-11-21 03:19:16 --> [DEPRECATED] Creation of dynamic property App\Controllers\ControladorLogin::$session is deprecated in APPPATH\Controllers\ControladorLogin.php on line 15.
 1 SYSTEMPATH\CodeIgniter.php(914): App\Controllers\ControladorLogin->__construct()
 2 SYSTEMPATH\CodeIgniter.php(493): CodeIgniter\CodeIgniter->createController()
 3 SYSTEMPATH\CodeIgniter.php(361): CodeIgniter\CodeIgniter->handleRequest(null, Object(Config\Cache), false)
 4 FCPATH\index.php(79): CodeIgniter\CodeIgniter->run()
 5 SYSTEMPATH\Commands\Server\rewrite.php(47): require_once('C:\\Users\\IsaacLozoya\\Desktop\\Control Escolar VERSION GIT\\ControlEscolarWA-main\\public\\index.php')
